<?xml version="1.0" encoding="UTF-8"?>
<testsuites name="jest tests" tests="1300" failures="0" errors="0" time="568.11">
  <testsuite name="Contact Form Validation" errors="0" failures="0" skipped="0" timestamp="2023-03-02T19:45:32" time="61.849" tests="20">
    <testcase classname="Contact Form Validation First Name field is left blank" name="Contact Form Validation First Name field is left blank" time="1.252">
    </testcase>
    <testcase classname="Contact Form Validation First Name field is valid as long it is filled" name="Contact Form Validation First Name field is valid as long it is filled" time="0.467">
    </testcase>
    <testcase classname="Contact Form Validation Last Name field is left blank" name="Contact Form Validation Last Name field is left blank" time="0.617">
    </testcase>
    <testcase classname="Contact Form Validation Last Name field is valid as long it is filled" name="Contact Form Validation Last Name field is valid as long it is filled" time="0.461">
    </testcase>
    <testcase classname="Contact Form Validation Phone Number field is not valid" name="Contact Form Validation Phone Number field is not valid" time="0.574">
    </testcase>
    <testcase classname="Contact Form Validation Phone Number field is valid" name="Contact Form Validation Phone Number field is valid" time="0.404">
    </testcase>
    <testcase classname="Contact Form Validation Zip Code field is left blank" name="Contact Form Validation Zip Code field is left blank" time="0.321">
    </testcase>
    <testcase classname="Contact Form Validation Zip Code &quot;123A&quot; is not valid" name="Contact Form Validation Zip Code &quot;123A&quot; is not valid" time="0.48">
    </testcase>
    <testcase classname="Contact Form Validation Zip Code &quot;77494-1234&quot; is valid because it automatically parse &quot;77494&quot;" name="Contact Form Validation Zip Code &quot;77494-1234&quot; is valid because it automatically parse &quot;77494&quot;" time="0.528">
    </testcase>
    <testcase classname="Contact Form Validation Zip Code &quot;75080&quot; is valid" name="Contact Form Validation Zip Code &quot;75080&quot; is valid" time="0.43">
    </testcase>
    <testcase classname="Contact Form Validation Email field is left blank" name="Contact Form Validation Email field is left blank" time="0.392">
    </testcase>
    <testcase classname="Contact Form Validation Email field is not valid" name="Contact Form Validation Email field is not valid" time="0.939">
    </testcase>
    <testcase classname="Contact Form Validation Email field is valid" name="Contact Form Validation Email field is valid" time="0.868">
    </testcase>
    <testcase classname="Contact Form Validation Topic field is left blank" name="Contact Form Validation Topic field is left blank" time="0.498">
    </testcase>
    <testcase classname="Contact Form Validation Topic field has filled" name="Contact Form Validation Topic field has filled" time="0.36">
    </testcase>
    <testcase classname="Contact Form Validation Message field is left blank" name="Contact Form Validation Message field is left blank" time="0.43">
    </testcase>
    <testcase classname="Contact Form Validation Message is valid as long it is filled" name="Contact Form Validation Message is valid as long it is filled" time="0.353">
    </testcase>
    <testcase classname="Support Form - Submit Should expect error message when onError" name="Support Form - Submit Should expect error message when onError" time="1.686">
    </testcase>
    <testcase classname="Support Form - Submit Should expect success message when submission succeeds" name="Support Form - Submit Should expect success message when submission succeeds" time="2.021">
    </testcase>
    <testcase classname="Support Form - Submit Should expect error message when submission fails" name="Support Form - Submit Should expect error message when submission fails" time="2.375">
    </testcase>
  </testsuite>
  <testsuite name="Orders - Eclipse" errors="0" failures="0" skipped="0" timestamp="2023-03-02T19:45:32" time="62.083" tests="19">
    <testcase classname="Orders - Eclipse Should render table by default" name="Orders - Eclipse Should render table by default" time="1.776">
    </testcase>
    <testcase classname="Orders - Eclipse Should render table with empty data" name="Orders - Eclipse Should render table with empty data" time="0.751">
    </testcase>
    <testcase classname="Orders - Eclipse should show data in accending order" name="Orders - Eclipse should show data in accending order" time="1.383">
    </testcase>
    <testcase classname="Orders - Mincron Should render table by default" name="Orders - Mincron Should render table by default" time="0.549">
    </testcase>
    <testcase classname="Orders - Mincron Should render table with empty data" name="Orders - Mincron Should render table with empty data" time="0.406">
    </testcase>
    <testcase classname="Orders - Mincron should show data in accending order" name="Orders - Mincron should show data in accending order" time="0.556">
    </testcase>
    <testcase classname="Orders - Mincron should show order total in descending order" name="Orders - Mincron should show order total in descending order" time="0.449">
    </testcase>
    <testcase classname="Orders - Mincron should show order total in ascending order" name="Orders - Mincron should show order total in ascending order" time="0.826">
    </testcase>
    <testcase classname="Orders Components Search Expect 1 result when searching an order number" name="Orders Components Search Expect 1 result when searching an order number" time="0.752">
    </testcase>
    <testcase classname="Orders Components Search Expect 0 result when searching something that doesn&apos;t exists" name="Orders Components Search Expect 0 result when searching something that doesn&apos;t exists" time="0.517">
    </testcase>
    <testcase classname="Orders Components Search Expect content to be restored when resetting the Search" name="Orders Components Search Expect content to be restored when resetting the Search" time="0.691">
    </testcase>
    <testcase classname="Orders Components Search Testing filter issue in orders while changing date" name="Orders Components Search Testing filter issue in orders while changing date" time="0.54">
    </testcase>
    <testcase classname="Orders Components Search Should display same orders based on trimmed and untrimmed search terms" name="Orders Components Search Should display same orders based on trimmed and untrimmed search terms" time="1.106">
    </testcase>
    <testcase classname="Orders Components Misc Should render empty table under complete undefined conditions" name="Orders Components Misc Should render empty table under complete undefined conditions" time="0.199">
    </testcase>
    <testcase classname="Orders Components Misc Should render empty table with undefined Eclipse" name="Orders Components Misc Should render empty table with undefined Eclipse" time="0.195">
    </testcase>
    <testcase classname="Orders Components Long List Should render 10 rows in table by default on page 1" name="Orders Components Long List Should render 10 rows in table by default on page 1" time="0.568">
    </testcase>
    <testcase classname="Orders Components Long List Should render 1 row in table by default on page 2" name="Orders Components Long List Should render 1 row in table by default on page 2" time="0.461">
    </testcase>
    <testcase classname="Orders Components Long List Should set to page 1 when page param is invalid" name="Orders Components Long List Should set to page 1 when page param is invalid" time="1.192">
    </testcase>
    <testcase classname="Orders Components Long List Should have matching table and tablelayout rowcounts for page 1" name="Orders Components Long List Should have matching table and tablelayout rowcounts for page 1" time="1.506">
    </testcase>
  </testsuite>
  <testsuite name="CCPA Form - Validation" errors="0" failures="0" skipped="0" timestamp="2023-03-02T19:45:32" time="63.432" tests="20">
    <testcase classname="CCPA Form - Validation First Name field is left blank" name="CCPA Form - Validation First Name field is left blank" time="1.095">
    </testcase>
    <testcase classname="CCPA Form - Validation First Name field is valid as long it is filled" name="CCPA Form - Validation First Name field is valid as long it is filled" time="0.547">
    </testcase>
    <testcase classname="CCPA Form - Validation Last Name field is left blank" name="CCPA Form - Validation Last Name field is left blank" time="0.487">
    </testcase>
    <testcase classname="CCPA Form - Validation Last Name field is valid as long it is filled" name="CCPA Form - Validation Last Name field is valid as long it is filled" time="0.487">
    </testcase>
    <testcase classname="CCPA Form - Validation Phone Number field is not valid" name="CCPA Form - Validation Phone Number field is not valid" time="0.536">
    </testcase>
    <testcase classname="CCPA Form - Validation Phone Number field is valid" name="CCPA Form - Validation Phone Number field is valid" time="0.369">
    </testcase>
    <testcase classname="CCPA Form - Validation Zip Code field is left blank" name="CCPA Form - Validation Zip Code field is left blank" time="0.278">
    </testcase>
    <testcase classname="CCPA Form - Validation Zip Code &quot;123A&quot; is not valid" name="CCPA Form - Validation Zip Code &quot;123A&quot; is not valid" time="0.526">
    </testcase>
    <testcase classname="CCPA Form - Validation Zip Code &quot;77494-1234&quot; is valid because it automatically parse &quot;77494&quot;" name="CCPA Form - Validation Zip Code &quot;77494-1234&quot; is valid because it automatically parse &quot;77494&quot;" time="0.439">
    </testcase>
    <testcase classname="CCPA Form - Validation Zip Code &quot;75080&quot; is valid" name="CCPA Form - Validation Zip Code &quot;75080&quot; is valid" time="0.379">
    </testcase>
    <testcase classname="CCPA Form - Validation Email field is left blank" name="CCPA Form - Validation Email field is left blank" time="0.364">
    </testcase>
    <testcase classname="CCPA Form - Validation Email field is not valid" name="CCPA Form - Validation Email field is not valid" time="0.457">
    </testcase>
    <testcase classname="CCPA Form - Validation Email field is valid" name="CCPA Form - Validation Email field is valid" time="0.327">
    </testcase>
    <testcase classname="CCPA Form - Validation Topic field is left blank" name="CCPA Form - Validation Topic field is left blank" time="0.266">
    </testcase>
    <testcase classname="CCPA Form - Validation Topic field has filled" name="CCPA Form - Validation Topic field has filled" time="0.462">
    </testcase>
    <testcase classname="CCPA Form - Validation Message field is left blank" name="CCPA Form - Validation Message field is left blank" time="0.485">
    </testcase>
    <testcase classname="CCPA Form - Validation Message is valid as long it is filled" name="CCPA Form - Validation Message is valid as long it is filled" time="0.474">
    </testcase>
    <testcase classname="CCPA Form - Submit Should expect error message when onError" name="CCPA Form - Submit Should expect error message when onError" time="2.776">
    </testcase>
    <testcase classname="CCPA Form - Submit Should expect success message rendered when submission succeeds" name="CCPA Form - Submit Should expect success message rendered when submission succeeds" time="2.975">
    </testcase>
    <testcase classname="CCPA Form - Submit Should expect error message when submission fails" name="CCPA Form - Submit Should expect error message when submission fails" time="2.823">
    </testcase>
  </testsuite>
  <testsuite name="Lists tests" errors="0" failures="0" skipped="7" timestamp="2023-03-02T19:45:32" time="70.723" tests="18">
    <testcase classname="Lists tests Should show empty state" name="Lists tests Should show empty state" time="0.744">
    </testcase>
    <testcase classname="Lists tests Should handle if the queryParams does not match a list" name="Lists tests Should handle if the queryParams does not match a list" time="1.728">
    </testcase>
    <testcase classname="Lists tests Clicking delete list should bring up list dialog and clicking close button should close it" name="Lists tests Clicking delete list should bring up list dialog and clicking close button should close it" time="2.242">
    </testcase>
    <testcase classname="Lists tests Clicking delete list should bring up list dialog and clicking cancel button should close it" name="Lists tests Clicking delete list should bring up list dialog and clicking cancel button should close it" time="1.747">
    </testcase>
    <testcase classname="Lists tests Clicking delete list should bring up list dialog and clicking yes should delete it" name="Lists tests Clicking delete list should bring up list dialog and clicking yes should delete it" time="3.231">
    </testcase>
    <testcase classname="Lists tests Should call the CartProvider with the correct listId when add to cart is pressed" name="Lists tests Should call the CartProvider with the correct listId when add to cart is pressed" time="2.4">
    </testcase>
    <testcase classname="Lists tests Should display product id" name="Lists tests Should display product id" time="1.866">
    </testcase>
    <testcase classname="Lists tests should fire the setBranchSelectOpen when findAtOtherBranches is clicked" name="Lists tests should fire the setBranchSelectOpen when findAtOtherBranches is clicked" time="0.873">
    </testcase>
    <testcase classname="Lists tests Should display check nearby branches button" name="Lists tests Should display check nearby branches button" time="1.699">
    </testcase>
    <testcase classname="Lists tests Should display the current branch details" name="Lists tests Should display the current branch details" time="0">
      <skipped/>
    </testcase>
    <testcase classname="Lists tests Should call the addItemToCart when add to cart is clicked" name="Lists tests Should call the addItemToCart when add to cart is clicked" time="0.794">
    </testcase>
    <testcase classname="Lists tests Should display product Image" name="Lists tests Should display product Image" time="1.237">
    </testcase>
    <testcase classname="Lists tests cancel and close buttons should close the drawer on click" name="Lists tests cancel and close buttons should close the drawer on click" time="0">
      <skipped/>
    </testcase>
    <testcase classname="Lists tests change button should change list and close drawer on click" name="Lists tests change button should change list and close drawer on click" time="0">
      <skipped/>
    </testcase>
    <testcase classname="Lists tests add button should add to list and close drawer on click" name="Lists tests add button should add to list and close drawer on click" time="0">
      <skipped/>
    </testcase>
    <testcase classname="Lists tests add item textbox enter should create new list, add item to it and close drawer on click" name="Lists tests add item textbox enter should create new list, add item to it and close drawer on click" time="0">
      <skipped/>
    </testcase>
    <testcase classname="Lists tests create list button should create list and close drawer on click" name="Lists tests create list button should create list and close drawer on click" time="0">
      <skipped/>
    </testcase>
    <testcase classname="Lists tests upload list button should upload list and close drawer on click" name="Lists tests upload list button should upload list and close drawer on click" time="0">
      <skipped/>
    </testcase>
  </testsuite>
  <testsuite name="User management tests" errors="0" failures="0" skipped="0" timestamp="2023-03-02T19:46:36" time="13.56" tests="13">
    <testcase classname="User management tests User Management render matches the snapshot" name="User management tests User Management render matches the snapshot" time="0.423">
    </testcase>
    <testcase classname="User management tests &quot;User Management - Waiting for Approval&quot; data is displayed correctly" name="User management tests &quot;User Management - Waiting for Approval&quot; data is displayed correctly" time="0.392">
    </testcase>
    <testcase classname="User management tests &quot;User Management - Approved&quot; data is displayed correctly" name="User management tests &quot;User Management - Approved&quot; data is displayed correctly" time="0.568">
    </testcase>
    <testcase classname="User management tests &quot;User Management - Rejected&quot; data is displayed correctly" name="User management tests &quot;User Management - Rejected&quot; data is displayed correctly" time="0.448">
    </testcase>
    <testcase classname="User management tests Sort first name in ascending order on the &quot;Rejected&quot; table" name="User management tests Sort first name in ascending order on the &quot;Rejected&quot; table" time="0.517">
    </testcase>
    <testcase classname="User management tests Sort first name in descending order on the &quot;Rejected&quot; table" name="User management tests Sort first name in descending order on the &quot;Rejected&quot; table" time="0.571">
    </testcase>
    <testcase classname="User management tests Sort last name in ascending order on the &quot;Rejected&quot; table" name="User management tests Sort last name in ascending order on the &quot;Rejected&quot; table" time="0.465">
    </testcase>
    <testcase classname="User management tests Sort last name in descending order on the &quot;Rejected&quot; table" name="User management tests Sort last name in descending order on the &quot;Rejected&quot; table" time="0.519">
    </testcase>
    <testcase classname="User management tests show the Approved table sorted by Role in ascending order" name="User management tests show the Approved table sorted by Role in ascending order" time="0.352">
    </testcase>
    <testcase classname="User management tests show the Approved table sorted by Role in descending order" name="User management tests show the Approved table sorted by Role in descending order" time="0.409">
    </testcase>
    <testcase classname="User management tests User Management render when account not found error in response for employee" name="User management tests User Management render when account not found error in response for employee" time="0.03">
    </testcase>
    <testcase classname="User management tests User Management render when other error in response for employee" name="User management tests User Management render when other error in response for employee" time="0.028">
    </testcase>
    <testcase classname="User management tests User Management render when found an error in response for non employee" name="User management tests User Management render when found an error in response for non employee" time="0.094">
    </testcase>
  </testsuite>
  <testsuite name="Cart" errors="0" failures="0" skipped="0" timestamp="2023-03-02T19:46:35" time="24.424" tests="17">
    <testcase classname="Cart Cart should show as loading" name="Cart Cart should show as loading" time="0.089">
    </testcase>
    <testcase classname="Cart Cart should show as loading with valid cart" name="Cart Cart should show as loading with valid cart" time="1.243">
    </testcase>
    <testcase classname="Cart Should match snapshot with valid cart on desktop" name="Cart Should match snapshot with valid cart on desktop" time="0.673">
    </testcase>
    <testcase classname="Cart Should match snapshot with valid cart on mobile" name="Cart Should match snapshot with valid cart on mobile" time="0.753">
    </testcase>
    <testcase classname="Cart Should match snapshot with valid cart and contract on desktop" name="Cart Should match snapshot with valid cart and contract on desktop" time="1.792">
    </testcase>
    <testcase classname="Cart Should match snapshot with valid cart and contract on desktop but no contract description" name="Cart Should match snapshot with valid cart and contract on desktop but no contract description" time="0.597">
    </testcase>
    <testcase classname="Cart Should match snapshot with valid cart and contract on mobile" name="Cart Should match snapshot with valid cart and contract on mobile" time="0.55">
    </testcase>
    <testcase classname="Cart Should match snapshot with valid cart and contract but jobName and contractNumber are null" name="Cart Should match snapshot with valid cart and contract but jobName and contractNumber are null" time="0.553">
    </testcase>
    <testcase classname="Cart Click &quot;Proceed to Checkout&quot; button in order summary" name="Cart Click &quot;Proceed to Checkout&quot; button in order summary" time="1.575">
    </testcase>
    <testcase classname="Cart Click &quot;Proceed to Checkout&quot; button with contract" name="Cart Click &quot;Proceed to Checkout&quot; button with contract" time="0.727">
    </testcase>
    <testcase classname="Cart Expect dialog when account is on hold" name="Cart Expect dialog when account is on hold" time="1.414">
    </testcase>
    <testcase classname="Cart Expect dialog when items were removed" name="Cart Expect dialog when items were removed" time="1.023">
    </testcase>
    <testcase classname="Cart Cleared cart for eclipse should show loader" name="Cart Cleared cart for eclipse should show loader" time="0.065">
    </testcase>
    <testcase classname="Cart Warning Should be visible with Subtotal above 10 Million and on mincron account" name="Cart Warning Should be visible with Subtotal above 10 Million and on mincron account" time="1.252">
    </testcase>
    <testcase classname="Cart Warning Should not be visible with Subtotal below 10 Million and on mincron account" name="Cart Warning Should not be visible with Subtotal below 10 Million and on mincron account" time="0.564">
    </testcase>
    <testcase classname="Cart Expect &quot;remove all from cart&quot; to be hidden on a blank Mincron cart" name="Cart Expect &quot;remove all from cart&quot; to be hidden on a blank Mincron cart" time="0.031">
    </testcase>
    <testcase classname="Cart should test &quot;remove all from cart&quot;" name="Cart should test &quot;remove all from cart&quot;" time="0.62">
    </testcase>
  </testsuite>
  <testsuite name="Checkout - Confirmation" errors="0" failures="0" skipped="0" timestamp="2023-03-02T19:46:50" time="11.042" tests="14">
    <testcase classname="Checkout - Confirmation should match snapshot on desktop" name="Checkout - Confirmation should match snapshot on desktop" time="0.209">
    </testcase>
    <testcase classname="Checkout - Confirmation should match snapshot on mobile" name="Checkout - Confirmation should match snapshot on mobile" time="0.11">
    </testcase>
    <testcase classname="Checkout - Confirmation should match snapshot on desktop with orderData" name="Checkout - Confirmation should match snapshot on desktop with orderData" time="0.082">
    </testcase>
    <testcase classname="Checkout - Confirmation should match snapshot on desktop with orderData, contract, and cart" name="Checkout - Confirmation should match snapshot on desktop with orderData, contract, and cart" time="0.535">
    </testcase>
    <testcase classname="Checkout - Confirmation should match snapshot on desktop with orderData and contract" name="Checkout - Confirmation should match snapshot on desktop with orderData and contract" time="0.083">
    </testcase>
    <testcase classname="Checkout - Confirmation should match snapshot on desktop with orderData and contract but some parameters are invalid" name="Checkout - Confirmation should match snapshot on desktop with orderData and contract but some parameters are invalid" time="0.079">
    </testcase>
    <testcase classname="Checkout - Confirmation should match snapshot on desktop with orderData, contract, and deliveryMethodObject" name="Checkout - Confirmation should match snapshot on desktop with orderData, contract, and deliveryMethodObject" time="0.078">
    </testcase>
    <testcase classname="Checkout - Confirmation should match snapshot on desktop with orderData, contract, and deliveryMethodObject (not asap)" name="Checkout - Confirmation should match snapshot on desktop with orderData, contract, and deliveryMethodObject (not asap)" time="0.092">
    </testcase>
    <testcase classname="Checkout - Confirmation expect to call history.push when &quot;checkout-top-button&quot; is clicked" name="Checkout - Confirmation expect to call history.push when &quot;checkout-top-button&quot; is clicked" time="0.072">
    </testcase>
    <testcase classname="Checkout - Confirmation expect to call history.push when &quot;additional-cta-button&quot; is clicked" name="Checkout - Confirmation expect to call history.push when &quot;additional-cta-button&quot; is clicked" time="0.084">
    </testcase>
    <testcase classname="Checkout - Confirmation should not show the back ordered warning in desktop" name="Checkout - Confirmation should not show the back ordered warning in desktop" time="0.115">
    </testcase>
    <testcase classname="Checkout - Confirmation should show the back ordered warning in desktop" name="Checkout - Confirmation should show the back ordered warning in desktop" time="0.132">
    </testcase>
    <testcase classname="Checkout - Confirmation should not show the back ordered warning in mobile" name="Checkout - Confirmation should not show the back ordered warning in mobile" time="0.226">
    </testcase>
    <testcase classname="Checkout - Confirmation should show the back ordered warning in mobile" name="Checkout - Confirmation should show the back ordered warning in mobile" time="0.15">
    </testcase>
  </testsuite>
  <testsuite name="JobForm" errors="0" failures="0" skipped="0" timestamp="2023-03-02T19:46:35" time="36.464" tests="16">
    <testcase classname="JobForm Should render page" name="JobForm Should render page" time="0.232">
    </testcase>
    <testcase classname="JobForm Should render JobFormLink" name="JobForm Should render JobFormLink" time="0.055">
    </testcase>
    <testcase classname="JobForm Should render JobFormCard" name="JobForm Should render JobFormCard" time="1.053">
    </testcase>
    <testcase classname="JobForm - JobFormCard - Step 1 Should render Step 1" name="JobForm - JobFormCard - Step 1 Should render Step 1" time="0.504">
    </testcase>
    <testcase classname="JobForm - JobFormCard - Step 1 (Employee) Should render employee inputs" name="JobForm - JobFormCard - Step 1 (Employee) Should render employee inputs" time="0.479">
    </testcase>
    <testcase classname="JobForm - JobFormCard - Step 1 (Customer) Should render customer inputs" name="JobForm - JobFormCard - Step 1 (Customer) Should render customer inputs" time="1.323">
    </testcase>
    <testcase classname="JobForm - JobFormCard - Step 1 Should not allow progress if fields are empty" name="JobForm - JobFormCard - Step 1 Should not allow progress if fields are empty" time="0.926">
    </testcase>
    <testcase classname="JobForm - JobFormCard - Step 1 Should allow customer lookup - error" name="JobForm - JobFormCard - Step 1 Should allow customer lookup - error" time="0.471">
    </testcase>
    <testcase classname="JobForm - JobFormCard - Step 1 Should render project file input when tax exempt" name="JobForm - JobFormCard - Step 1 Should render project file input when tax exempt" time="1.127">
    </testcase>
    <testcase classname="JobForm - JobFormCard - Step 1 Should allow progress when required fields are filled" name="JobForm - JobFormCard - Step 1 Should allow progress when required fields are filled" time="2.895">
    </testcase>
    <testcase classname="JobForm - JobFormCard - Step 2 Should not allow progress if fields are empty" name="JobForm - JobFormCard - Step 2 Should not allow progress if fields are empty" time="1.731">
    </testcase>
    <testcase classname="JobForm - JobFormCard - Step 2 Should allow the user to go back" name="JobForm - JobFormCard - Step 2 Should allow the user to go back" time="2.427">
    </testcase>
    <testcase classname="JobForm - JobFormCard - Step 2 Should allow progress if required fields are filled" name="JobForm - JobFormCard - Step 2 Should allow progress if required fields are filled" time="3.295">
    </testcase>
    <testcase classname="JobForm - JobFormCard - Step 3 Should not allow submission if fields are empty" name="JobForm - JobFormCard - Step 3 Should not allow submission if fields are empty" time="2.369">
    </testcase>
    <testcase classname="JobForm - JobFormCard - Step 3 Should allow the user to go back" name="JobForm - JobFormCard - Step 3 Should allow the user to go back" time="3.06">
    </testcase>
    <testcase classname="JobForm - JobFormCard - Step 3 Should allow submission if fields are filled" name="JobForm - JobFormCard - Step 3 Should allow submission if fields are filled" time="3.51">
    </testcase>
  </testsuite>
  <testsuite name="Invoices List" errors="0" failures="0" skipped="0" timestamp="2023-03-02T19:46:43" time="30.353" tests="12">
    <testcase classname="Invoices List Should show loading and load correctly on desktop in Eclipse" name="Invoices List Should show loading and load correctly on desktop in Eclipse" time="3.542">
    </testcase>
    <testcase classname="Invoices List Should show loading and load correctly on mobile in Eclipse" name="Invoices List Should show loading and load correctly on mobile in Eclipse" time="4.691">
    </testcase>
    <testcase classname="Invoices List Should render on desktop in Mincron" name="Invoices List Should render on desktop in Mincron" time="0.579">
    </testcase>
    <testcase classname="Invoices List Should render on mobile in Mincron" name="Invoices List Should render on mobile in Mincron" time="2.584">
    </testcase>
    <testcase classname="Invoices List Should filter based on open status in Mincron" name="Invoices List Should filter based on open status in Mincron" time="0.905">
    </testcase>
    <testcase classname="Invoices List Should filter based on closed status in Mincron" name="Invoices List Should filter based on closed status in Mincron" time="2.17">
    </testcase>
    <testcase classname="Invoices List Search filter should filter invoices based on Job Name" name="Invoices List Search filter should filter invoices based on Job Name" time="1.192">
    </testcase>
    <testcase classname="Invoices List Date filter should filter invoices based on date range on Eclipse" name="Invoices List Date filter should filter invoices based on date range on Eclipse" time="1.046">
    </testcase>
    <testcase classname="Invoices List Date filter should filter invoices based on date range on Mincron" name="Invoices List Date filter should filter invoices based on date range on Mincron" time="1.873">
    </testcase>
    <testcase classname="Invoices List Search input should show eclipse specific placeholder" name="Invoices List Search input should show eclipse specific placeholder" time="0.592">
    </testcase>
    <testcase classname="Invoices List Search input should show mincron specific placeholder" name="Invoices List Search input should show mincron specific placeholder" time="1.167">
    </testcase>
    <testcase classname="Invoices List Should show nothing when shipTo and erpSystemName are undefined" name="Invoices List Should show nothing when shipTo and erpSystemName are undefined" time="1.611">
    </testcase>
  </testsuite>
  <testsuite name="Contract Details - Product List" errors="0" failures="0" skipped="0" timestamp="2023-03-02T19:46:59" time="17.295" tests="10">
    <testcase classname="Contract Details - Product List Snapshot match" name="Contract Details - Product List Snapshot match" time="0.89">
    </testcase>
    <testcase classname="Contract Details - Product List Snapshot match for empty list" name="Contract Details - Product List Snapshot match for empty list" time="0.093">
    </testcase>
    <testcase classname="Contract Details - Product List Search input and buttons test" name="Contract Details - Product List Search input and buttons test" time="0.982">
    </testcase>
    <testcase classname="Contract Details - Product List Search &quot;a&quot; test" name="Contract Details - Product List Search &quot;a&quot; test" time="1.112">
    </testcase>
    <testcase classname="Contract Details - Product List Search &quot;6&quot; as sequence number test" name="Contract Details - Product List Search &quot;6&quot; as sequence number test" time="0.93">
    </testcase>
    <testcase classname="Contract Details - Product List Search &quot;404&quot; as no result test" name="Contract Details - Product List Search &quot;404&quot; as no result test" time="0.878">
    </testcase>
    <testcase classname="Contract Details - Product List Search with excessive amount of spaces test" name="Contract Details - Product List Search with excessive amount of spaces test" time="1.845">
    </testcase>
    <testcase classname="Contract Details - Product List Line item qty input and clear qty button test" name="Contract Details - Product List Line item qty input and clear qty button test" time="0.56">
    </testcase>
    <testcase classname="Contract Details - Product List Line item qty input and release all button test" name="Contract Details - Product List Line item qty input and release all button test" time="0.518">
    </testcase>
    <testcase classname="Contract Details - Product List Line item qty input and release all button test when it is over 10Mil" name="Contract Details - Product List Line item qty input and release all button test when it is over 10Mil" time="0.525">
    </testcase>
  </testsuite>
  <testsuite name="Checkout" errors="0" failures="0" skipped="0" timestamp="2023-03-02T19:47:01" time="16.948" tests="20">
    <testcase classname="Checkout Expect to Redirect as mocked component when there is no cart data" name="Checkout Expect to Redirect as mocked component when there is no cart data" time="0.083">
    </testcase>
    <testcase classname="Checkout Expect to Redirect as mocked component when account is on creditHold at step 0" name="Checkout Expect to Redirect as mocked component when account is on creditHold at step 0" time="0.037">
    </testcase>
    <testcase classname="Checkout Expect Loader to be rendered with cart data and checking out with quote" name="Checkout Expect Loader to be rendered with cart data and checking out with quote" time="0.039">
    </testcase>
    <testcase classname="Checkout Expect Loader to be rendered with no cart data and tempCartItems but with orderedCart" name="Checkout Expect Loader to be rendered with no cart data and tempCartItems but with orderedCart" time="0.027">
    </testcase>
    <testcase classname="Checkout Should match snapshot with basic cart on desktop" name="Checkout Should match snapshot with basic cart on desktop" time="0.717">
    </testcase>
    <testcase classname="Checkout Should match snapshot with basic cart on mobile" name="Checkout Should match snapshot with basic cart on mobile" time="0.403">
    </testcase>
    <testcase classname="Checkout Should match snapshot when cart is loading" name="Checkout Should match snapshot when cart is loading" time="0.225">
    </testcase>
    <testcase classname="Checkout Should match snapshot with cart and contract on desktop" name="Checkout Should match snapshot with cart and contract on desktop" time="0.247">
    </testcase>
    <testcase classname="Checkout Should match snapshot with cart and contract on mobile" name="Checkout Should match snapshot with cart and contract on mobile" time="0.285">
    </testcase>
    <testcase classname="Checkout Should match snapshot with cart and orderedContract on desktop" name="Checkout Should match snapshot with cart and orderedContract on desktop" time="0.197">
    </testcase>
    <testcase classname="Checkout Should match snapshot with cart and orderedContract on mobile" name="Checkout Should match snapshot with cart and orderedContract on mobile" time="0.24">
    </testcase>
    <testcase classname="Checkout Should match snapshot with cart and orderedContract, but contract has missing info" name="Checkout Should match snapshot with cart and orderedContract, but contract has missing info" time="0.191">
    </testcase>
    <testcase classname="Checkout Should match snapshot on the PAYMENT step" name="Checkout Should match snapshot on the PAYMENT step" time="0.178">
    </testcase>
    <testcase classname="Checkout Should match snapshot on the REVIEW step" name="Checkout Should match snapshot on the REVIEW step" time="0.612">
    </testcase>
    <testcase classname="Checkout Should match snapshot on the CONFIRMATION step" name="Checkout Should match snapshot on the CONFIRMATION step" time="0.24">
    </testcase>
    <testcase classname="Checkout Should match snapshot on the PAYMENT step with contract" name="Checkout Should match snapshot on the PAYMENT step with contract" time="0.117">
    </testcase>
    <testcase classname="Checkout Should match snapshot on the REVIEW step with contract" name="Checkout Should match snapshot on the REVIEW step with contract" time="3.751">
    </testcase>
    <testcase classname="Checkout Should match snapshot on the CONFIRMATION step with contract" name="Checkout Should match snapshot on the CONFIRMATION step with contract" time="0.119">
    </testcase>
    <testcase classname="Checkout Should match snapshot with with shipping branch" name="Checkout Should match snapshot with with shipping branch" time="0.251">
    </testcase>
    <testcase classname="Checkout Should match snapshot on the PAYMENT step for mincron" name="Checkout Should match snapshot on the PAYMENT step for mincron" time="0.107">
    </testcase>
  </testsuite>
  <testsuite name="OrderSummary tests" errors="0" failures="0" skipped="0" timestamp="2023-03-02T19:47:14" time="7.982" tests="16">
    <testcase classname="OrderSummary tests should not show the Component when there is no cart" name="OrderSummary tests should not show the Component when there is no cart" time="0.06">
    </testcase>
    <testcase classname="OrderSummary tests should show the Skeleton when loading" name="OrderSummary tests should show the Skeleton when loading" time="0.068">
    </testcase>
    <testcase classname="OrderSummary tests should match snapshot when loading" name="OrderSummary tests should match snapshot when loading" time="0.082">
    </testcase>
    <testcase classname="OrderSummary tests should match snapshot when loading with additionalCTAText" name="OrderSummary tests should match snapshot when loading with additionalCTAText" time="0.144">
    </testcase>
    <testcase classname="OrderSummary tests should show the Component when there is a cart and not loading" name="OrderSummary tests should show the Component when there is a cart and not loading" time="0.238">
    </testcase>
    <testcase classname="OrderSummary tests should match snapshot with approve data" name="OrderSummary tests should match snapshot with approve data" time="0.22">
    </testcase>
    <testcase classname="OrderSummary tests should match snapshot with approve data on mobile" name="OrderSummary tests should match snapshot with approve data on mobile" time="0.196">
    </testcase>
    <testcase classname="OrderSummary tests should match snapshot with approve data and tax" name="OrderSummary tests should match snapshot with approve data and tax" time="0.056">
    </testcase>
    <testcase classname="OrderSummary tests should match snapshot with only tax" name="OrderSummary tests should match snapshot with only tax" time="0.048">
    </testcase>
    <testcase classname="OrderSummary tests should match &quot;free&quot; as &quot;confirmation&quot; page with no products" name="OrderSummary tests should match &quot;free&quot; as &quot;confirmation&quot; page with no products" time="0.023">
    </testcase>
    <testcase classname="OrderSummary tests should match &quot;—&quot; with no products" name="OrderSummary tests should match &quot;—&quot; with no products" time="0.027">
    </testcase>
    <testcase classname="OrderSummary tests should match snapshot as employee" name="OrderSummary tests should match snapshot as employee" time="0.042">
    </testcase>
    <testcase classname="OrderSummary tests should expect cta button is called when clicking" name="OrderSummary tests should expect cta button is called when clicking" time="0.033">
    </testcase>
    <testcase classname="OrderSummary tests should disable approve button when approve loading is true" name="OrderSummary tests should disable approve button when approve loading is true" time="0.032">
    </testcase>
    <testcase classname="OrderSummary tests Should match snapshot for shipTo account hold" name="OrderSummary tests Should match snapshot for shipTo account hold" time="0.034">
    </testcase>
    <testcase classname="OrderSummary tests should match snapshot when cart subtotal is over 10M on Waterworks" name="OrderSummary tests should match snapshot when cart subtotal is over 10M on Waterworks" time="0.028">
    </testcase>
  </testsuite>
  <testsuite name="SelectAccounts - SelectAccountsForm" errors="0" failures="0" skipped="0" timestamp="2023-03-02T19:47:11" time="10.967" tests="13">
    <testcase classname="SelectAccounts - SelectAccountsForm Should render form" name="SelectAccounts - SelectAccountsForm Should render form" time="0.284">
    </testcase>
    <testcase classname="SelectAccounts - SelectAccountsForm Expect refreshed components to be rendered after clicking refresh ship-to" name="SelectAccounts - SelectAccountsForm Expect refreshed components to be rendered after clicking refresh ship-to" time="0.213">
    </testcase>
    <testcase classname="SelectAccounts - SelectAccountsForm Expect no change of ship-to accounts upon reload" name="SelectAccounts - SelectAccountsForm Expect no change of ship-to accounts upon reload" time="0.303">
    </testcase>
    <testcase classname="SelectAccounts - SelectAccountsForm Expect make default check to be triggered and checked" name="SelectAccounts - SelectAccountsForm Expect make default check to be triggered and checked" time="0.112">
    </testcase>
    <testcase classname="SelectAccounts - SelectAccountsForm Expect to render default selected accounts" name="SelectAccounts - SelectAccountsForm Expect to render default selected accounts" time="0.161">
    </testcase>
    <testcase classname="SelectAccounts - SelectAccountsForm Expect to render default selected accounts with no ship-tos" name="SelectAccounts - SelectAccountsForm Expect to render default selected accounts with no ship-tos" time="0.152">
    </testcase>
    <testcase classname="SelectAccounts - SelectAccountsForm Expect to render blanks when ship-to names are null" name="SelectAccounts - SelectAccountsForm Expect to render blanks when ship-to names are null" time="0.137">
    </testcase>
    <testcase classname="SelectAccounts - SelectAccountsForm Expect to render new value when changing the ship-to and bill-to accounts" name="SelectAccounts - SelectAccountsForm Expect to render new value when changing the ship-to and bill-to accounts" time="0.14">
    </testcase>
    <testcase classname="SelectAccounts - SelectAccountsForm Expect the bill-to input to update value onChange" name="SelectAccounts - SelectAccountsForm Expect the bill-to input to update value onChange" time="0.848">
    </testcase>
    <testcase classname="SelectAccounts - SelectAccountsForm Expect the ship-to input to update value onChange" name="SelectAccounts - SelectAccountsForm Expect the ship-to input to update value onChange" time="0.77">
    </testcase>
    <testcase classname="SelectAccounts - SelectAccountsForm Expect clicking on the submit button to call getUserCart when cart is valid" name="SelectAccounts - SelectAccountsForm Expect clicking on the submit button to call getUserCart when cart is valid" time="0.161">
    </testcase>
    <testcase classname="SelectAccounts - SelectAccountsForm Expect clicking on the submit button to throw error" name="SelectAccounts - SelectAccountsForm Expect clicking on the submit button to throw error" time="0.164">
    </testcase>
    <testcase classname="SelectAccounts - SelectAccountsForm Expect submit to call setDefaultAccountId when default is checked" name="SelectAccounts - SelectAccountsForm Expect submit to call setDefaultAccountId when default is checked" time="0.162">
    </testcase>
  </testsuite>
  <testsuite name="common - Header - util - navData" errors="0" failures="0" skipped="0" timestamp="2023-03-02T19:47:19" time="12.421" tests="27">
    <testcase classname="common - Header - util - navData expect maX contracts condition to be false" name="common - Header - util - navData expect maX contracts condition to be false" time="0.002">
    </testcase>
    <testcase classname="common - Header - util - navData expect maX contracts condition to be true" name="common - Header - util - navData expect maX contracts condition to be true" time="0.002">
    </testcase>
    <testcase classname="common - Header - util - navData expect maX orders condition to be true" name="common - Header - util - navData expect maX orders condition to be true" time="0.001">
    </testcase>
    <testcase classname="common - Header - util - navData expect maX PPP condition to be false" name="common - Header - util - navData expect maX PPP condition to be false" time="0.001">
    </testcase>
    <testcase classname="common - Header - util - navData expect maX PPP condition to be true" name="common - Header - util - navData expect maX PPP condition to be true" time="0.001">
    </testcase>
    <testcase classname="common - Header - util - navData expect maX Invoices condition to be false" name="common - Header - util - navData expect maX Invoices condition to be false" time="0">
    </testcase>
    <testcase classname="common - Header - util - navData expect maX Invoices condition to be true" name="common - Header - util - navData expect maX Invoices condition to be true" time="0">
    </testcase>
    <testcase classname="common - Header - util - navData expect maX Purchase Approvals condition to be false" name="common - Header - util - navData expect maX Purchase Approvals condition to be false" time="0.001">
    </testcase>
    <testcase classname="common - Header - util - navData expect maX Purchase Approvals condition to be true" name="common - Header - util - navData expect maX Purchase Approvals condition to be true" time="0">
    </testcase>
    <testcase classname="common - Header - util - navData expect maX Quotes condition to be false" name="common - Header - util - navData expect maX Quotes condition to be false" time="0.002">
    </testcase>
    <testcase classname="common - Header - util - navData expect maX Quotes condition to be true" name="common - Header - util - navData expect maX Quotes condition to be true" time="0">
    </testcase>
    <testcase classname="common - Header - util - navData expect maX Lists condition to be false" name="common - Header - util - navData expect maX Lists condition to be false" time="0">
    </testcase>
    <testcase classname="common - Header - util - navData expect maX Lists condition to be true" name="common - Header - util - navData expect maX Lists condition to be true" time="0">
    </testcase>
    <testcase classname="common - Header - util - navData expect maX Features condition to be false" name="common - Header - util - navData expect maX Features condition to be false" time="0.001">
    </testcase>
    <testcase classname="common - Header - util - navData expect maX Features condition to be true" name="common - Header - util - navData expect maX Features condition to be true" time="0">
    </testcase>
    <testcase classname="common - Header - util - navData expect Profile Customer Approval condition to be false" name="common - Header - util - navData expect Profile Customer Approval condition to be false" time="0.009">
    </testcase>
    <testcase classname="common - Header - util - navData expect Profile Customer Approval condition to be true" name="common - Header - util - navData expect Profile Customer Approval condition to be true" time="0">
    </testcase>
    <testcase classname="common - Header - util - navData expect Profile User Management condition to be false" name="common - Header - util - navData expect Profile User Management condition to be false" time="0.001">
    </testcase>
    <testcase classname="common - Header - util - navData expect Profile User Management condition to be true" name="common - Header - util - navData expect Profile User Management condition to be true" time="0.001">
    </testcase>
    <testcase classname="common - Header - util - navData expect Profile Account Info condition to be false" name="common - Header - util - navData expect Profile Account Info condition to be false" time="0.001">
    </testcase>
    <testcase classname="common - Header - util - navData expect Profile Account Info condition to be true" name="common - Header - util - navData expect Profile Account Info condition to be true" time="0">
    </testcase>
    <testcase classname="common - Header - util - navData expect Profile Payment Info condition to be false" name="common - Header - util - navData expect Profile Payment Info condition to be false" time="0.001">
    </testcase>
    <testcase classname="common - Header - util - navData expect Profile Payment Info condition to be true" name="common - Header - util - navData expect Profile Payment Info condition to be true" time="0.001">
    </testcase>
    <testcase classname="common - Header - util - navData expect Resources Credit Forms condition to be true" name="common - Header - util - navData expect Resources Credit Forms condition to be true" time="0.001">
    </testcase>
    <testcase classname="common - Header - util - navData expect Resources Job Form condition to be true" name="common - Header - util - navData expect Resources Job Form condition to be true" time="0">
    </testcase>
    <testcase classname="common - Header - util - navData expect Resources About condition to be true" name="common - Header - util - navData expect Resources About condition to be true" time="0.001">
    </testcase>
    <testcase classname="common - Header - util - navData expect Resources Works For You condition to be true" name="common - Header - util - navData expect Resources Works For You condition to be true" time="0">
    </testcase>
  </testsuite>
  <testsuite name="Register - Matching snapshots" errors="0" failures="0" skipped="0" timestamp="2023-03-02T19:47:17" time="17.012" tests="15">
    <testcase classname="Register - Matching snapshots &quot;index&quot; should display correctly" name="Register - Matching snapshots &quot;index&quot; should display correctly" time="0.123">
    </testcase>
    <testcase classname="Register - Matching snapshots &quot;email verify&quot; should display correctly" name="Register - Matching snapshots &quot;email verify&quot; should display correctly" time="0.152">
    </testcase>
    <testcase classname="Register - Matching snapshots &quot;create password&quot; should display correctly" name="Register - Matching snapshots &quot;create password&quot; should display correctly" time="0.324">
    </testcase>
    <testcase classname="Register - Contact Information Verify errors on clicking continue when the form is empty" name="Register - Contact Information Verify errors on clicking continue when the form is empty" time="0.98">
    </testcase>
    <testcase classname="Register - Contact Information Verify first name and last name to accept alphanumeric" name="Register - Contact Information Verify first name and last name to accept alphanumeric" time="1.672">
    </testcase>
    <testcase classname="Register - Contact Information Verify errors when Phone Number less than 10 digits" name="Register - Contact Information Verify errors when Phone Number less than 10 digits" time="1.676">
    </testcase>
    <testcase classname="Register - Contact Information Verify errors when email has invalid value" name="Register - Contact Information Verify errors when email has invalid value" time="1.92">
    </testcase>
    <testcase classname="Register - Create  Password Verify error message when password is blank" name="Register - Create  Password Verify error message when password is blank" time="0.199">
    </testcase>
    <testcase classname="Register - Create  Password Verify error message when password is less than 8 characters" name="Register - Create  Password Verify error message when password is less than 8 characters" time="0.187">
    </testcase>
    <testcase classname="Register - Create  Password Verify error message when password has no upper case characters" name="Register - Create  Password Verify error message when password has no upper case characters" time="0.214">
    </testcase>
    <testcase classname="Register - Create  Password Verify error message when password has only characters and no numbers" name="Register - Create  Password Verify error message when password has only characters and no numbers" time="1.013">
    </testcase>
    <testcase classname="Register - Create  Password Verify no errors when correct and strong password is used" name="Register - Create  Password Verify no errors when correct and strong password is used" time="0.409">
    </testcase>
    <testcase classname="Register - Create  Password Verify error messages when a password contains Test keyword" name="Register - Create  Password Verify error messages when a password contains Test keyword" time="0.172">
    </testcase>
    <testcase classname="Register - Create  Password Verify no errors when a password contains dev keyword" name="Register - Create  Password Verify no errors when a password contains dev keyword" time="0.234">
    </testcase>
    <testcase classname="Register - Create  Password Verify error message when terms of sale or privacy policy is not checked" name="Register - Create  Password Verify error message when terms of sale or privacy policy is not checked" time="0.21">
    </testcase>
  </testsuite>
  <testsuite name="common - Header - SwitchAccounts" errors="0" failures="0" skipped="0" timestamp="2023-03-02T19:47:22" time="11.796" tests="13">
    <testcase classname="common - Header - SwitchAccounts expect to match snapshot on desktop as logged out user" name="common - Header - SwitchAccounts expect to match snapshot on desktop as logged out user" time="0.055">
    </testcase>
    <testcase classname="common - Header - SwitchAccounts expect to match snapshot on mobile as logged out user" name="common - Header - SwitchAccounts expect to match snapshot on mobile as logged out user" time="0.02">
    </testcase>
    <testcase classname="common - Header - SwitchAccounts expect to match snapshot on desktop as logged in user" name="common - Header - SwitchAccounts expect to match snapshot on desktop as logged in user" time="0.065">
    </testcase>
    <testcase classname="common - Header - SwitchAccounts expect to match snapshot on mobile as logged in user" name="common - Header - SwitchAccounts expect to match snapshot on mobile as logged in user" time="0.064">
    </testcase>
    <testcase classname="common - Header - SwitchAccounts expect to match snapshot on desktop as logged in user with multiple accounts" name="common - Header - SwitchAccounts expect to match snapshot on desktop as logged in user with multiple accounts" time="0.103">
    </testcase>
    <testcase classname="common - Header - SwitchAccounts expect to match snapshot on mobile as logged in user with multiple accounts" name="common - Header - SwitchAccounts expect to match snapshot on mobile as logged in user with multiple accounts" time="0.079">
    </testcase>
    <testcase classname="common - Header - SwitchAccounts expect to match snapshot on desktop as logged in user with multiple shipto accounts" name="common - Header - SwitchAccounts expect to match snapshot on desktop as logged in user with multiple shipto accounts" time="0.042">
    </testcase>
    <testcase classname="common - Header - SwitchAccounts expect to match snapshot on mobile as logged in user with multiple shipto accounts" name="common - Header - SwitchAccounts expect to match snapshot on mobile as logged in user with multiple shipto accounts" time="0.044">
    </testcase>
    <testcase classname="common - Header - SwitchAccounts expect to match snapshot on desktop as logged in user with shipTo accounts on hold" name="common - Header - SwitchAccounts expect to match snapshot on desktop as logged in user with shipTo accounts on hold" time="0.047">
    </testcase>
    <testcase classname="common - Header - SwitchAccounts expect to call history.push on data error" name="common - Header - SwitchAccounts expect to call history.push on data error" time="0.042">
    </testcase>
    <testcase classname="common - Header - SwitchAccounts expect to call onChange and history.push when the Change account is clicked" name="common - Header - SwitchAccounts expect to call onChange and history.push when the Change account is clicked" time="0.099">
    </testcase>
    <testcase classname="common - Header - SwitchAccounts expect to match snapshot with cart contract data" name="common - Header - SwitchAccounts expect to match snapshot with cart contract data" time="0.053">
    </testcase>
    <testcase classname="common - Header - SwitchAccounts should link to select accounts" name="common - Header - SwitchAccounts should link to select accounts" time="0.022">
    </testcase>
  </testsuite>
  <testsuite name="Order - index" errors="0" failures="0" skipped="4" timestamp="2023-03-02T19:47:22" time="14.275" tests="10">
    <testcase classname="Order - index Should match snapshot loading and display correctly for Eclipse" name="Order - index Should match snapshot loading and display correctly for Eclipse" time="0">
      <skipped/>
    </testcase>
    <testcase classname="Order - index Should match snapshot loading and display correctly for Mincron" name="Order - index Should match snapshot loading and display correctly for Mincron" time="0.639">
    </testcase>
    <testcase classname="Order - index Should match snapshot when ids are undefined in Eclipse" name="Order - index Should match snapshot when ids are undefined in Eclipse" time="0.166">
    </testcase>
    <testcase classname="Order - index Should match snapshot when ids are undefined in Mincron" name="Order - index Should match snapshot when ids are undefined in Mincron" time="0.174">
    </testcase>
    <testcase classname="Order - index Should match snapshot when it is Invoiced" name="Order - index Should match snapshot when it is Invoiced" time="0.155">
    </testcase>
    <testcase classname="Order - index Should match snapshot when it is Submitted" name="Order - index Should match snapshot when it is Submitted" time="0.165">
    </testcase>
    <testcase classname="Order - index Should match snapshot when it is Unknown" name="Order - index Should match snapshot when it is Unknown" time="0.209">
    </testcase>
    <testcase classname="Order - index Should match snapshot when it&apos;s from Invoices" name="Order - index Should match snapshot when it&apos;s from Invoices" time="0">
      <skipped/>
    </testcase>
    <testcase classname="Order - index Should match snapshot when it&apos;s from Invoices and search is validd" name="Order - index Should match snapshot when it&apos;s from Invoices and search is validd" time="0">
      <skipped/>
    </testcase>
    <testcase classname="Order - index Should show add items to cart button as disabled" name="Order - index Should show add items to cart button as disabled" time="0">
      <skipped/>
    </testcase>
  </testsuite>
  <testsuite name="Common - QtyInput" errors="0" failures="0" skipped="0" timestamp="2023-03-02T19:47:31" time="11.314" tests="14">
    <testcase classname="Common - QtyInput Expect QtyInput matches the snapshot" name="Common - QtyInput Expect QtyInput matches the snapshot" time="0.185">
    </testcase>
    <testcase classname="Common - QtyInput Expect QtyInput matches the snapshot with fullWidth and index" name="Common - QtyInput Expect QtyInput matches the snapshot with fullWidth and index" time="0.034">
    </testcase>
    <testcase classname="Common - QtyInput Expect input to be updated" name="Common - QtyInput Expect input to be updated" time="0.107">
    </testcase>
    <testcase classname="Common - QtyInput Expect input to be updated with incremental value" name="Common - QtyInput Expect input to be updated with incremental value" time="1.037">
    </testcase>
    <testcase classname="Common - QtyInput Expect input to have 0" name="Common - QtyInput Expect input to have 0" time="0.341">
    </testcase>
    <testcase classname="Common - QtyInput Expect input only take numbers" name="Common - QtyInput Expect input only take numbers" time="0.061">
    </testcase>
    <testcase classname="Common - QtyInput Expect input allows blank while editing" name="Common - QtyInput Expect input allows blank while editing" time="0.066">
    </testcase>
    <testcase classname="Common - QtyInput Expect input to cap at max number of digits based on the max value" name="Common - QtyInput Expect input to cap at max number of digits based on the max value" time="0.066">
    </testcase>
    <testcase classname="Common - QtyInput Expect input to sync with parent value" name="Common - QtyInput Expect input to sync with parent value" time="0.063">
    </testcase>
    <testcase classname="Common - QtyInput Expect input to be updated with up arrow" name="Common - QtyInput Expect input to be updated with up arrow" time="0.451">
    </testcase>
    <testcase classname="Common - QtyInput Expect input not to be updated with up and down arrow" name="Common - QtyInput Expect input not to be updated with up and down arrow" time="0.445">
    </testcase>
    <testcase classname="Common - QtyInput Expect input to be updated with up arrow with noDebounce" name="Common - QtyInput Expect input to be updated with up arrow with noDebounce" time="0.039">
    </testcase>
    <testcase classname="Common - QtyInput Expect MinimumQtyDiaglog matches the snapshot" name="Common - QtyInput Expect MinimumQtyDiaglog matches the snapshot" time="0.065">
    </testcase>
    <testcase classname="Common - QtyInput Expect MinimumQtyDiaglog matches the snapshot on mobile" name="Common - QtyInput Expect MinimumQtyDiaglog matches the snapshot on mobile" time="0.132">
    </testcase>
  </testsuite>
  <testsuite name="Order - LineItem" errors="0" failures="0" skipped="0" timestamp="2023-03-02T19:47:34" time="11.901" tests="23">
    <testcase classname="Order - LineItem desktop Should match snapshot" name="Order - LineItem desktop Should match snapshot" time="0.929">
    </testcase>
    <testcase classname="Order - LineItem desktop Should match snapshot when loading" name="Order - LineItem desktop Should match snapshot when loading" time="0.115">
    </testcase>
    <testcase classname="Order - LineItem desktop Should expect addItemToCart is called when reorder button is clicked" name="Order - LineItem desktop Should expect addItemToCart is called when reorder button is clicked" time="0.15">
    </testcase>
    <testcase classname="Order - LineItem desktop Should expect addItemToCart is called when reorder button is clicked with undefined lineItem" name="Order - LineItem desktop Should expect addItemToCart is called when reorder button is clicked with undefined lineItem" time="0.162">
    </testcase>
    <testcase classname="Order - LineItem desktop Should match snapshot when cart is loading" name="Order - LineItem desktop Should match snapshot when cart is loading" time="0.141">
    </testcase>
    <testcase classname="Order - LineItem desktop Should match snapshot with comment line item" name="Order - LineItem desktop Should match snapshot with comment line item" time="0.078">
    </testcase>
    <testcase classname="Order - LineItem desktop Should match snapshot with comment line item when loading" name="Order - LineItem desktop Should match snapshot with comment line item when loading" time="0.138">
    </testcase>
    <testcase classname="Order - LineItem desktop Should match snapshot with comment line item that&apos;s nullish" name="Order - LineItem desktop Should match snapshot with comment line item that&apos;s nullish" time="0.083">
    </testcase>
    <testcase classname="Order - LineItem desktop Should match snapshot with lineComment while on Mincron" name="Order - LineItem desktop Should match snapshot with lineComment while on Mincron" time="0.108">
    </testcase>
    <testcase classname="Order - LineItem desktop Should match snapshot with lineComment while on Mincron nad loading" name="Order - LineItem desktop Should match snapshot with lineComment while on Mincron nad loading" time="0.085">
    </testcase>
    <testcase classname="Order - LineItem desktop Should match snapshot with lineNumber" name="Order - LineItem desktop Should match snapshot with lineNumber" time="0.093">
    </testcase>
    <testcase classname="Order - LineItem mobile Should match snapshot" name="Order - LineItem mobile Should match snapshot" time="0.287">
    </testcase>
    <testcase classname="Order - LineItem mobile Should match snapshot when loading" name="Order - LineItem mobile Should match snapshot when loading" time="0.062">
    </testcase>
    <testcase classname="Order - LineItem mobile Should expect addItemToCart is called when reorder button is clicked" name="Order - LineItem mobile Should expect addItemToCart is called when reorder button is clicked" time="0.115">
    </testcase>
    <testcase classname="Order - LineItem mobile Should expect addItemToCart is called when reorder button is clicked with undefined lineItem" name="Order - LineItem mobile Should expect addItemToCart is called when reorder button is clicked with undefined lineItem" time="0.232">
    </testcase>
    <testcase classname="Order - LineItem mobile Should match snapshot when cart is loading" name="Order - LineItem mobile Should match snapshot when cart is loading" time="0.175">
    </testcase>
    <testcase classname="Order - LineItem mobile Should match snapshot with comment line item" name="Order - LineItem mobile Should match snapshot with comment line item" time="0.073">
    </testcase>
    <testcase classname="Order - LineItem mobile Should match snapshot with comment line item when loading" name="Order - LineItem mobile Should match snapshot with comment line item when loading" time="0.051">
    </testcase>
    <testcase classname="Order - LineItem mobile Should match snapshot with comment line item that&apos;s nullish" name="Order - LineItem mobile Should match snapshot with comment line item that&apos;s nullish" time="0.08">
    </testcase>
    <testcase classname="Order - LineItem mobile Should match snapshot with lineComment while on Mincron" name="Order - LineItem mobile Should match snapshot with lineComment while on Mincron" time="0.153">
    </testcase>
    <testcase classname="Order - LineItem mobile Should match snapshot when erpPartNumber is null on Mincron" name="Order - LineItem mobile Should match snapshot when erpPartNumber is null on Mincron" time="0.207">
    </testcase>
    <testcase classname="Order - LineItem mobile Should match snapshot with lineComment while on Mincron nad loading" name="Order - LineItem mobile Should match snapshot with lineComment while on Mincron nad loading" time="0.159">
    </testcase>
    <testcase classname="Order - LineItem mobile Should match snapshot with lineNumber" name="Order - LineItem mobile Should match snapshot with lineNumber" time="0.189">
    </testcase>
  </testsuite>
  <testsuite name="List Upload tests" errors="0" failures="0" skipped="0" timestamp="2023-03-02T19:47:34" time="12.415" tests="7">
    <testcase classname="List Upload tests Should display a link to download the file upload template file" name="List Upload tests Should display a link to download the file upload template file" time="0.458">
    </testcase>
    <testcase classname="List Upload tests Should add a CSV file through the file picker" name="List Upload tests Should add a CSV file through the file picker" time="0.498">
    </testcase>
    <testcase classname="List Upload tests Should add a CSV file with drag and drop" name="List Upload tests Should add a CSV file with drag and drop" time="0.345">
    </testcase>
    <testcase classname="List Upload tests Should not add a file besides a CSV through the file picker" name="List Upload tests Should not add a file besides a CSV through the file picker" time="0.445">
    </testcase>
    <testcase classname="List Upload tests Should not add a file besides a CSV with drag and drop" name="List Upload tests Should not add a file besides a CSV with drag and drop" time="0.346">
    </testcase>
    <testcase classname="List Upload tests Should remove an uploaded file" name="List Upload tests Should remove an uploaded file" time="0.76">
    </testcase>
    <testcase classname="List Upload tests - Mobile Should not allow drag-and-drop" name="List Upload tests - Mobile Should not allow drag-and-drop" time="0.3">
    </testcase>
  </testsuite>
  <testsuite name="Branches - BranchSidebar" errors="0" failures="0" skipped="0" timestamp="2023-03-02T19:47:37" time="13.772" tests="13">
    <testcase classname="Branches - BranchSidebar should match snapshot" name="Branches - BranchSidebar should match snapshot" time="1.016">
    </testcase>
    <testcase classname="Branches - BranchSidebar should match snapshot when loading" name="Branches - BranchSidebar should match snapshot when loading" time="0.792">
    </testcase>
    <testcase classname="Branches - BranchSidebar should match snapshot when loading with branches" name="Branches - BranchSidebar should match snapshot when loading with branches" time="1.021">
    </testcase>
    <testcase classname="Branches - BranchSidebar should match snapshot when nearbyBranchesLoading is false, nearbyBranches is empty, and branchSelectOpen is on" name="Branches - BranchSidebar should match snapshot when nearbyBranchesLoading is false, nearbyBranches is empty, and branchSelectOpen is on" time="0.329">
    </testcase>
    <testcase classname="Branches - BranchSidebar should fire the setBranchSelectFunction when backdrop is clicked" name="Branches - BranchSidebar should fire the setBranchSelectFunction when backdrop is clicked" time="0.064">
    </testcase>
    <testcase classname="Branches - BranchSidebar should show the loading state if nearby branches are loading" name="Branches - BranchSidebar should show the loading state if nearby branches are loading" time="0.038">
    </testcase>
    <testcase classname="Branches - BranchSidebar should display more branches when a user selects show more" name="Branches - BranchSidebar should display more branches when a user selects show more" time="0.301">
    </testcase>
    <testcase classname="Branches - BranchSidebar should test the warning message based on cart items" name="Branches - BranchSidebar should test the warning message based on cart items" time="0.114">
    </testcase>
    <testcase classname="Branches - BranchSidebar should call handleApplyDivision on change" name="Branches - BranchSidebar should call handleApplyDivision on change" time="0.13">
    </testcase>
    <testcase classname="Branches - BranchSidebar Should filter by type Plumbing" name="Branches - BranchSidebar Should filter by type Plumbing" time="0.355">
    </testcase>
    <testcase classname="Branches - BranchSidebar Should filter by type waterworks" name="Branches - BranchSidebar Should filter by type waterworks" time="1.21">
    </testcase>
    <testcase classname="Branches - BranchSidebar Should filter by type bandk" name="Branches - BranchSidebar Should filter by type bandk" time="0.165">
    </testcase>
    <testcase classname="Branches - BranchSidebar Should filter by type hvac" name="Branches - BranchSidebar Should filter by type hvac" time="0.141">
    </testcase>
  </testsuite>
  <testsuite name="UpdatePasswordDialog tests" errors="0" failures="0" skipped="0" timestamp="2023-03-02T19:47:42" time="14.09" tests="10">
    <testcase classname="UpdatePasswordDialog tests should show submit change button when dialog open" name="UpdatePasswordDialog tests should show submit change button when dialog open" time="0.38">
    </testcase>
    <testcase classname="UpdatePasswordDialog tests Show Password Required Message When Old Password filed is empty" name="UpdatePasswordDialog tests Show Password Required Message When Old Password filed is empty" time="0.278">
    </testcase>
    <testcase classname="UpdatePasswordDialog tests Show Invalid Password Message When Old Password filed is not strong" name="UpdatePasswordDialog tests Show Invalid Password Message When Old Password filed is not strong" time="0.287">
    </testcase>
    <testcase classname="UpdatePasswordDialog tests Show Password Required Message When New Password filed is empty" name="UpdatePasswordDialog tests Show Password Required Message When New Password filed is empty" time="0.233">
    </testcase>
    <testcase classname="UpdatePasswordDialog tests Show Invalid Password Message When New Password filed is not strong" name="UpdatePasswordDialog tests Show Invalid Password Message When New Password filed is not strong" time="0.333">
    </testcase>
    <testcase classname="UpdatePasswordDialog tests Show Password Required Message When Confirm Password filed is empty" name="UpdatePasswordDialog tests Show Password Required Message When Confirm Password filed is empty" time="0.355">
    </testcase>
    <testcase classname="UpdatePasswordDialog tests Show Password Not Match Message" name="UpdatePasswordDialog tests Show Password Not Match Message" time="0.459">
    </testcase>
    <testcase classname="UpdatePasswordDialog Form - Submit Should show Okta Error Message on Error" name="UpdatePasswordDialog Form - Submit Should show Okta Error Message on Error" time="0.646">
    </testcase>
    <testcase classname="UpdatePasswordDialog Form - Submit Should show Success message when submit success" name="UpdatePasswordDialog Form - Submit Should show Success message when submit success" time="0.628">
    </testcase>
    <testcase classname="UpdatePasswordDialog Form - Submit Should show error message when update password failed" name="UpdatePasswordDialog Form - Submit Should show error message when update password failed" time="0.601">
    </testcase>
  </testsuite>
  <testsuite name="Checkout - Review" errors="0" failures="0" skipped="0" timestamp="2023-03-02T19:47:51" time="12.083" tests="14">
    <testcase classname="Checkout - Review should match snapshot on desktop" name="Checkout - Review should match snapshot on desktop" time="0.508">
    </testcase>
    <testcase classname="Checkout - Review should match snapshot on mobile" name="Checkout - Review should match snapshot on mobile" time="0.518">
    </testcase>
    <testcase classname="Checkout - Review should match snapshot with invalid Cart" name="Checkout - Review should match snapshot with invalid Cart" time="0.03">
    </testcase>
    <testcase classname="Checkout - Review should match snapshot with no items in cart" name="Checkout - Review should match snapshot with no items in cart" time="0.063">
    </testcase>
    <testcase classname="Checkout - Review should match snapshot with cart and contract" name="Checkout - Review should match snapshot with cart and contract" time="0.216">
    </testcase>
    <testcase classname="Checkout - Review should match snapshot with cart and contract as willcall" name="Checkout - Review should match snapshot with cart and contract as willcall" time="0.28">
    </testcase>
    <testcase classname="Checkout - Review should match snapshot as credit card payment" name="Checkout - Review should match snapshot as credit card payment" time="0.266">
    </testcase>
    <testcase classname="Checkout - Review should match snapshot on desktop with willcall deliveryMethodObject" name="Checkout - Review should match snapshot on desktop with willcall deliveryMethodObject" time="0.229">
    </testcase>
    <testcase classname="Checkout - Review should match snapshot on mobile with willcall deliveryMethodObject" name="Checkout - Review should match snapshot on mobile with willcall deliveryMethodObject" time="0.309">
    </testcase>
    <testcase classname="Checkout - Review should match snapshot with delivery deliveryMethodObject and set time as afternoon" name="Checkout - Review should match snapshot with delivery deliveryMethodObject and set time as afternoon" time="0.209">
    </testcase>
    <testcase classname="Checkout - Review expect to set step as PAYMENT when &quot;edit-payment-info&quot; is clicked" name="Checkout - Review expect to set step as PAYMENT when &quot;edit-payment-info&quot; is clicked" time="0.194">
    </testcase>
    <testcase classname="Checkout - Review expect to set step as INFO when &quot;edit-delivery-info&quot; is clicked" name="Checkout - Review expect to set step as INFO when &quot;edit-delivery-info&quot; is clicked" time="0.194">
    </testcase>
    <testcase classname="Checkout - Review expect to set step as INFO when &quot;edit-special-instructions&quot; is clicked" name="Checkout - Review expect to set step as INFO when &quot;edit-special-instructions&quot; is clicked" time="0.216">
    </testcase>
    <testcase classname="Checkout - Review expect to call history.goBack when &quot;edit-cart&quot; is clicked" name="Checkout - Review expect to call history.goBack when &quot;edit-cart&quot; is clicked" time="0.269">
    </testcase>
  </testsuite>
  <testsuite name="Invoices List - Columns" errors="0" failures="0" skipped="0" timestamp="2023-03-02T19:47:57" time="8.325" tests="20">
    <testcase classname="Invoices List - Columns Expect `invoicesColumnsMemo` to return Eclipse columns" name="Invoices List - Columns Expect `invoicesColumnsMemo` to return Eclipse columns" time="0.011">
    </testcase>
    <testcase classname="Invoices List - Columns Expect `invoicesColumnsMemo` to return Mincron columns" name="Invoices List - Columns Expect `invoicesColumnsMemo` to return Mincron columns" time="0.002">
    </testcase>
    <testcase classname="Invoices List - Columns expect `selectionCell` to be NOT disabled" name="Invoices List - Columns expect `selectionCell` to be NOT disabled" time="0.002">
    </testcase>
    <testcase classname="Invoices List - Columns expect `selectionCell` to be disabled" name="Invoices List - Columns expect `selectionCell` to be disabled" time="0.001">
    </testcase>
    <testcase classname="Invoices List - Columns expect `pdfIconCell` to have the right `href` when invoicenumber start with `S`" name="Invoices List - Columns expect `pdfIconCell` to have the right `href` when invoicenumber start with `S`" time="0.002">
    </testcase>
    <testcase classname="Invoices List - Columns expect `pdfIconCell` to not have the a tag when invoicenumber start without `S`" name="Invoices List - Columns expect `pdfIconCell` to not have the a tag when invoicenumber start without `S`" time="0.001">
    </testcase>
    <testcase classname="Invoices List - Columns expect `pdfIconCell` to return null when value is empty" name="Invoices List - Columns expect `pdfIconCell` to return null when value is empty" time="0.002">
    </testcase>
    <testcase classname="Invoices List - Columns expect `invoiceNumberCell` to return the matching value" name="Invoices List - Columns expect `invoiceNumberCell` to return the matching value" time="0.044">
    </testcase>
    <testcase classname="Invoices List - Columns expect `invoiceNumberCellForMincron` to have the a tag for mincron" name="Invoices List - Columns expect `invoiceNumberCellForMincron` to have the a tag for mincron" time="0.024">
    </testcase>
    <testcase classname="Invoices List - Columns expect `statusCell` to match snapshot when value is &quot;Open&quot;" name="Invoices List - Columns expect `statusCell` to match snapshot when value is &quot;Open&quot;" time="0.002">
    </testcase>
    <testcase classname="Invoices List - Columns expect `statusCell` to return the same value when value is NOT &quot;Open&quot;" name="Invoices List - Columns expect `statusCell` to return the same value when value is NOT &quot;Open&quot;" time="0">
    </testcase>
    <testcase classname="Invoices List - Columns expect `currencyCell` to match value" name="Invoices List - Columns expect `currencyCell` to match value" time="0.002">
    </testcase>
    <testcase classname="Invoices List - Columns expect `ageCell` to match value when value is &quot;Past Due&quot;" name="Invoices List - Columns expect `ageCell` to match value when value is &quot;Past Due&quot;" time="0.001">
    </testcase>
    <testcase classname="Invoices List - Columns expect `ageCell` to match value when value is &quot;Current&quot;" name="Invoices List - Columns expect `ageCell` to match value when value is &quot;Current&quot;" time="0.001">
    </testcase>
    <testcase classname="Invoices List - Columns expect `ageCell` to match value when value is &quot;Deposit&quot;" name="Invoices List - Columns expect `ageCell` to match value when value is &quot;Deposit&quot;" time="0.001">
    </testcase>
    <testcase classname="Invoices List - Columns expect `ageCell` to match value when value is &quot;Future&quot;" name="Invoices List - Columns expect `ageCell` to match value when value is &quot;Future&quot;" time="0">
    </testcase>
    <testcase classname="Invoices List - Columns expect `ageCell` to match value when value is &quot;Over120&quot;" name="Invoices List - Columns expect `ageCell` to match value when value is &quot;Over120&quot;" time="0.002">
    </testcase>
    <testcase classname="Invoices List - Columns expect `ageCell` to match the same value when value is &quot;TEST&quot;" name="Invoices List - Columns expect `ageCell` to match the same value when value is &quot;TEST&quot;" time="0.001">
    </testcase>
    <testcase classname="Invoices List - Columns expect `sortInvoiceCurrency` to return 1 when A is bigger than B" name="Invoices List - Columns expect `sortInvoiceCurrency` to return 1 when A is bigger than B" time="0">
    </testcase>
    <testcase classname="Invoices List - Columns expect `sortInvoiceCurrency` to return -1 when A is smaller than B" name="Invoices List - Columns expect `sortInvoiceCurrency` to return -1 when A is smaller than B" time="0.001">
    </testcase>
  </testsuite>
  <testsuite name="Invite - InviteUser" errors="0" failures="0" skipped="0" timestamp="2023-03-02T19:47:55" time="12.374" tests="7">
    <testcase classname="Invite - InviteUser should match snapshot on desktop" name="Invite - InviteUser should match snapshot on desktop" time="0.327">
    </testcase>
    <testcase classname="Invite - InviteUser should match snapshot on mobile" name="Invite - InviteUser should match snapshot on mobile" time="0.106">
    </testcase>
    <testcase classname="Invite - InviteUser should match snapshot on desktop with roles" name="Invite - InviteUser should match snapshot on desktop with roles" time="0.093">
    </testcase>
    <testcase classname="Invite - InviteUser Expect all helper texts to show errors on required forms when submitting as empty" name="Invite - InviteUser Expect all helper texts to show errors on required forms when submitting as empty" time="0.273">
    </testcase>
    <testcase classname="Invite - InviteUser Expect Purchase of Approval and required forms when submitting as empty" name="Invite - InviteUser Expect Purchase of Approval and required forms when submitting as empty" time="0.619">
    </testcase>
    <testcase classname="Invite - InviteUser Expect to select Approver text" name="Invite - InviteUser Expect to select Approver text" time="1.313">
    </testcase>
    <testcase classname="Invite - InviteUser Expect to call onSubmit with filled form" name="Invite - InviteUser Expect to call onSubmit with filled form" time="0.684">
    </testcase>
  </testsuite>
  <testsuite name="Contracts" errors="0" failures="0" skipped="0" timestamp="2023-03-02T19:47:46" time="22.04" tests="12">
    <testcase classname="Contracts Snapshot match when user has &quot;Invoice Only&quot; access" name="Contracts Snapshot match when user has &quot;Invoice Only&quot; access" time="0.443">
    </testcase>
    <testcase classname="Contracts Snapshot match for null results" name="Contracts Snapshot match for null results" time="1.832">
    </testcase>
    <testcase classname="Contracts Desktop snapshot match" name="Contracts Desktop snapshot match" time="0.616">
    </testcase>
    <testcase classname="Contracts Desktop Snapshot match with empty data" name="Contracts Desktop Snapshot match with empty data" time="0.283">
    </testcase>
    <testcase classname="Contracts Mobile snapshot match" name="Contracts Mobile snapshot match" time="4.034">
    </testcase>
    <testcase classname="Contracts Mobile snapshot match with empty data" name="Contracts Mobile snapshot match with empty data" time="0.949">
    </testcase>
    <testcase classname="Contracts Mobile snapshot match while loading" name="Contracts Mobile snapshot match while loading" time="2.422">
    </testcase>
    <testcase classname="Contracts Index should render table with the correct row/column counts" name="Contracts Index should render table with the correct row/column counts" time="0.583">
    </testcase>
    <testcase classname="Search Filter For Contracts Table Should show the results based on search filter - result count" name="Search Filter For Contracts Table Should show the results based on search filter - result count" time="0.765">
    </testcase>
    <testcase classname="Search Filter For Contracts Table Should show the only searched contract number" name="Search Filter For Contracts Table Should show the only searched contract number" time="0.847">
    </testcase>
    <testcase classname="Search Filter For Contracts Table Should be as it is with blank search" name="Search Filter For Contracts Table Should be as it is with blank search" time="0.494">
    </testcase>
    <testcase classname="Search Filter For Contracts Table Reset button test" name="Search Filter For Contracts Table Reset button test" time="1.061">
    </testcase>
  </testsuite>
  <testsuite name="CreditCard - util/Provider/useCreditCardFn" errors="0" failures="0" skipped="0" timestamp="2023-03-02T19:48:03" time="8.531" tests="11">
    <testcase classname="CreditCard - util/Provider/useCreditCardFn expect `deleteComplete` to call some functions" name="CreditCard - util/Provider/useCreditCardFn expect `deleteComplete` to call some functions" time="0.077">
    </testcase>
    <testcase classname="CreditCard - util/Provider/useCreditCardFn expect `deleteError` to call some functions" name="CreditCard - util/Provider/useCreditCardFn expect `deleteError` to call some functions" time="0.015">
    </testcase>
    <testcase classname="CreditCard - util/Provider/useCreditCardFn expect `deleteError` to call some functions with error 409" name="CreditCard - util/Provider/useCreditCardFn expect `deleteError` to call some functions with error 409" time="0.019">
    </testcase>
    <testcase classname="CreditCard - util/Provider/useCreditCardFn expect `elementInfoComplete` to call some functions with basic data" name="CreditCard - util/Provider/useCreditCardFn expect `elementInfoComplete` to call some functions with basic data" time="0.02">
    </testcase>
    <testcase classname="CreditCard - util/Provider/useCreditCardFn expect `elementInfoComplete` to call some functions with &quot;/checkout&quot; and saveCreditCard&quot;" name="CreditCard - util/Provider/useCreditCardFn expect `elementInfoComplete` to call some functions with &quot;/checkout&quot; and saveCreditCard&quot;" time="0.094">
    </testcase>
    <testcase classname="CreditCard - util/Provider/useCreditCardFn expect `listComplete` to call some functions with basic data" name="CreditCard - util/Provider/useCreditCardFn expect `listComplete` to call some functions with basic data" time="0.016">
    </testcase>
    <testcase classname="CreditCard - util/Provider/useCreditCardFn expect `listComplete` to call some functions with card data" name="CreditCard - util/Provider/useCreditCardFn expect `listComplete` to call some functions with card data" time="0.016">
    </testcase>
    <testcase classname="CreditCard - util/Provider/useCreditCardFn expect `setupUrlComplete` to not call setIframeUrl with basic data" name="CreditCard - util/Provider/useCreditCardFn expect `setupUrlComplete` to not call setIframeUrl with basic data" time="0.015">
    </testcase>
    <testcase classname="CreditCard - util/Provider/useCreditCardFn expect `setupUrlComplete` to call setIframeUrl with proper data" name="CreditCard - util/Provider/useCreditCardFn expect `setupUrlComplete` to call setIframeUrl with proper data" time="0.022">
    </testcase>
    <testcase classname="CreditCard - util/Provider/useCreditCardFn expect `windowMessageEvent` to not call any mocked functions when conditions are invalid" name="CreditCard - util/Provider/useCreditCardFn expect `windowMessageEvent` to not call any mocked functions when conditions are invalid" time="0.002">
    </testcase>
    <testcase classname="CreditCard - util/Provider/useCreditCardFn expect `windowMessageEvent` to call mocked functions when conditions are valid" name="CreditCard - util/Provider/useCreditCardFn expect `windowMessageEvent` to call mocked functions when conditions are valid" time="0.001">
    </testcase>
  </testsuite>
  <testsuite name="CategoriesButtonWrapper tests" errors="0" failures="0" skipped="0" timestamp="2023-03-02T19:48:08" time="11.125" tests="7">
    <testcase classname="CategoriesButtonWrapper tests should render correctly" name="CategoriesButtonWrapper tests should render correctly" time="0.328">
    </testcase>
    <testcase classname="CategoriesButtonWrapper tests should render correctly on loading" name="CategoriesButtonWrapper tests should render correctly on loading" time="0.072">
    </testcase>
    <testcase classname="CategoriesButtonWrapper tests should navigate through the categories" name="CategoriesButtonWrapper tests should navigate through the categories" time="0.89">
    </testcase>
    <testcase classname="CategoriesButtonWrapper tests should navigate back through the categories" name="CategoriesButtonWrapper tests should navigate back through the categories" time="0.376">
    </testcase>
    <testcase classname="CategoriesButtonWrapper tests should link to the category from the view all button" name="CategoriesButtonWrapper tests should link to the category from the view all button" time="0.208">
    </testcase>
    <testcase classname="CategoriesButtonWrapper tests should navigate and close the sidebar if a category three is selected" name="CategoriesButtonWrapper tests should navigate and close the sidebar if a category three is selected" time="0.233">
    </testcase>
    <testcase classname="CategoriesButtonWrapper tests should navigate and close the sidebar if a category two is selected that has no children" name="CategoriesButtonWrapper tests should navigate and close the sidebar if a category two is selected that has no children" time="0.174">
    </testcase>
  </testsuite>
  <testsuite name="Cart - Item.desktop" errors="0" failures="0" skipped="0" timestamp="2023-03-02T19:48:05" time="13.771" tests="11">
    <testcase classname="Cart - Item.desktop Should match snapshot with product" name="Cart - Item.desktop Should match snapshot with product" time="0.413">
    </testcase>
    <testcase classname="Cart - Item.desktop Should match snapshot as readOnly" name="Cart - Item.desktop Should match snapshot as readOnly" time="0.106">
    </testcase>
    <testcase classname="Cart - Item.desktop Should match snapshot as contract with line notes" name="Cart - Item.desktop Should match snapshot as contract with line notes" time="0.179">
    </testcase>
    <testcase classname="Cart - Item.desktop Expect deleteItem is called when clicking on the delete button" name="Cart - Item.desktop Expect deleteItem is called when clicking on the delete button" time="0.3">
    </testcase>
    <testcase classname="Cart - Item.desktop Should delete all items in the cart when remove all from cart is selected and confirmed" name="Cart - Item.desktop Should delete all items in the cart when remove all from cart is selected and confirmed" time="2.484">
    </testcase>
    <testcase classname="Cart - Item.desktop Expect updateItemQuantity is called when changing the qty input" name="Cart - Item.desktop Expect updateItemQuantity is called when changing the qty input" time="0.122">
    </testcase>
    <testcase classname="Cart - Item.desktop Expect updateItemQuantity is called when changing the qty input with no name" name="Cart - Item.desktop Expect updateItemQuantity is called when changing the qty input with no name" time="0.119">
    </testcase>
    <testcase classname="Cart - Item.desktop Expect modal save button to be in the document when opening line notes modal" name="Cart - Item.desktop Expect modal save button to be in the document when opening line notes modal" time="0.365">
    </testcase>
    <testcase classname="Cart - Item.desktop Expect setLineNotes to be called when updating the line notes from modal" name="Cart - Item.desktop Expect setLineNotes to be called when updating the line notes from modal" time="0.399">
    </testcase>
    <testcase classname="Cart - Item.desktop Expect setLineNotes not to be called when the value is the same from updating the line notes from modal" name="Cart - Item.desktop Expect setLineNotes not to be called when the value is the same from updating the line notes from modal" time="0.302">
    </testcase>
    <testcase classname="Cart - Item.desktop Expect qty and qtyAvailable to set as 0 when they are undefined" name="Cart - Item.desktop Expect qty and qtyAvailable to set as 0 when they are undefined" time="0.113">
    </testcase>
  </testsuite>
  <testsuite name="Utils - analytics" errors="0" failures="0" skipped="0" timestamp="2023-03-02T19:48:19" time="0.347" tests="12">
    <testcase classname="Utils - analytics expect `load` to be called" name="Utils - analytics expect `load` to be called" time="0.004">
    </testcase>
    <testcase classname="Utils - analytics expect `page` to be called with null value" name="Utils - analytics expect `page` to be called with null value" time="0.001">
    </testcase>
    <testcase classname="Utils - analytics expect `page` to be called with mocked value" name="Utils - analytics expect `page` to be called with mocked value" time="0.001">
    </testcase>
    <testcase classname="Utils - analytics expect `identify` to be called with mocked value" name="Utils - analytics expect `identify` to be called with mocked value" time="0">
    </testcase>
    <testcase classname="Utils - analytics expect `trackLogin` to be called with mocked value" name="Utils - analytics expect `trackLogin` to be called with mocked value" time="0.001">
    </testcase>
    <testcase classname="Utils - analytics expect `trackRegistration` to be called with mocked value" name="Utils - analytics expect `trackRegistration` to be called with mocked value" time="0.001">
    </testcase>
    <testcase classname="Utils - analytics expect `trackSearchResult` to be called with mocked value" name="Utils - analytics expect `trackSearchResult` to be called with mocked value" time="0.001">
    </testcase>
    <testcase classname="Utils - analytics expect `trackSearch` to be called with mocked value" name="Utils - analytics expect `trackSearch` to be called with mocked value" time="0">
    </testcase>
    <testcase classname="Utils - analytics expect `trackApproval` to be called with mocked value" name="Utils - analytics expect `trackApproval` to be called with mocked value" time="0">
    </testcase>
    <testcase classname="Utils - analytics expect `trackSubmitOrder` to be called with mocked value" name="Utils - analytics expect `trackSubmitOrder` to be called with mocked value" time="0.001">
    </testcase>
    <testcase classname="Utils - analytics expect `track` NOT to be called with invalid window.analytics" name="Utils - analytics expect `track` NOT to be called with invalid window.analytics" time="0">
    </testcase>
    <testcase classname="Utils - analytics expect `trackUploadList` to be called with mocked value" name="Utils - analytics expect `trackUploadList` to be called with mocked value" time="0.001">
    </testcase>
  </testsuite>
  <testsuite name="DateRangeInput tests" errors="0" failures="0" skipped="0" timestamp="2023-03-02T19:48:09" time="11.037" tests="8">
    <testcase classname="DateRangeInput tests Should match snapshot and values on desktop" name="DateRangeInput tests Should match snapshot and values on desktop" time="0.552">
    </testcase>
    <testcase classname="DateRangeInput tests Should match snapshot and values on mobile" name="DateRangeInput tests Should match snapshot and values on mobile" time="0.425">
    </testcase>
    <testcase classname="DateRangeInput tests Should call onChange when selecting a new date value" name="DateRangeInput tests Should call onChange when selecting a new date value" time="0.286">
    </testcase>
    <testcase classname="DateRangeInput tests Should open popper on focus and update based on input" name="DateRangeInput tests Should open popper on focus and update based on input" time="0.316">
    </testcase>
    <testcase classname="DateRangeInput tests Expect from input sets date when context is undefined" name="DateRangeInput tests Expect from input sets date when context is undefined" time="0.111">
    </testcase>
    <testcase classname="DateRangeInput tests Expect to input sets date when context is undefined" name="DateRangeInput tests Expect to input sets date when context is undefined" time="0.103">
    </testcase>
    <testcase classname="DateRangeInput tests Expect handle submit is called" name="DateRangeInput tests Expect handle submit is called" time="0.093">
    </testcase>
    <testcase classname="DateRangeInput tests Expect to call on submit" name="DateRangeInput tests Expect to call on submit" time="0.424">
    </testcase>
  </testsuite>
  <testsuite name="Invoices List - queryParam" errors="0" failures="0" skipped="0" timestamp="2023-03-02T19:48:11" time="10.048" tests="8">
    <testcase classname="Invoices List - queryParam expect `syncQueryParamEffect` to stop at loading" name="Invoices List - queryParam expect `syncQueryParamEffect` to stop at loading" time="0.004">
    </testcase>
    <testcase classname="Invoices List - queryParam expect `syncQueryParamEffect` to stop at different page" name="Invoices List - queryParam expect `syncQueryParamEffect` to stop at different page" time="0.003">
    </testcase>
    <testcase classname="Invoices List - queryParam expect `syncQueryParamEffect` to stop at different sort string" name="Invoices List - queryParam expect `syncQueryParamEffect` to stop at different sort string" time="0.002">
    </testcase>
    <testcase classname="Invoices List - queryParam expect `clearRange` to be called" name="Invoices List - queryParam expect `clearRange` to be called" time="0.003">
    </testcase>
    <testcase classname="Invoices List - queryParam expect `handleReset` to be called" name="Invoices List - queryParam expect `handleReset` to be called" time="0.009">
    </testcase>
    <testcase classname="Invoices List - queryParam expect `handleViewResults` to be called with undefined values" name="Invoices List - queryParam expect `handleViewResults` to be called with undefined values" time="0.007">
    </testcase>
    <testcase classname="Invoices List - queryParam expect `handleViewResults` to be called with values" name="Invoices List - queryParam expect `handleViewResults` to be called with values" time="0.006">
    </testcase>
    <testcase classname="Invoices List - queryParam expect `handleBucketChange` to be called with values" name="Invoices List - queryParam expect `handleBucketChange` to be called with values" time="0.004">
    </testcase>
  </testsuite>
  <testsuite name="util - useDomainInfo" errors="0" failures="0" skipped="0" timestamp="2023-03-02T19:48:20" time="9.114" tests="13">
    <testcase classname="util - useDomainInfo expect to match data as reece local" name="util - useDomainInfo expect to match data as reece local" time="0.133">
    </testcase>
    <testcase classname="util - useDomainInfo expect to match data as reece dev" name="util - useDomainInfo expect to match data as reece dev" time="0.037">
    </testcase>
    <testcase classname="util - useDomainInfo expect to match data as fortiline local" name="util - useDomainInfo expect to match data as fortiline local" time="0.037">
    </testcase>
    <testcase classname="util - useDomainInfo expect to match data as fortiline dev" name="util - useDomainInfo expect to match data as fortiline dev" time="0.095">
    </testcase>
    <testcase classname="util - useDomainInfo expect to have waterworks" name="util - useDomainInfo expect to have waterworks" time="0.031">
    </testcase>
    <testcase classname="util - useDomainInfo expect isWaterworksEnabled to return truthy" name="util - useDomainInfo expect isWaterworksEnabled to return truthy" time="0.003">
    </testcase>
    <testcase classname="util - useDomainInfo expect isWaterworksEnabled to return false" name="util - useDomainInfo expect isWaterworksEnabled to return false" time="0.003">
    </testcase>
    <testcase classname="util - useDomainInfo expect isExpressionsHomeGalleryEnabled to return truthy" name="util - useDomainInfo expect isExpressionsHomeGalleryEnabled to return truthy" time="0.002">
    </testcase>
    <testcase classname="util - useDomainInfo expect isExpressionsHomeGalleryEnabled to return false" name="util - useDomainInfo expect isExpressionsHomeGalleryEnabled to return false" time="0.002">
    </testcase>
    <testcase classname="util - useDomainInfo expect isCommonDomain to return true if localhost" name="util - useDomainInfo expect isCommonDomain to return true if localhost" time="0.002">
    </testcase>
    <testcase classname="util - useDomainInfo expect isCommonDomain to return true if reece" name="util - useDomainInfo expect isCommonDomain to return true if reece" time="0.002">
    </testcase>
    <testcase classname="util - useDomainInfo expect isCommonDomain to return true if app" name="util - useDomainInfo expect isCommonDomain to return true if app" time="0.003">
    </testcase>
    <testcase classname="util - useDomainInfo expect isCommonDomain to return false if not common subdomain" name="util - useDomainInfo expect isCommonDomain to return false if not common subdomain" time="0.004">
    </testcase>
  </testsuite>
  <testsuite name="providers/ListProvider" errors="0" failures="0" skipped="0" timestamp="2023-03-02T19:48:20" time="9.637" tests="4">
    <testcase classname="providers/ListProvider Expect to match snapshot under default render condition" name="providers/ListProvider Expect to match snapshot under default render condition" time="0.142">
    </testcase>
    <testcase classname="providers/ListProvider Expect `lists` to be empty" name="providers/ListProvider Expect `lists` to be empty" time="0.131">
    </testcase>
    <testcase classname="providers/ListProvider Expect `lists` populated from the response to match the original data length" name="providers/ListProvider Expect `lists` populated from the response to match the original data length" time="0.406">
    </testcase>
    <testcase classname="providers/ListProvider Expect `selectedList` populated from the response to match the original data length" name="providers/ListProvider Expect `selectedList` populated from the response to match the original data length" time="0.533">
    </testcase>
  </testsuite>
  <testsuite name="CreditCard" errors="0" failures="0" skipped="0" timestamp="2023-03-02T19:48:19" time="10.872" tests="16">
    <testcase classname="CreditCard expect to match snapshot with basic props" name="CreditCard expect to match snapshot with basic props" time="0.117">
    </testcase>
    <testcase classname="CreditCard expect to match snapshot with valid credit card" name="CreditCard expect to match snapshot with valid credit card" time="0.086">
    </testcase>
    <testcase classname="CreditCard expect to match snapshot while loading" name="CreditCard expect to match snapshot while loading" time="0.042">
    </testcase>
    <testcase classname="CreditCard expect to match snapshot while updating list" name="CreditCard expect to match snapshot while updating list" time="0.065">
    </testcase>
    <testcase classname="CreditCard expect to match snapshot while change" name="CreditCard expect to match snapshot while change" time="0.096">
    </testcase>
    <testcase classname="CreditCard expect to match snapshot while change with creditCardData" name="CreditCard expect to match snapshot while change with creditCardData" time="0.148">
    </testcase>
    <testcase classname="CreditCard expect &quot;Add Cart&quot; button to call setCreditCardState when clicked in change state" name="CreditCard expect &quot;Add Cart&quot; button to call setCreditCardState when clicked in change state" time="0.045">
    </testcase>
    <testcase classname="CreditCard expect &quot;Use Selected Card&quot; button to call setCreditCardState when clicked in change state" name="CreditCard expect &quot;Use Selected Card&quot; button to call setCreditCardState when clicked in change state" time="0.054">
    </testcase>
    <testcase classname="CreditCard expect &quot;Cancel&quot; button to call setCreditCardState when clicked in change state" name="CreditCard expect &quot;Cancel&quot; button to call setCreditCardState when clicked in change state" time="0.075">
    </testcase>
    <testcase classname="CreditCard expect to match snapshot while add" name="CreditCard expect to match snapshot while add" time="0.546">
    </testcase>
    <testcase classname="CreditCard expect to match snapshot while add and loading" name="CreditCard expect to match snapshot while add and loading" time="0.308">
    </testcase>
    <testcase classname="CreditCard expect to match snapshot while add and valid cc data" name="CreditCard expect to match snapshot while add and valid cc data" time="0.369">
    </testcase>
    <testcase classname="CreditCard expect to match snapshot while selected and creditCardData" name="CreditCard expect to match snapshot while selected and creditCardData" time="0.042">
    </testcase>
    <testcase classname="CreditCard expect &quot;Change Card&quot; button to call setCreditCardState when clicked in change state" name="CreditCard expect &quot;Change Card&quot; button to call setCreditCardState when clicked in change state" time="0.04">
    </testcase>
    <testcase classname="CreditCard expect &quot;Add Card&quot; button to call setCreditCardState when clicked in change state" name="CreditCard expect &quot;Add Card&quot; button to call setCreditCardState when clicked in change state" time="0.061">
    </testcase>
    <testcase classname="CreditCard expect &quot;Cancel&quot; button to call setCreditCardState when clicked in add state" name="CreditCard expect &quot;Cancel&quot; button to call setCreditCardState when clicked in add state" time="0.214">
    </testcase>
  </testsuite>
  <testsuite name="Cart - Item.mobile" errors="0" failures="0" skipped="0" timestamp="2023-03-02T19:48:22" time="10.721" tests="10">
    <testcase classname="Cart - Item.mobile Should match snapshot with product" name="Cart - Item.mobile Should match snapshot with product" time="0.361">
    </testcase>
    <testcase classname="Cart - Item.mobile Should match snapshot as readOnly" name="Cart - Item.mobile Should match snapshot as readOnly" time="0.07">
    </testcase>
    <testcase classname="Cart - Item.mobile Should match snapshot as contract with line notes" name="Cart - Item.mobile Should match snapshot as contract with line notes" time="0.131">
    </testcase>
    <testcase classname="Cart - Item.mobile Expect deleteItem is called when clicking on the delete button" name="Cart - Item.mobile Expect deleteItem is called when clicking on the delete button" time="0.203">
    </testcase>
    <testcase classname="Cart - Item.mobile Expect updateItemQuantity is called when changing the qty input" name="Cart - Item.mobile Expect updateItemQuantity is called when changing the qty input" time="0.152">
    </testcase>
    <testcase classname="Cart - Item.mobile Expect updateItemQuantity is called when changing the qty input with no name" name="Cart - Item.mobile Expect updateItemQuantity is called when changing the qty input with no name" time="0.138">
    </testcase>
    <testcase classname="Cart - Item.mobile Expect modal save button to be in the document when opening line notes modal" name="Cart - Item.mobile Expect modal save button to be in the document when opening line notes modal" time="0.632">
    </testcase>
    <testcase classname="Cart - Item.mobile Expect setLineNotes to be called when updating the line notes from modal" name="Cart - Item.mobile Expect setLineNotes to be called when updating the line notes from modal" time="0.438">
    </testcase>
    <testcase classname="Cart - Item.mobile Expect setLineNotes not to be called when the value is the same from updating the line notes from modal" name="Cart - Item.mobile Expect setLineNotes not to be called when the value is the same from updating the line notes from modal" time="0.497">
    </testcase>
    <testcase classname="Cart - Item.mobile Expect qty and qtyAvailable to set as 0 when they are undefined" name="Cart - Item.mobile Expect qty and qtyAvailable to set as 0 when they are undefined" time="0.168">
    </testcase>
  </testsuite>
  <testsuite name="common - DateRange - util" errors="0" failures="0" skipped="0" timestamp="2023-03-02T19:48:30" time="6.845" tests="10">
    <testcase classname="common - DateRange - util expect `getPropsMemoLogic` to return blank values" name="common - DateRange - util expect `getPropsMemoLogic` to return blank values" time="0.005">
    </testcase>
    <testcase classname="common - DateRange - util expect `onBlurAction` to call onChange with blank values" name="common - DateRange - util expect `onBlurAction` to call onChange with blank values" time="0.001">
    </testcase>
    <testcase classname="common - DateRange - util expect `handleDayClickCbLogic` to process &quot;from&quot; date as undefined" name="common - DateRange - util expect `handleDayClickCbLogic` to process &quot;from&quot; date as undefined" time="0.001">
    </testcase>
    <testcase classname="common - DateRange - util expect `handleDayClickCbLogic` to process &quot;from&quot; as &quot;to&quot; date" name="common - DateRange - util expect `handleDayClickCbLogic` to process &quot;from&quot; as &quot;to&quot; date" time="0.001">
    </testcase>
    <testcase classname="common - DateRange - util expect `handleDayClickCbLogic` to process &quot;to&quot; date as undefined" name="common - DateRange - util expect `handleDayClickCbLogic` to process &quot;to&quot; date as undefined" time="0">
    </testcase>
    <testcase classname="common - DateRange - util expect `handleDayClickCbLogic` to process &quot;to&quot; as &quot;from&quot; date" name="common - DateRange - util expect `handleDayClickCbLogic` to process &quot;to&quot; as &quot;from&quot; date" time="0.001">
    </testcase>
    <testcase classname="common - DateRange - util expect `handleDayClickCbLogic` to process &quot;null&quot; and return undefined" name="common - DateRange - util expect `handleDayClickCbLogic` to process &quot;null&quot; and return undefined" time="0.001">
    </testcase>
    <testcase classname="common - DateRange - util expect `handleSubmitLogic` to get &quot;from&quot;" name="common - DateRange - util expect `handleSubmitLogic` to get &quot;from&quot;" time="0.001">
    </testcase>
    <testcase classname="common - DateRange - util expect `handleSubmitLogic` to get &quot;to&quot;" name="common - DateRange - util expect `handleSubmitLogic` to get &quot;to&quot;" time="0.001">
    </testcase>
    <testcase classname="common - DateRange - util expect `handleSubmitLogic` to get &quot;NaN&quot;" name="common - DateRange - util expect `handleSubmitLogic` to get &quot;NaN&quot;" time="0.001">
    </testcase>
  </testsuite>
  <testsuite name="Invoices List - Buckets" errors="0" failures="0" skipped="0" timestamp="2023-03-02T19:48:30" time="9.149" tests="10">
    <testcase classname="Invoices List - Buckets expect buckets to render normally with total on desktop" name="Invoices List - Buckets expect buckets to render normally with total on desktop" time="0.364">
    </testcase>
    <testcase classname="Invoices List - Buckets expect buckets to render normally with total on mobile" name="Invoices List - Buckets expect buckets to render normally with total on mobile" time="0.074">
    </testcase>
    <testcase classname="Invoices List - Buckets expect buckets to render with no data" name="Invoices List - Buckets expect buckets to render with no data" time="0.079">
    </testcase>
    <testcase classname="Invoices List - Buckets expect button click for &quot;total-button&quot;" name="Invoices List - Buckets expect button click for &quot;total-button&quot;" time="0.07">
    </testcase>
    <testcase classname="Invoices List - Buckets expect button click for &quot;future-button&quot;" name="Invoices List - Buckets expect button click for &quot;future-button&quot;" time="0.046">
    </testcase>
    <testcase classname="Invoices List - Buckets expect button click for &quot;current-button&quot;" name="Invoices List - Buckets expect button click for &quot;current-button&quot;" time="0.062">
    </testcase>
    <testcase classname="Invoices List - Buckets expect button click for &quot;31-60-button&quot;" name="Invoices List - Buckets expect button click for &quot;31-60-button&quot;" time="0.041">
    </testcase>
    <testcase classname="Invoices List - Buckets expect button click for &quot;61-90-button&quot;" name="Invoices List - Buckets expect button click for &quot;61-90-button&quot;" time="0.075">
    </testcase>
    <testcase classname="Invoices List - Buckets expect button click for &quot;91-120-button&quot;" name="Invoices List - Buckets expect button click for &quot;91-120-button&quot;" time="0.088">
    </testcase>
    <testcase classname="Invoices List - Buckets expect button click for &quot;120-button&quot;" name="Invoices List - Buckets expect button click for &quot;120-button&quot;" time="0.056">
    </testcase>
  </testsuite>
  <testsuite name="common - Header - MobileDrawer" errors="0" failures="0" skipped="0" timestamp="2023-03-02T19:48:29" time="12.263" tests="8">
    <testcase classname="common - Header - MobileDrawer should match snapshot for logged out user" name="common - Header - MobileDrawer should match snapshot for logged out user" time="0.412">
    </testcase>
    <testcase classname="common - Header - MobileDrawer should match snapshot for logged in user" name="common - Header - MobileDrawer should match snapshot for logged in user" time="0.341">
    </testcase>
    <testcase classname="common - Header - MobileDrawer should match snapshot for logged in user as waterworks" name="common - Header - MobileDrawer should match snapshot for logged in user as waterworks" time="1.081">
    </testcase>
    <testcase classname="common - Header - MobileDrawer should match snapshot for logged in user with hold alert" name="common - Header - MobileDrawer should match snapshot for logged in user with hold alert" time="0.638">
    </testcase>
    <testcase classname="common - Header - MobileDrawer expect history is called to the brands page when brands is clicked" name="common - Header - MobileDrawer expect history is called to the brands page when brands is clicked" time="0.248">
    </testcase>
    <testcase classname="common - Header - MobileDrawer expect setOpen is called as false when the close button is clicked" name="common - Header - MobileDrawer expect setOpen is called as false when the close button is clicked" time="0.248">
    </testcase>
    <testcase classname="common - Header - MobileDrawer expect to match snapshot of categories when browse product is clicked" name="common - Header - MobileDrawer expect to match snapshot of categories when browse product is clicked" time="0.421">
    </testcase>
    <testcase classname="common - Header - MobileDrawer expect to match snapshot with my lists" name="common - Header - MobileDrawer expect to match snapshot with my lists" time="0.318">
    </testcase>
  </testsuite>
  <testsuite name="Home - features section - desktop" errors="0" failures="0" skipped="0" timestamp="2023-03-02T19:48:33" time="11.509" tests="10">
    <testcase classname="Home - features section - desktop should match snapshot" name="Home - features section - desktop should match snapshot" time="0.297">
    </testcase>
    <testcase classname="Home - features section - desktop should match snapshot when hovering over &quot;easy to use&quot;" name="Home - features section - desktop should match snapshot when hovering over &quot;easy to use&quot;" time="0.158">
    </testcase>
    <testcase classname="Home - features section - desktop should match snapshot when hovering over &quot;build businesses&quot;" name="Home - features section - desktop should match snapshot when hovering over &quot;build businesses&quot;" time="0.141">
    </testcase>
    <testcase classname="Home - features section - desktop should match snapshot when hovering over &quot;saves time&quot;" name="Home - features section - desktop should match snapshot when hovering over &quot;saves time&quot;" time="0.158">
    </testcase>
    <testcase classname="Home - features section - desktop should match snapshot when hovering over &quot;faster future&quot;" name="Home - features section - desktop should match snapshot when hovering over &quot;faster future&quot;" time="0.148">
    </testcase>
    <testcase classname="Home - features section - mobile should match snapshot" name="Home - features section - mobile should match snapshot" time="0.109">
    </testcase>
    <testcase classname="Home - features section - mobile should match snapshot when hovering over &quot;easy to use&quot;" name="Home - features section - mobile should match snapshot when hovering over &quot;easy to use&quot;" time="0.096">
    </testcase>
    <testcase classname="Home - features section - mobile should match snapshot when hovering over &quot;build businesses&quot;" name="Home - features section - mobile should match snapshot when hovering over &quot;build businesses&quot;" time="0.075">
    </testcase>
    <testcase classname="Home - features section - mobile should match snapshot when hovering over &quot;saves time&quot;" name="Home - features section - mobile should match snapshot when hovering over &quot;saves time&quot;" time="0.067">
    </testcase>
    <testcase classname="Home - features section - mobile should match snapshot when hovering over &quot;faster future&quot;" name="Home - features section - mobile should match snapshot when hovering over &quot;faster future&quot;" time="0.076">
    </testcase>
  </testsuite>
  <testsuite name="common - Header - util - MobileDrawerCollapseList" errors="0" failures="0" skipped="0" timestamp="2023-03-02T19:48:37" time="11.471" tests="7">
    <testcase classname="common - Header - util - MobileDrawerCollapseList MobileDrawerCollapseList should match snapshot for max under Eclipse as logged out user while closed" name="common - Header - util - MobileDrawerCollapseList MobileDrawerCollapseList should match snapshot for max under Eclipse as logged out user while closed" time="0.22">
    </testcase>
    <testcase classname="common - Header - util - MobileDrawerCollapseList MobileDrawerCollapseList should match snapshot for max under Eclipse as logged out user" name="common - Header - util - MobileDrawerCollapseList MobileDrawerCollapseList should match snapshot for max under Eclipse as logged out user" time="0.065">
    </testcase>
    <testcase classname="common - Header - util - MobileDrawerCollapseList MobileDrawerCollapseList should match snapshot for max under Eclipse as logged in user" name="common - Header - util - MobileDrawerCollapseList MobileDrawerCollapseList should match snapshot for max under Eclipse as logged in user" time="0.059">
    </testcase>
    <testcase classname="common - Header - util - MobileDrawerCollapseList MobileDrawerCollapseList should match snapshot for max under Eclipse as logged in Mincron user" name="common - Header - util - MobileDrawerCollapseList MobileDrawerCollapseList should match snapshot for max under Eclipse as logged in Mincron user" time="0.055">
    </testcase>
    <testcase classname="common - Header - util - MobileDrawerCollapseList MobileDrawerCollapseList expect to call setOpen as false when ListItem is clicked" name="common - Header - util - MobileDrawerCollapseList MobileDrawerCollapseList expect to call setOpen as false when ListItem is clicked" time="0.045">
    </testcase>
    <testcase classname="common - Header - util - MobileDrawerCollapseList MobileDrawerCollapseCompanyList should match snapshot" name="common - Header - util - MobileDrawerCollapseList MobileDrawerCollapseCompanyList should match snapshot" time="0.06">
    </testcase>
    <testcase classname="common - Header - util - MobileDrawerCollapseList MobileDrawerCollapseCompanyList should match snapshot when opened" name="common - Header - util - MobileDrawerCollapseList MobileDrawerCollapseCompanyList should match snapshot when opened" time="0.381">
    </testcase>
  </testsuite>
  <testsuite name="Footer - util - useFooterData" errors="0" failures="0" skipped="0" timestamp="2023-03-02T19:48:42" time="8.05" tests="14">
    <testcase classname="Footer - util - useFooterData expect Contract to be false" name="Footer - util - useFooterData expect Contract to be false" time="0.078">
    </testcase>
    <testcase classname="Footer - util - useFooterData expect Contract to be true" name="Footer - util - useFooterData expect Contract to be true" time="0.017">
    </testcase>
    <testcase classname="Footer - util - useFooterData expect List to be false" name="Footer - util - useFooterData expect List to be false" time="0.026">
    </testcase>
    <testcase classname="Footer - util - useFooterData expect List to be true" name="Footer - util - useFooterData expect List to be true" time="0.031">
    </testcase>
    <testcase classname="Footer - util - useFooterData expect Quotes to be false" name="Footer - util - useFooterData expect Quotes to be false" time="0.025">
    </testcase>
    <testcase classname="Footer - util - useFooterData expect Quotes to be true" name="Footer - util - useFooterData expect Quotes to be true" time="0.043">
    </testcase>
    <testcase classname="Footer - util - useFooterData expect Purchase Approvals to be false" name="Footer - util - useFooterData expect Purchase Approvals to be false" time="0.056">
    </testcase>
    <testcase classname="Footer - util - useFooterData expect Purchase Approvals to be true" name="Footer - util - useFooterData expect Purchase Approvals to be true" time="0.014">
    </testcase>
    <testcase classname="Footer - util - useFooterData expect Invoices to be false" name="Footer - util - useFooterData expect Invoices to be false" time="0.019">
    </testcase>
    <testcase classname="Footer - util - useFooterData expect Invoices to be true" name="Footer - util - useFooterData expect Invoices to be true" time="0.02">
    </testcase>
    <testcase classname="Footer - util - useFooterData expect PPP to be false" name="Footer - util - useFooterData expect PPP to be false" time="0.011">
    </testcase>
    <testcase classname="Footer - util - useFooterData expect PPP to be true" name="Footer - util - useFooterData expect PPP to be true" time="0.013">
    </testcase>
    <testcase classname="Footer - util - useFooterData expect Job Form to be false" name="Footer - util - useFooterData expect Job Form to be false" time="0.01">
    </testcase>
    <testcase classname="Footer - util - useFooterData expect Job Form to be true" name="Footer - util - useFooterData expect Job Form to be true" time="0.007">
    </testcase>
  </testsuite>
  <testsuite name="Branches - BranchCard" errors="0" failures="0" skipped="0" timestamp="2023-03-02T19:48:39" time="14.398" tests="10">
    <testcase classname="Branches - BranchCard should match snapshot when loading" name="Branches - BranchCard should match snapshot when loading" time="0.334">
    </testcase>
    <testcase classname="Branches - BranchCard should match snapshot with basic branch data" name="Branches - BranchCard should match snapshot with basic branch data" time="0.132">
    </testcase>
    <testcase classname="Branches - BranchCard should match snapshot with detailed branch data" name="Branches - BranchCard should match snapshot with detailed branch data" time="0.184">
    </testcase>
    <testcase classname="Branches - BranchCard should match snapshot with detailed branch data with distance &lt; 100" name="Branches - BranchCard should match snapshot with detailed branch data with distance &lt; 100" time="0.111">
    </testcase>
    <testcase classname="Branches - BranchCard should match snapshot with as from location as distance" name="Branches - BranchCard should match snapshot with as from location as distance" time="0.077">
    </testcase>
    <testcase classname="Branches - BranchCard should match snapshot with branch that is also the shipping branch" name="Branches - BranchCard should match snapshot with branch that is also the shipping branch" time="0.147">
    </testcase>
    <testcase classname="Branches - BranchCard should match snapshot as product/list page" name="Branches - BranchCard should match snapshot as product/list page" time="0.085">
    </testcase>
    <testcase classname="Branches - BranchCard should match snapshot after more details is opened" name="Branches - BranchCard should match snapshot after more details is opened" time="0.21">
    </testcase>
    <testcase classname="Branches - BranchCard expect onBranchSelected to be called after clicking the Select button" name="Branches - BranchCard expect onBranchSelected to be called after clicking the Select button" time="0.252">
    </testcase>
    <testcase classname="Branches - BranchCard expect onBranchSelected to be called after clicking the Select button with undefined branch" name="Branches - BranchCard expect onBranchSelected to be called after clicking the Select button with undefined branch" time="0.19">
    </testcase>
  </testsuite>
  <testsuite name="Home - util/useHomeSignInForm" errors="0" failures="0" skipped="0" timestamp="2023-03-02T19:48:44" time="12.025" tests="8">
    <testcase classname="Home - util/useHomeSignInForm Expect hook output to match snapshot" name="Home - util/useHomeSignInForm Expect hook output to match snapshot" time="0.059">
    </testcase>
    <testcase classname="Home - util/useHomeSignInForm Expect onComplete to call replace &amp; sendInviteEmail when res is false" name="Home - util/useHomeSignInForm Expect onComplete to call replace &amp; sendInviteEmail when res is false" time="0.025">
    </testcase>
    <testcase classname="Home - util/useHomeSignInForm Expect onComplete to call replace but no sendInviteEmail when res is true" name="Home - util/useHomeSignInForm Expect onComplete to call replace but no sendInviteEmail when res is true" time="0.025">
    </testcase>
    <testcase classname="Home - util/useHomeSignInForm Expect onError to call pushAlert" name="Home - util/useHomeSignInForm Expect onError to call pushAlert" time="0.021">
    </testcase>
    <testcase classname="Home - util/useHomeSignInForm Expect onSubmit to call nothing when login is undefined" name="Home - util/useHomeSignInForm Expect onSubmit to call nothing when login is undefined" time="0.031">
    </testcase>
    <testcase classname="Home - util/useHomeSignInForm Expect onSubmit to call login when login is a function" name="Home - util/useHomeSignInForm Expect onSubmit to call login when login is a function" time="0.019">
    </testcase>
    <testcase classname="Home - util/useHomeSignInForm Expect onSubmit to call some functions when login is a function that throws error" name="Home - util/useHomeSignInForm Expect onSubmit to call some functions when login is a function that throws error" time="0.149">
    </testcase>
    <testcase classname="Home - util/useHomeSignInForm Expect onSubmit to call some functions when login and isInviteSentQuery are functions that throws error" name="Home - util/useHomeSignInForm Expect onSubmit to call some functions when login and isInviteSentQuery are functions that throws error" time="0.034">
    </testcase>
  </testsuite>
  <testsuite name="Login" errors="0" failures="0" skipped="0" timestamp="2023-03-02T19:48:48" time="12" tests="6">
    <testcase classname="Login Should redirect if page is authenticated" name="Login Should redirect if page is authenticated" time="0.104">
    </testcase>
    <testcase classname="Login Should render page" name="Login Should render page" time="0.083">
    </testcase>
    <testcase classname="Login Should render errors if email or password are not entered" name="Login Should render errors if email or password are not entered" time="0.142">
    </testcase>
    <testcase classname="Login Should allow user to submit user name and password" name="Login Should allow user to submit user name and password" time="0.244">
    </testcase>
    <testcase classname="Login Should send email invite" name="Login Should send email invite" time="0.427">
    </testcase>
    <testcase classname="Login Should throw error for incorrect credentials" name="Login Should throw error for incorrect credentials" time="0.563">
    </testcase>
  </testsuite>
  <testsuite name="Orders - util" errors="0" failures="0" skipped="0" timestamp="2023-03-02T19:48:50" time="11.192" tests="19">
    <testcase classname="Orders - util expect `defaultCellValue` to handle normal value" name="Orders - util expect `defaultCellValue` to handle normal value" time="0.004">
    </testcase>
    <testcase classname="Orders - util expect `defaultCellValue` to handle blank value" name="Orders - util expect `defaultCellValue` to handle blank value" time="0.002">
    </testcase>
    <testcase classname="Orders - util expect `sortByParser` to handle `!TEST`" name="Orders - util expect `sortByParser` to handle `!TEST`" time="0.003">
    </testcase>
    <testcase classname="Orders - util expect `sortByParser` to handle `TEST`" name="Orders - util expect `sortByParser` to handle `TEST`" time="0.002">
    </testcase>
    <testcase classname="Orders - util expect `handleGoToPage` to call go" name="Orders - util expect `handleGoToPage` to call go" time="0.004">
    </testcase>
    <testcase classname="Orders - util expect `handlePage` to handle &quot;3&quot;" name="Orders - util expect `handlePage` to handle &quot;3&quot;" time="0.001">
    </testcase>
    <testcase classname="Orders - util expect `handlePage` to handle &quot;-1&quot;" name="Orders - util expect `handlePage` to handle &quot;-1&quot;" time="0.001">
    </testcase>
    <testcase classname="Orders - util expect `handlePage` to handle &quot;NotANumber&quot;" name="Orders - util expect `handlePage` to handle &quot;NotANumber&quot;" time="0.001">
    </testcase>
    <testcase classname="Orders - util Expect `sortDirectionString` to return DESC" name="Orders - util Expect `sortDirectionString` to return DESC" time="0.002">
    </testcase>
    <testcase classname="Orders - util Expect `sortDirectionString` to return ASC" name="Orders - util Expect `sortDirectionString` to return ASC" time="0.003">
    </testcase>
    <testcase classname="Orders - util Expect `sortDirectionString` to return DESC when undefined" name="Orders - util Expect `sortDirectionString` to return DESC when undefined" time="0.002">
    </testcase>
    <testcase classname="Orders - util Expect `sortDirectionString` to return DESC when null" name="Orders - util Expect `sortDirectionString` to return DESC when null" time="0.035">
    </testcase>
    <testcase classname="Orders - util Expect `sortDate` to return 0" name="Orders - util Expect `sortDate` to return 0" time="0.009">
    </testcase>
    <testcase classname="Orders - util Expect `sortDate` to return -1" name="Orders - util Expect `sortDate` to return -1" time="0.011">
    </testcase>
    <testcase classname="Orders - util Expect `sortDate` to return 1" name="Orders - util Expect `sortDate` to return 1" time="0.003">
    </testcase>
    <testcase classname="Orders - util Expect `appliedRangeMemo` to return undefined dates" name="Orders - util Expect `appliedRangeMemo` to return undefined dates" time="0.005">
    </testcase>
    <testcase classname="Orders - util Expect `appliedRangeMemo` to return correct dates" name="Orders - util Expect `appliedRangeMemo` to return correct dates" time="0.015">
    </testcase>
    <testcase classname="Orders - util Expect `trimAccessor` to return the same data if it is not a string" name="Orders - util Expect `trimAccessor` to return the same data if it is not a string" time="0.002">
    </testcase>
    <testcase classname="Orders - util Expect `trimAccessor` to return trimmed string" name="Orders - util Expect `trimAccessor` to return trimmed string" time="0.002">
    </testcase>
  </testsuite>
  <testsuite name="Contract Details - MOBILE" errors="0" failures="0" skipped="0" timestamp="2023-03-02T19:48:54" time="9.154" tests="10">
    <testcase classname="Contract Details - MOBILE ContractProductList - Snapshot match" name="Contract Details - MOBILE ContractProductList - Snapshot match" time="0.432">
    </testcase>
    <testcase classname="Contract Details - MOBILE ContractProductList - Snapshot match for empty list" name="Contract Details - MOBILE ContractProductList - Snapshot match for empty list" time="0.145">
    </testcase>
    <testcase classname="Contract Details - MOBILE ContractProductListControls - Snapshot match" name="Contract Details - MOBILE ContractProductListControls - Snapshot match" time="0.063">
    </testcase>
    <testcase classname="Contract Details - MOBILE ContractLineItem - Snapshot match with data" name="Contract Details - MOBILE ContractLineItem - Snapshot match with data" time="0.246">
    </testcase>
    <testcase classname="Contract Details - MOBILE ContractLineItem - Snapshot match while loading" name="Contract Details - MOBILE ContractLineItem - Snapshot match while loading" time="0.047">
    </testcase>
    <testcase classname="Contract Details - MOBILE ContractLineItem - Snapshot match with no data" name="Contract Details - MOBILE ContractLineItem - Snapshot match with no data" time="0.068">
    </testcase>
    <testcase classname="Contract Details - MOBILE ContractListComment - Snapshot match with comment" name="Contract Details - MOBILE ContractListComment - Snapshot match with comment" time="0.106">
    </testcase>
    <testcase classname="Contract Details - MOBILE ContractListComment - Snapshot match without comment" name="Contract Details - MOBILE ContractListComment - Snapshot match without comment" time="0.035">
    </testcase>
    <testcase classname="Contract Details - MOBILE ContractProductDetailsModal - Snapshot match with data" name="Contract Details - MOBILE ContractProductDetailsModal - Snapshot match with data" time="0.376">
    </testcase>
    <testcase classname="Contract Details - MOBILE ContractProductDetailsModal - Snapshot match without data" name="Contract Details - MOBILE ContractProductDetailsModal - Snapshot match without data" time="0.037">
    </testcase>
  </testsuite>
  <testsuite name="Contract - Provider" errors="0" failures="0" skipped="0" timestamp="2023-03-02T19:48:57" time="7.711" tests="7">
    <testcase classname="Contract - Provider Expect &quot;goToCart&quot; function is called" name="Contract - Provider Expect &quot;goToCart&quot; function is called" time="0.067">
    </testcase>
    <testcase classname="Contract - Provider Expect &quot;handleQtyClear&quot; function is called" name="Contract - Provider Expect &quot;handleQtyClear&quot; function is called" time="0.029">
    </testcase>
    <testcase classname="Contract - Provider Expect &quot;handleReleaseAll&quot; function is called" name="Contract - Provider Expect &quot;handleReleaseAll&quot; function is called" time="0.036">
    </testcase>
    <testcase classname="Contract - Provider Expect &quot;handleReleaseAll&quot; function is called with large" name="Contract - Provider Expect &quot;handleReleaseAll&quot; function is called with large" time="0.024">
    </testcase>
    <testcase classname="Contract - Provider Expect &quot;resetDialog&quot; function is called" name="Contract - Provider Expect &quot;resetDialog&quot; function is called" time="0.015">
    </testcase>
    <testcase classname="Contract - Provider Expect &quot;setQtyInputMap&quot; function is called" name="Contract - Provider Expect &quot;setQtyInputMap&quot; function is called" time="0.025">
    </testcase>
    <testcase classname="Contract - Provider Expect &quot;resetDialog&quot; function is called for over 10mil" name="Contract - Provider Expect &quot;resetDialog&quot; function is called for over 10mil" time="0.016">
    </testcase>
  </testsuite>
  <testsuite name="Invite - util/useInviteCallback" errors="0" failures="0" skipped="0" timestamp="2023-03-02T19:49:00" time="7.337" tests="5">
    <testcase classname="Invite - util/useInviteCallback Expect `handleInviteUser` to call nothing when there is no erpAccountData" name="Invite - util/useInviteCallback Expect `handleInviteUser` to call nothing when there is no erpAccountData" time="0.055">
    </testcase>
    <testcase classname="Invite - util/useInviteCallback Expect `handleInviteUser` to call functions with erpAccountData" name="Invite - util/useInviteCallback Expect `handleInviteUser` to call functions with erpAccountData" time="0.026">
    </testcase>
    <testcase classname="Invite - util/useInviteCallback Expect`handleInviteUser` to parse error object when calling" name="Invite - util/useInviteCallback Expect`handleInviteUser` to parse error object when calling" time="0.019">
    </testcase>
    <testcase classname="Invite - util/useInviteCallback Expect`handleInviteUser` to parse invalid error object when calling" name="Invite - util/useInviteCallback Expect`handleInviteUser` to parse invalid error object when calling" time="0.026">
    </testcase>
    <testcase classname="Invite - util/useInviteCallback Expect effect to call `getErpAccount` when selected billTo account id is valid" name="Invite - util/useInviteCallback Expect effect to call `getErpAccount` when selected billTo account id is valid" time="0.019">
    </testcase>
  </testsuite>
  <testsuite name="Contract - Dialog" errors="0" failures="0" skipped="0" timestamp="2023-03-02T19:49:01" time="7.904" tests="7">
    <testcase classname="Contract - Dialog Matches snapshot as &quot;Release All&quot; in desktop" name="Contract - Dialog Matches snapshot as &quot;Release All&quot; in desktop" time="0.328">
    </testcase>
    <testcase classname="Contract - Dialog Matches snapshot as &quot;Release All&quot; in mobile" name="Contract - Dialog Matches snapshot as &quot;Release All&quot; in mobile" time="0.075">
    </testcase>
    <testcase classname="Contract - Dialog Matches snapshot as &quot;undefined&quot;" name="Contract - Dialog Matches snapshot as &quot;undefined&quot;" time="0.035">
    </testcase>
    <testcase classname="Contract - Dialog Matches snapshot as &quot;Clear All&quot;" name="Contract - Dialog Matches snapshot as &quot;Clear All&quot;" time="0.073">
    </testcase>
    <testcase classname="Contract - Dialog Confirm button action as &quot;Release All&quot;" name="Contract - Dialog Confirm button action as &quot;Release All&quot;" time="0.073">
    </testcase>
    <testcase classname="Contract - Dialog Confirm button action as &quot;Release All&quot;(Fortiline and value over 10 million)" name="Contract - Dialog Confirm button action as &quot;Release All&quot;(Fortiline and value over 10 million)" time="0.063">
    </testcase>
    <testcase classname="Contract - Dialog Confirm button action as &quot;Clear All&quot;" name="Contract - Dialog Confirm button action as &quot;Clear All&quot;" time="0.046">
    </testcase>
  </testsuite>
  <testsuite name="Register - util - useOnError" errors="0" failures="0" skipped="0" timestamp="2023-03-02T19:49:05" time="7.443" tests="8">
    <testcase classname="Register - util - useOnError useOnError expect onAccountMismatchError to call dispatch and pushAlert" name="Register - util - useOnError useOnError expect onAccountMismatchError to call dispatch and pushAlert" time="0.04">
    </testcase>
    <testcase classname="Register - util - useOnError useOnError expect onAccountQueryError to call dispatch and pushAlert" name="Register - util - useOnError useOnError expect onAccountQueryError to call dispatch and pushAlert" time="0.011">
    </testcase>
    <testcase classname="Register - util - useOnError useOnError expect onCreateUserError to call dispatch and pushAlert" name="Register - util - useOnError useOnError expect onCreateUserError to call dispatch and pushAlert" time="0.01">
    </testcase>
    <testcase classname="Register - util - useOnError useOnError expect onUserApproverError to call only pushAlert" name="Register - util - useOnError useOnError expect onUserApproverError to call only pushAlert" time="0.011">
    </testcase>
    <testcase classname="Register - util - useOnError useOnError expect onUserInviteQueryError to call only pushAlert" name="Register - util - useOnError useOnError expect onUserInviteQueryError to call only pushAlert" time="0.018">
    </testcase>
    <testcase classname="Register - util - useOnError tryParseError expect to parse error normally" name="Register - util - useOnError tryParseError expect to parse error normally" time="0.002">
    </testcase>
    <testcase classname="Register - util - useOnError tryParseError expect to parse error blank" name="Register - util - useOnError tryParseError expect to parse error blank" time="0.001">
    </testcase>
    <testcase classname="Register - util - useOnError tryParseError expect to parse error invalid" name="Register - util - useOnError tryParseError expect to parse error invalid" time="0.001">
    </testcase>
  </testsuite>
  <testsuite name="Contract - Review Release" errors="0" failures="0" skipped="0" timestamp="2023-03-02T19:49:03" time="13.385" tests="5">
    <testcase classname="Contract - Review Release Should match snapshot when it is not open" name="Contract - Review Release Should match snapshot when it is not open" time="0.087">
    </testcase>
    <testcase classname="Contract - Review Release Should match snapshot when it is open with no products" name="Contract - Review Release Should match snapshot when it is open with no products" time="0.171">
    </testcase>
    <testcase classname="Contract - Review Release Should match snapshot before &amp; after closing" name="Contract - Review Release Should match snapshot before &amp; after closing" time="0.452">
    </testcase>
    <testcase classname="Contract - Review Release Expect the handleClose and handleReleaseOver10mil functions to be called when button is clicked and value over 10mil" name="Contract - Review Release Expect the handleClose and handleReleaseOver10mil functions to be called when button is clicked and value over 10mil" time="1.238">
    </testcase>
    <testcase classname="Contract - Review Release Expect the release functions to be called when the button is clicked" name="Contract - Review Release Expect the release functions to be called when the button is clicked" time="0.269">
    </testcase>
  </testsuite>
  <testsuite name="ForgetPassword - util/useForgetPasswordEffect" errors="0" failures="0" skipped="0" timestamp="2023-03-02T19:49:09" time="7.342" tests="4">
    <testcase classname="ForgetPassword - util/useForgetPasswordEffect Expect nothing to happen when recoveryToken is undefined" name="ForgetPassword - util/useForgetPasswordEffect Expect nothing to happen when recoveryToken is undefined" time="0.093">
    </testcase>
    <testcase classname="ForgetPassword - util/useForgetPasswordEffect Expect nothing to happen when verifyRecoveryToken is undefined" name="ForgetPassword - util/useForgetPasswordEffect Expect nothing to happen when verifyRecoveryToken is undefined" time="0.058">
    </testcase>
    <testcase classname="ForgetPassword - util/useForgetPasswordEffect Expect to call setEmail and setTransaction when response status is &quot;PASSWORD_RESET&quot;" name="ForgetPassword - util/useForgetPasswordEffect Expect to call setEmail and setTransaction when response status is &quot;PASSWORD_RESET&quot;" time="0.065">
    </testcase>
    <testcase classname="ForgetPassword - util/useForgetPasswordEffect Expect to call setQueryParams and pushAlert when okta function trigger an error" name="ForgetPassword - util/useForgetPasswordEffect Expect to call setQueryParams and pushAlert when okta function trigger an error" time="0.078">
    </testcase>
  </testsuite>
  <testsuite name="common - TablePageLayout - util - TableRendererBodyRow" errors="0" failures="0" skipped="0" timestamp="2023-03-02T19:49:12" time="11.327" tests="8">
    <testcase classname="common - TablePageLayout - util - TableRendererBodyRow Expect to match snapshot as ungrouped" name="common - TablePageLayout - util - TableRendererBodyRow Expect to match snapshot as ungrouped" time="0.093">
    </testcase>
    <testcase classname="common - TablePageLayout - util - TableRendererBodyRow Expect to match snapshot as grouped but no subrows" name="common - TablePageLayout - util - TableRendererBodyRow Expect to match snapshot as grouped but no subrows" time="0.012">
    </testcase>
    <testcase classname="common - TablePageLayout - util - TableRendererBodyRow Expect to match snapshot with only cells" name="common - TablePageLayout - util - TableRendererBodyRow Expect to match snapshot with only cells" time="0.038">
    </testcase>
    <testcase classname="common - TablePageLayout - util - TableRendererBodyRow Expect to match snapshot as grouped with subRows" name="common - TablePageLayout - util - TableRendererBodyRow Expect to match snapshot as grouped with subRows" time="0.056">
    </testcase>
    <testcase classname="common - TablePageLayout - util - TableRendererBodyRow Expect to match snapshot as grouped with subRows while expanded" name="common - TablePageLayout - util - TableRendererBodyRow Expect to match snapshot as grouped with subRows while expanded" time="0.044">
    </testcase>
    <testcase classname="common - TablePageLayout - util - TableRendererBodyRow Expect to match snapshot with a cell that is not grouped" name="common - TablePageLayout - util - TableRendererBodyRow Expect to match snapshot with a cell that is not grouped" time="0.032">
    </testcase>
    <testcase classname="common - TablePageLayout - util - TableRendererBodyRow Expect to match snapshot with a cell that is not grouped and is aggregated" name="common - TablePageLayout - util - TableRendererBodyRow Expect to match snapshot with a cell that is not grouped and is aggregated" time="0.027">
    </testcase>
    <testcase classname="common - TablePageLayout - util - TableRendererBodyRow Expect to call onRowClick when it is valid" name="common - TablePageLayout - util - TableRendererBodyRow Expect to call onRowClick when it is valid" time="0.034">
    </testcase>
  </testsuite>
  <testsuite name="Checkout - Payment" errors="0" failures="0" skipped="0" timestamp="2023-03-02T19:49:17" time="7.059" tests="5">
    <testcase classname="Checkout - Payment should match snapshot on desktop" name="Checkout - Payment should match snapshot on desktop" time="0.232">
    </testcase>
    <testcase classname="Checkout - Payment should match snapshot on mobile" name="Checkout - Payment should match snapshot on mobile" time="0.077">
    </testcase>
    <testcase classname="Checkout - Payment should match snapshot on error" name="Checkout - Payment should match snapshot on error" time="0.066">
    </testcase>
    <testcase classname="Checkout - Payment should match snapshot with Credit Card as payment method" name="Checkout - Payment should match snapshot with Credit Card as payment method" time="0.087">
    </testcase>
    <testcase classname="Checkout - Payment should match snapshot when paymentMethodType has an invalid option" name="Checkout - Payment should match snapshot when paymentMethodType has an invalid option" time="0.066">
    </testcase>
  </testsuite>
  <testsuite name="Branch Search tests" errors="0" failures="0" skipped="0" timestamp="2023-03-02T19:49:08" time="17.523" tests="6">
    <testcase classname="Branch Search tests Should show loading and load correctly" name="Branch Search tests Should show loading and load correctly" time="1.174">
    </testcase>
    <testcase classname="Branch Search tests Should test the clear-button" name="Branch Search tests Should test the clear-button" time="1.706">
    </testcase>
    <testcase classname="Branch Search tests Should filter by type" name="Branch Search tests Should filter by type" time="3.551">
    </testcase>
    <testcase classname="Branch Search tests Should test the clear-button in mobile" name="Branch Search tests Should test the clear-button in mobile" time="1.834">
    </testcase>
    <testcase classname="Branch Search tests Should test the map-button in mobile" name="Branch Search tests Should test the map-button in mobile" time="0.881">
    </testcase>
    <testcase classname="Branch Search tests Should not show the location search when google not loaded" name="Branch Search tests Should not show the location search when google not loaded" time="0.066">
    </testcase>
  </testsuite>
  <testsuite name="common - Header - SearchBar" errors="0" failures="0" skipped="0" timestamp="2023-03-02T19:49:17" time="10.035" tests="6">
    <testcase classname="common - Header - SearchBar Should match snapshot - Desktop" name="common - Header - SearchBar Should match snapshot - Desktop" time="0.17">
    </testcase>
    <testcase classname="common - Header - SearchBar Should match snapshot - Mobile" name="common - Header - SearchBar Should match snapshot - Mobile" time="0.105">
    </testcase>
    <testcase classname="common - Header - SearchBar Should debounce value on change" name="common - Header - SearchBar Should debounce value on change" time="0.279">
    </testcase>
    <testcase classname="common - Header - SearchBar Should close on click away" name="common - Header - SearchBar Should close on click away" time="0.154">
    </testcase>
    <testcase classname="common - Header - SearchBar expect to match snapshot when submitted search with criteria" name="common - Header - SearchBar expect to match snapshot when submitted search with criteria" time="0.058">
    </testcase>
    <testcase classname="common - Header - SearchBar expect to match snapshot when submitted searched from home page" name="common - Header - SearchBar expect to match snapshot when submitted searched from home page" time="0.044">
    </testcase>
  </testsuite>
  <testsuite name="CustomerApproval - util/useCustomerApprovalTable" errors="0" failures="0" skipped="0" timestamp="2023-03-02T19:49:24" time="6.76" tests="8">
    <testcase classname="CustomerApproval - util/useCustomerApprovalTable expect `handleFilterReset` to call some functions" name="CustomerApproval - util/useCustomerApprovalTable expect `handleFilterReset` to call some functions" time="0.051">
    </testcase>
    <testcase classname="CustomerApproval - util/useCustomerApprovalTable expect `handleSubmitFilter` to call some functions when filterValue is all" name="CustomerApproval - util/useCustomerApprovalTable expect `handleSubmitFilter` to call some functions when filterValue is all" time="0.011">
    </testcase>
    <testcase classname="CustomerApproval - util/useCustomerApprovalTable expect `handleSubmitFilter` to call some functions when filterValue is NOT all" name="CustomerApproval - util/useCustomerApprovalTable expect `handleSubmitFilter` to call some functions when filterValue is NOT all" time="0.012">
    </testcase>
    <testcase classname="CustomerApproval - util/useCustomerApprovalTable expect `formatDays` to return 2 Days" name="CustomerApproval - util/useCustomerApprovalTable expect `formatDays` to return 2 Days" time="0.001">
    </testcase>
    <testcase classname="CustomerApproval - util/useCustomerApprovalTable expect `formatDays` to return 1 Day" name="CustomerApproval - util/useCustomerApprovalTable expect `formatDays` to return 1 Day" time="0.001">
    </testcase>
    <testcase classname="CustomerApproval - util/useCustomerApprovalTable expect `formatDays` to return &lt; 1 Day" name="CustomerApproval - util/useCustomerApprovalTable expect `formatDays` to return &lt; 1 Day" time="0">
    </testcase>
    <testcase classname="CustomerApproval - util/useCustomerApprovalTable expect `filterMemoLogic` to return branch" name="CustomerApproval - util/useCustomerApprovalTable expect `filterMemoLogic` to return branch" time="0.001">
    </testcase>
    <testcase classname="CustomerApproval - util/useCustomerApprovalTable expect `filterMemoLogic` to return blank" name="CustomerApproval - util/useCustomerApprovalTable expect `filterMemoLogic` to return blank" time="0.001">
    </testcase>
  </testsuite>
  <testsuite name="CreditCard - util/Provider/useCreditCardEffect" errors="0" failures="0" skipped="0" timestamp="2023-03-02T19:49:25" time="8.119" tests="6">
    <testcase classname="CreditCard - util/Provider/useCreditCardEffect Expect setCreditCard functions not to be called with no credit card" name="CreditCard - util/Provider/useCreditCardEffect Expect setCreditCard functions not to be called with no credit card" time="0.038">
    </testcase>
    <testcase classname="CreditCard - util/Provider/useCreditCardEffect Expect setCreditCard functions to be called with valid credit card" name="CreditCard - util/Provider/useCreditCardEffect Expect setCreditCard functions to be called with valid credit card" time="0.021">
    </testcase>
    <testcase classname="CreditCard - util/Provider/useCreditCardEffect Expect global function in `parseCCResponse` to be called" name="CreditCard - util/Provider/useCreditCardEffect Expect global function in `parseCCResponse` to be called" time="0.014">
    </testcase>
    <testcase classname="CreditCard - util/Provider/useCreditCardEffect Expect `getCreditCardElementInfo` in `parseCCResponse` to be called" name="CreditCard - util/Provider/useCreditCardEffect Expect `getCreditCardElementInfo` in `parseCCResponse` to be called" time="0.014">
    </testcase>
    <testcase classname="CreditCard - util/Provider/useCreditCardEffect Expect `pushAlert` in `parseCCResponse` to be called" name="CreditCard - util/Provider/useCreditCardEffect Expect `pushAlert` in `parseCCResponse` to be called" time="0.013">
    </testcase>
    <testcase classname="CreditCard - util/Provider/useCreditCardEffect Expect `pushAlert` in `parseCCResponse` noit to be called" name="CreditCard - util/Provider/useCreditCardEffect Expect `pushAlert` in `parseCCResponse` noit to be called" time="0.018">
    </testcase>
  </testsuite>
  <testsuite name="Register - StepTwo" errors="0" failures="0" skipped="0" timestamp="2023-03-02T19:49:27" time="8.152" tests="5">
    <testcase classname="Register - StepTwo Should render employee view if employee account is used" name="Register - StepTwo Should render employee view if employee account is used" time="0.082">
    </testcase>
    <testcase classname="Register - StepTwo Should render form when not an employee account" name="Register - StepTwo Should render form when not an employee account" time="0.096">
    </testcase>
    <testcase classname="Register - StepTwo Should allow submission if new account is selected" name="Register - StepTwo Should allow submission if new account is selected" time="0.354">
    </testcase>
    <testcase classname="Register - StepTwo Should allow submission of existing account that is not fortiline" name="Register - StepTwo Should allow submission of existing account that is not fortiline" time="0.718">
    </testcase>
    <testcase classname="Register - StepTwo Should display fortiline link" name="Register - StepTwo Should display fortiline link" time="0.472">
    </testcase>
  </testsuite>
  <testsuite name="Contract Details" errors="0" failures="0" skipped="0" timestamp="2023-03-02T19:49:24" time="15.105" tests="5">
    <testcase classname="Contract Details Desktop snapshot match" name="Contract Details Desktop snapshot match" time="2.218">
    </testcase>
    <testcase classname="Contract Details Desktop snapshot match when loading" name="Contract Details Desktop snapshot match when loading" time="0.267">
    </testcase>
    <testcase classname="Contract Details Mobile snapshot match" name="Contract Details Mobile snapshot match" time="1.538">
    </testcase>
    <testcase classname="Contract Details Mobile snapshot match when loading" name="Contract Details Mobile snapshot match when loading" time="0.531">
    </testcase>
    <testcase classname="Contract Details Snapshot match when erpAccountId is null" name="Contract Details Snapshot match when erpAccountId is null" time="0.411">
    </testcase>
  </testsuite>
  <testsuite name="common - HoldAlert" errors="0" failures="0" skipped="0" timestamp="2023-03-02T19:49:34" time="7.846" tests="9">
    <testcase classname="common - HoldAlert Should match snapshot when account is not on hold" name="common - HoldAlert Should match snapshot when account is not on hold" time="0.041">
    </testcase>
    <testcase classname="common - HoldAlert Should match snapshot when shipTo account is not on hold" name="common - HoldAlert Should match snapshot when shipTo account is not on hold" time="0.01">
    </testcase>
    <testcase classname="common - HoldAlert Should match snapshot on desktop" name="common - HoldAlert Should match snapshot on desktop" time="0.058">
    </testcase>
    <testcase classname="common - HoldAlert Should match snapshot on mobile" name="common - HoldAlert Should match snapshot on mobile" time="0.027">
    </testcase>
    <testcase classname="common - HoldAlert Should match snapshot on desktop for shipTo account" name="common - HoldAlert Should match snapshot on desktop for shipTo account" time="0.028">
    </testcase>
    <testcase classname="common - HoldAlert Should match snapshot on mobile for shipTo account" name="common - HoldAlert Should match snapshot on mobile for shipTo account" time="0.025">
    </testcase>
    <testcase classname="common - HoldAlert Should close Alert on clicking the cross-icon" name="common - HoldAlert Should close Alert on clicking the cross-icon" time="0.594">
    </testcase>
    <testcase classname="common - HoldAlert Dialog Should match snapshot on desktop" name="common - HoldAlert Dialog Should match snapshot on desktop" time="0.5">
    </testcase>
    <testcase classname="common - HoldAlert Dialog Should match snapshot on mobile" name="common - HoldAlert Dialog Should match snapshot on mobile" time="0.038">
    </testcase>
  </testsuite>
  <testsuite name="JobForm - JobFormProvider" errors="0" failures="0" skipped="0" timestamp="2023-03-02T19:49:31" time="10.817" tests="2">
    <testcase classname="JobForm - JobFormProvider Should render displayed values" name="JobForm - JobFormProvider Should render displayed values" time="0.144">
    </testcase>
    <testcase classname="JobForm - JobFormProvider Should render correct values" name="JobForm - JobFormProvider Should render correct values" time="0.077">
    </testcase>
  </testsuite>
  <testsuite name="common - header - CartButton" errors="0" failures="0" skipped="0" timestamp="2023-03-02T19:49:36" time="8.605" tests="8">
    <testcase classname="common - header - CartButton should match snapshot on desktop" name="common - header - CartButton should match snapshot on desktop" time="0.088">
    </testcase>
    <testcase classname="common - header - CartButton should match snapshot on mobile" name="common - header - CartButton should match snapshot on mobile" time="0.055">
    </testcase>
    <testcase classname="common - header - CartButton should match snapshot while loading on desktop" name="common - header - CartButton should match snapshot while loading on desktop" time="0.033">
    </testcase>
    <testcase classname="common - header - CartButton should match snapshot while loading on mobile" name="common - header - CartButton should match snapshot while loading on mobile" time="0.031">
    </testcase>
    <testcase classname="common - header - CartButton should result in null when location is &quot;/select-accounts&quot;" name="common - header - CartButton should result in null when location is &quot;/select-accounts&quot;" time="0.022">
    </testcase>
    <testcase classname="common - header - CartButton expect goToCart to call clear quote" name="common - header - CartButton expect goToCart to call clear quote" time="0.018">
    </testcase>
    <testcase classname="common - header - CartButton expect goToCart to call to go to cart" name="common - header - CartButton expect goToCart to call to go to cart" time="0.01">
    </testcase>
    <testcase classname="common - header - CartButton expect goToCart to call to go to cart with contract" name="common - header - CartButton expect goToCart to call to go to cart with contract" time="0.018">
    </testcase>
  </testsuite>
  <testsuite name="common - BreadCrumbs" errors="0" failures="0" skipped="0" timestamp="2023-03-02T19:49:41" time="6.745" tests="9">
    <testcase classname="common - BreadCrumbs should match snapshot with no config on desktop" name="common - BreadCrumbs should match snapshot with no config on desktop" time="0.079">
    </testcase>
    <testcase classname="common - BreadCrumbs should match snapshot with no config on mobile" name="common - BreadCrumbs should match snapshot with no config on mobile" time="0.058">
    </testcase>
    <testcase classname="common - BreadCrumbs should match snapshot with . as text on desktop" name="common - BreadCrumbs should match snapshot with . as text on desktop" time="0.027">
    </testcase>
    <testcase classname="common - BreadCrumbs should match snapshot with . as text on mobile" name="common - BreadCrumbs should match snapshot with . as text on mobile" time="0.03">
    </testcase>
    <testcase classname="common - BreadCrumbs should match snapshot with test as text on desktop" name="common - BreadCrumbs should match snapshot with test as text on desktop" time="0.018">
    </testcase>
    <testcase classname="common - BreadCrumbs should match snapshot with test as text on mobile" name="common - BreadCrumbs should match snapshot with test as text on mobile" time="0.032">
    </testcase>
    <testcase classname="common - BreadCrumbs should match snapshot with to as Location on desktop" name="common - BreadCrumbs should match snapshot with to as Location on desktop" time="0.019">
    </testcase>
    <testcase classname="common - BreadCrumbs should match snapshot with to as Location on mobile" name="common - BreadCrumbs should match snapshot with to as Location on mobile" time="0.027">
    </testcase>
    <testcase classname="common - BreadCrumbs should match snapshot with to as Location and . as text on mobile" name="common - BreadCrumbs should match snapshot with to as Location and . as text on mobile" time="0.03">
    </testcase>
  </testsuite>
  <testsuite name="Contract Details - Header" errors="0" failures="0" skipped="0" timestamp="2023-03-02T19:49:39" time="9.861" tests="7">
    <testcase classname="Contract Details - Header Desktop snapshot match" name="Contract Details - Header Desktop snapshot match" time="0.392">
    </testcase>
    <testcase classname="Contract Details - Header Desktop snapshot match for blank data" name="Contract Details - Header Desktop snapshot match for blank data" time="0.102">
    </testcase>
    <testcase classname="Contract Details - Header Desktop open/collapse" name="Contract Details - Header Desktop open/collapse" time="1.321">
    </testcase>
    <testcase classname="Contract Details - Header Mobile snapshot match" name="Contract Details - Header Mobile snapshot match" time="0.255">
    </testcase>
    <testcase classname="Contract Details - Header Mobile snapshot match for blank data" name="Contract Details - Header Mobile snapshot match for blank data" time="0.104">
    </testcase>
    <testcase classname="Contract Details - Header Header Mobile open/collapse" name="Contract Details - Header Header Mobile open/collapse" time="0.516">
    </testcase>
    <testcase classname="Contract Details - Header Mobile more details open/collapse" name="Contract Details - Header Mobile more details open/collapse" time="1.403">
    </testcase>
  </testsuite>
  <testsuite name="CreditCard - util/Provider/useAddCreditCard" errors="0" failures="0" skipped="0" timestamp="2023-03-02T19:49:42" time="8.582" tests="4">
    <testcase classname="CreditCard - util/Provider/useAddCreditCard Expect to match snapshot of the output" name="CreditCard - util/Provider/useAddCreditCard Expect to match snapshot of the output" time="0.042">
    </testcase>
    <testcase classname="CreditCard - util/Provider/useAddCreditCard Expect `updateCartCreditCard` to call with no credit card" name="CreditCard - util/Provider/useAddCreditCard Expect `updateCartCreditCard` to call with no credit card" time="0.014">
    </testcase>
    <testcase classname="CreditCard - util/Provider/useAddCreditCard Expect `updateCartCreditCard` to call with credit card" name="CreditCard - util/Provider/useAddCreditCard Expect `updateCartCreditCard` to call with credit card" time="0.02">
    </testcase>
    <testcase classname="CreditCard - util/Provider/useAddCreditCard Expect `deleteCreditCard` to be called" name="CreditCard - util/Provider/useAddCreditCard Expect `deleteCreditCard` to be called" time="0.017">
    </testcase>
  </testsuite>
  <testsuite name="AddToListButton tests" errors="0" failures="0" skipped="0" timestamp="2023-03-02T19:49:45" time="6.727" tests="5">
    <testcase classname="AddToListButton tests Should show the add to list button" name="AddToListButton tests Should show the add to list button" time="0.12">
    </testcase>
    <testcase classname="AddToListButton tests Should show added to list button when the product already in the list" name="AddToListButton tests Should show added to list button when the product already in the list" time="0.089">
    </testcase>
    <testcase classname="AddToListButton tests Should show the add to list button with product index and quantity" name="AddToListButton tests Should show the add to list button with product index and quantity" time="0.112">
    </testcase>
    <testcase classname="AddToListButton tests Should initiate add to list when button is clicked" name="AddToListButton tests Should initiate add to list when button is clicked" time="0.105">
    </testcase>
    <testcase classname="AddToListButton tests Should show added to list after selected product updated to list" name="AddToListButton tests Should show added to list after selected product updated to list" time="0.094">
    </testcase>
  </testsuite>
  <testsuite name="Utils - useSearchParam" errors="0" failures="0" skipped="0" timestamp="2023-03-02T19:49:52" time="0.432" tests="6">
    <testcase classname="Utils - useSearchParam should get a search param" name="Utils - useSearchParam should get a search param" time="0.003">
    </testcase>
    <testcase classname="Utils - useSearchParam should return search params as object and a setter with no config parameter" name="Utils - useSearchParam should return search params as object and a setter with no config parameter" time="0.001">
    </testcase>
    <testcase classname="Utils - useSearchParam should return search params as object and a setter with config parameter" name="Utils - useSearchParam should return search params as object and a setter with config parameter" time="0.001">
    </testcase>
    <testcase classname="Utils - useSearchParam should convert an object to search params" name="Utils - useSearchParam should convert an object to search params" time="0.001">
    </testcase>
    <testcase classname="Utils - useSearchParam should convert an object to search params without falsy" name="Utils - useSearchParam should convert an object to search params without falsy" time="0">
    </testcase>
    <testcase classname="Utils - useSearchParam should convert params to an object" name="Utils - useSearchParam should convert params to an object" time="0">
    </testcase>
  </testsuite>
  <testsuite name="SelectAccountsProvider" errors="0" failures="0" skipped="0" timestamp="2023-03-02T19:49:48" time="8.307" tests="4">
    <testcase classname="SelectAccountsProvider Should render values" name="SelectAccountsProvider Should render values" time="0.489">
    </testcase>
    <testcase classname="SelectAccountsProvider Should render updated branch Id" name="SelectAccountsProvider Should render updated branch Id" time="0.262">
    </testcase>
    <testcase classname="SelectAccountsProvider Should update account data" name="SelectAccountsProvider Should update account data" time="0.33">
    </testcase>
    <testcase classname="SelectAccountsProvider Should clear all values" name="SelectAccountsProvider Should clear all values" time="0.211">
    </testcase>
  </testsuite>
  <testsuite name="common - ErrorBoundary - ErrorComponent" errors="0" failures="0" skipped="0" timestamp="2023-03-02T19:49:50" time="6.501" tests="8">
    <testcase classname="common - ErrorBoundary - ErrorComponent should match snapshot on desktop as NOT_FOUND" name="common - ErrorBoundary - ErrorComponent should match snapshot on desktop as NOT_FOUND" time="0.222">
    </testcase>
    <testcase classname="common - ErrorBoundary - ErrorComponent should match snapshot on mobile as NOT_FOUND" name="common - ErrorBoundary - ErrorComponent should match snapshot on mobile as NOT_FOUND" time="0.064">
    </testcase>
    <testcase classname="common - ErrorBoundary - ErrorComponent should match snapshot on desktop as BRANCH_ERROR" name="common - ErrorBoundary - ErrorComponent should match snapshot on desktop as BRANCH_ERROR" time="0.037">
    </testcase>
    <testcase classname="common - ErrorBoundary - ErrorComponent should match snapshot on mobile as BRANCH_ERROR" name="common - ErrorBoundary - ErrorComponent should match snapshot on mobile as BRANCH_ERROR" time="0.035">
    </testcase>
    <testcase classname="common - ErrorBoundary - ErrorComponent Should navigate to Error page with Product Not Found error type" name="common - ErrorBoundary - ErrorComponent Should navigate to Error page with Product Not Found error type" time="0.042">
    </testcase>
    <testcase classname="common - ErrorBoundary - ErrorComponent should match snapshot on desktop as OTHER" name="common - ErrorBoundary - ErrorComponent should match snapshot on desktop as OTHER" time="0.044">
    </testcase>
    <testcase classname="common - ErrorBoundary - ErrorComponent should match snapshot on mobile as OTHER" name="common - ErrorBoundary - ErrorComponent should match snapshot on mobile as OTHER" time="0.037">
    </testcase>
    <testcase classname="common - ErrorBoundary - ErrorComponent should expect Redirect to be &quot;rendered&quot; as `undefined`" name="common - ErrorBoundary - ErrorComponent should expect Redirect to be &quot;rendered&quot; as `undefined`" time="0.016">
    </testcase>
  </testsuite>
  <testsuite name="CategoriesButtonWrapper tests" errors="0" failures="0" skipped="0" timestamp="2023-03-02T19:49:49" time="8.86" tests="4">
    <testcase classname="CategoriesButtonWrapper tests should render correctly" name="CategoriesButtonWrapper tests should render correctly" time="0.722">
    </testcase>
    <testcase classname="CategoriesButtonWrapper tests should render correctly while loading" name="CategoriesButtonWrapper tests should render correctly while loading" time="0.023">
    </testcase>
    <testcase classname="CategoriesButtonWrapper tests should link correctly" name="CategoriesButtonWrapper tests should link correctly" time="0.336">
    </testcase>
    <testcase classname="CategoriesButtonWrapper tests should update categories when hovering over a category" name="CategoriesButtonWrapper tests should update categories when hovering over a category" time="0.509">
    </testcase>
  </testsuite>
  <testsuite name="Utils - Add to Range" errors="0" failures="0" skipped="0" timestamp="2023-03-02T19:49:58" time="0.545" tests="9">
    <testcase classname="Utils - Add to Range expect `undefined` range set both to today" name="Utils - Add to Range expect `undefined` range set both to today" time="0.003">
    </testcase>
    <testcase classname="Utils - Add to Range expect when &quot;from = today &amp; to = null&quot; to return both undefined" name="Utils - Add to Range expect when &quot;from = today &amp; to = null&quot; to return both undefined" time="0.001">
    </testcase>
    <testcase classname="Utils - Add to Range expect when &quot;from = today+2 &amp; to = null&quot; to return `from` as today and `to` as today+2" name="Utils - Add to Range expect when &quot;from = today+2 &amp; to = null&quot; to return `from` as today and `to` as today+2" time="0.001">
    </testcase>
    <testcase classname="Utils - Add to Range expect when &quot;from = today-2 &amp; to = null&quot; to return `from` as today-2 and `to` as today" name="Utils - Add to Range expect when &quot;from = today-2 &amp; to = null&quot; to return `from` as today-2 and `to` as today" time="0.001">
    </testcase>
    <testcase classname="Utils - Add to Range expect when both `to` and `from` is today to return both undefined" name="Utils - Add to Range expect when both `to` and `from` is today to return both undefined" time="0.001">
    </testcase>
    <testcase classname="Utils - Add to Range expect when &quot;from = today-2 &amp; to = today&quot; to return both as `to`" name="Utils - Add to Range expect when &quot;from = today-2 &amp; to = today&quot; to return both as `to`" time="0.002">
    </testcase>
    <testcase classname="Utils - Add to Range expect when &quot;from = today &amp; to = today+2&quot; to return both as undefined" name="Utils - Add to Range expect when &quot;from = today &amp; to = today+2&quot; to return both as undefined" time="0.001">
    </testcase>
    <testcase classname="Utils - Add to Range expect when &quot;from = today+2 &amp; to = today+7&quot; to return `from` as today and `to` as today+7" name="Utils - Add to Range expect when &quot;from = today+2 &amp; to = today+7&quot; to return `from` as today and `to` as today+7" time="0.009">
    </testcase>
    <testcase classname="Utils - Add to Range expect when &quot;from = today-2 &amp; to = today+2&quot; to return `from` the same and `to` as today" name="Utils - Add to Range expect when &quot;from = today-2 &amp; to = today+2&quot; to return `from` the same and `to` as today" time="0.001">
    </testcase>
  </testsuite>
  <testsuite name="ForgotPassword" errors="0" failures="0" skipped="0" timestamp="2023-03-02T19:49:53" time="8.841" tests="8">
    <testcase classname="ForgotPassword Expect to match snapshot on desktop with default data" name="ForgotPassword Expect to match snapshot on desktop with default data" time="0.26">
    </testcase>
    <testcase classname="ForgotPassword Expect to match snapshot on mobile with default data" name="ForgotPassword Expect to match snapshot on mobile with default data" time="0.095">
    </testcase>
    <testcase classname="ForgotPassword Expect to match snapshot on desktop when transaction is not undefined" name="ForgotPassword Expect to match snapshot on desktop when transaction is not undefined" time="0.209">
    </testcase>
    <testcase classname="ForgotPassword Expect to match snapshot on mobile when transaction is not undefined" name="ForgotPassword Expect to match snapshot on mobile when transaction is not undefined" time="0.159">
    </testcase>
    <testcase classname="ForgotPassword Expect to match snapshot on desktop when requestSent is true" name="ForgotPassword Expect to match snapshot on desktop when requestSent is true" time="0.12">
    </testcase>
    <testcase classname="ForgotPassword Expect to match snapshot on mobile when requestSent is true" name="ForgotPassword Expect to match snapshot on mobile when requestSent is true" time="0.063">
    </testcase>
    <testcase classname="ForgotPassword Expect to match snapshot on desktop with email error" name="ForgotPassword Expect to match snapshot on desktop with email error" time="0.156">
    </testcase>
    <testcase classname="ForgotPassword Remove param when autoToken is invalid, then expect the submit button for sending email is rendered" name="ForgotPassword Remove param when autoToken is invalid, then expect the submit button for sending email is rendered" time="0.05">
    </testcase>
  </testsuite>
  <testsuite name="Utils - useGeolocation" errors="0" failures="0" skipped="0" timestamp="2023-03-02T19:50:02" time="0.713" tests="7">
    <testcase classname="Utils - useGeolocation should return empty without any mocks" name="Utils - useGeolocation should return empty without any mocks" time="0.049">
    </testcase>
    <testcase classname="Utils - useGeolocation should return empty when stop is enabled" name="Utils - useGeolocation should return empty when stop is enabled" time="0.006">
    </testcase>
    <testcase classname="Utils - useGeolocation should return empty when skip is enabled" name="Utils - useGeolocation should return empty when skip is enabled" time="0.006">
    </testcase>
    <testcase classname="Utils - useGeolocation should return coords with mocks" name="Utils - useGeolocation should return coords with mocks" time="0.017">
    </testcase>
    <testcase classname="Utils - useGeolocation should return coords with mocks on WATCH mode" name="Utils - useGeolocation should return coords with mocks on WATCH mode" time="0.007">
    </testcase>
    <testcase classname="Utils - useGeolocation should return empty with errors" name="Utils - useGeolocation should return empty with errors" time="0.04">
    </testcase>
    <testcase classname="Utils - useGeolocation should return empty with errors on WATCH mode" name="Utils - useGeolocation should return empty with errors on WATCH mode" time="0.008">
    </testcase>
  </testsuite>
  <testsuite name="LocationSearch LocationCard tests" errors="0" failures="0" skipped="0" timestamp="2023-03-02T19:49:57" time="9.327" tests="4">
    <testcase classname="LocationSearch LocationCard tests should render while loading" name="LocationSearch LocationCard tests should render while loading" time="0.083">
    </testcase>
    <testcase classname="LocationSearch LocationCard tests should render the branch details correctly" name="LocationSearch LocationCard tests should render the branch details correctly" time="0.078">
    </testcase>
    <testcase classname="LocationSearch LocationCard tests should render the branch location details" name="LocationSearch LocationCard tests should render the branch location details" time="0.078">
    </testcase>
    <testcase classname="LocationSearch LocationCard tests should render the branch location details in mobile" name="LocationSearch LocationCard tests should render the branch location details in mobile" time="0.055">
    </testcase>
  </testsuite>
  <testsuite name="Invoices List - Lib" errors="0" failures="0" skipped="0" timestamp="2023-03-02T19:49:58" time="8.485" tests="5">
    <testcase classname="Invoices List - Lib expect `sortAge` to return 0" name="Invoices List - Lib expect `sortAge` to return 0" time="0.003">
    </testcase>
    <testcase classname="Invoices List - Lib expect `sortAge` to return 1" name="Invoices List - Lib expect `sortAge` to return 1" time="0.001">
    </testcase>
    <testcase classname="Invoices List - Lib expect `sortAge` to return -1" name="Invoices List - Lib expect `sortAge` to return -1" time="0.001">
    </testcase>
    <testcase classname="Invoices List - Lib expect `handleDownloadClickedCb` is called" name="Invoices List - Lib expect `handleDownloadClickedCb` is called" time="0.001">
    </testcase>
    <testcase classname="Invoices List - Lib expect `handleDownloadClickedCb` is called with no erpAccountId" name="Invoices List - Lib expect `handleDownloadClickedCb` is called with no erpAccountId" time="0.001">
    </testcase>
  </testsuite>
  <testsuite name="Home" errors="0" failures="0" skipped="0" timestamp="2023-03-02T19:49:57" time="13.351" tests="8">
    <testcase classname="Home should render the Home page" name="Home should render the Home page" time="0.905">
    </testcase>
    <testcase classname="Home should render the Home page as guest" name="Home should render the Home page as guest" time="0.406">
    </testcase>
    <testcase classname="Home should render the Verify Email page" name="Home should render the Verify Email page" time="0.072">
    </testcase>
    <testcase classname="Home should render the Pending User page" name="Home should render the Pending User page" time="0.124">
    </testcase>
    <testcase classname="Home should render the Home page on mobile display" name="Home should render the Home page on mobile display" time="0.25">
    </testcase>
    <testcase classname="Home should render the Home page as guest on mobile display" name="Home should render the Home page as guest on mobile display" time="0.291">
    </testcase>
    <testcase classname="Home should render the Verify Email page on mobile display" name="Home should render the Verify Email page on mobile display" time="0.079">
    </testcase>
    <testcase classname="Home should render the Pending User page on mobile display" name="Home should render the Pending User page on mobile display" time="0.064">
    </testcase>
  </testsuite>
  <testsuite name="Utils - useSearchParam Implementations" errors="0" failures="0" skipped="0" timestamp="2023-03-02T19:50:03" time="10.269" tests="3">
    <testcase classname="Utils - useSearchParam Implementations should get a search param" name="Utils - useSearchParam Implementations should get a search param" time="0.067">
    </testcase>
    <testcase classname="Utils - useSearchParam Implementations should get a search param with path" name="Utils - useSearchParam Implementations should get a search param with path" time="0.022">
    </testcase>
    <testcase classname="Utils - useSearchParam Implementations should get a search param with toReplaceHistory" name="Utils - useSearchParam Implementations should get a search param with toReplaceHistory" time="0.018">
    </testcase>
  </testsuite>
  <testsuite name="Common - QtyInput Utils" errors="0" failures="0" skipped="0" timestamp="2023-03-02T19:50:13" time="0.432" tests="12">
    <testcase classname="Common - QtyInput Utils expect `qtyUpdateLogic` to resolve with default values" name="Common - QtyInput Utils expect `qtyUpdateLogic` to resolve with default values" time="0.003">
    </testcase>
    <testcase classname="Common - QtyInput Utils expect `qtyUpdateLogic` to resolve with incremental values" name="Common - QtyInput Utils expect `qtyUpdateLogic` to resolve with incremental values" time="0.001">
    </testcase>
    <testcase classname="Common - QtyInput Utils expect `qtyUpdateLogic` to resolve with incremental values at the max" name="Common - QtyInput Utils expect `qtyUpdateLogic` to resolve with incremental values at the max" time="0.001">
    </testcase>
    <testcase classname="Common - QtyInput Utils expect `qtyUpdateLogic` to resolve with incremental values at the max with 0 allowed" name="Common - QtyInput Utils expect `qtyUpdateLogic` to resolve with incremental values at the max with 0 allowed" time="0.001">
    </testcase>
    <testcase classname="Common - QtyInput Utils expect `canUpdate` to resolve false with values (0, 0)" name="Common - QtyInput Utils expect `canUpdate` to resolve false with values (0, 0)" time="0.001">
    </testcase>
    <testcase classname="Common - QtyInput Utils expect `canUpdate` to resolve false with values (1, 1)" name="Common - QtyInput Utils expect `canUpdate` to resolve false with values (1, 1)" time="0">
    </testcase>
    <testcase classname="Common - QtyInput Utils expect `canUpdate` to resolve true with values (1, 0)" name="Common - QtyInput Utils expect `canUpdate` to resolve true with values (1, 0)" time="0.001">
    </testcase>
    <testcase classname="Common - QtyInput Utils expect `canUpdate` to resolve false with values (0, 1)" name="Common - QtyInput Utils expect `canUpdate` to resolve false with values (0, 1)" time="0">
    </testcase>
    <testcase classname="Common - QtyInput Utils expect `canUpdate` to resolve false with values (0, 0, true)" name="Common - QtyInput Utils expect `canUpdate` to resolve false with values (0, 0, true)" time="0.001">
    </testcase>
    <testcase classname="Common - QtyInput Utils expect `canUpdate` to resolve false with values (1, 1, true)" name="Common - QtyInput Utils expect `canUpdate` to resolve false with values (1, 1, true)" time="0">
    </testcase>
    <testcase classname="Common - QtyInput Utils expect `canUpdate` to resolve true with values (1, 0, true)" name="Common - QtyInput Utils expect `canUpdate` to resolve true with values (1, 0, true)" time="0">
    </testcase>
    <testcase classname="Common - QtyInput Utils expect `canUpdate` to resolve true with values (0, 1, true)" name="Common - QtyInput Utils expect `canUpdate` to resolve true with values (0, 1, true)" time="0.001">
    </testcase>
  </testsuite>
  <testsuite name="common - Header - HeaderProvider" errors="0" failures="0" skipped="0" timestamp="2023-03-02T19:50:06" time="8.787" tests="1">
    <testcase classname="common - Header - HeaderProvider Should allow user to change values" name="common - Header - HeaderProvider Should allow user to change values" time="0.054">
    </testcase>
  </testsuite>
  <testsuite name="Support - Support Info" errors="0" failures="0" skipped="0" timestamp="2023-03-02T19:50:07" time="9" tests="7">
    <testcase classname="Support - Support Info should match the snapshot on desktop" name="Support - Support Info should match the snapshot on desktop" time="0.137">
    </testcase>
    <testcase classname="Support - Support Info should match the snapshot on moble" name="Support - Support Info should match the snapshot on moble" time="0.068">
    </testcase>
    <testcase classname="Support - Support Info should match the snapshot on desktop no Home Branch" name="Support - Support Info should match the snapshot on desktop no Home Branch" time="0.042">
    </testcase>
    <testcase classname="Support - Support Info should match the snapshot on moble no Home Branch" name="Support - Support Info should match the snapshot on moble no Home Branch" time="0.053">
    </testcase>
    <testcase classname="Support - Support Info should match the snapshot on desktop empty data" name="Support - Support Info should match the snapshot on desktop empty data" time="0.076">
    </testcase>
    <testcase classname="Support - Support Info should match the snapshot on moble empty data" name="Support - Support Info should match the snapshot on moble empty data" time="0.082">
    </testcase>
    <testcase classname="Support - Support Info should match snapshot with hours on desktop" name="Support - Support Info should match snapshot with hours on desktop" time="0.063">
    </testcase>
  </testsuite>
  <testsuite name="common - Header - CompanyList" errors="0" failures="0" skipped="0" timestamp="2023-03-02T19:50:10" time="10.46" tests="6">
    <testcase classname="common - Header - CompanyList Should match snapshot on desktop" name="common - Header - CompanyList Should match snapshot on desktop" time="0.298">
    </testcase>
    <testcase classname="common - Header - CompanyList Should match snapshot on mobile" name="common - Header - CompanyList Should match snapshot on mobile" time="0.09">
    </testcase>
    <testcase classname="common - Header - CompanyList Should link based off the brand" name="common - Header - CompanyList Should link based off the brand" time="1.398">
    </testcase>
    <testcase classname="common - Header - CompanyList Should have the correct link based on environment" name="common - Header - CompanyList Should have the correct link based on environment" time="0.6">
    </testcase>
    <testcase classname="common - Header - CompanyList Expect Support Button to call to move to support page" name="common - Header - CompanyList Expect Support Button to call to move to support page" time="0.078">
    </testcase>
    <testcase classname="common - Header - CompanyList Expect Support Button to call to move to location search page" name="common - Header - CompanyList Expect Support Button to call to move to location search page" time="0.058">
    </testcase>
  </testsuite>
  <testsuite name="Invoices List - Data" errors="0" failures="0" skipped="0" timestamp="2023-03-02T19:50:13" time="7.581" tests="9">
    <testcase classname="Invoices List - Data Expect `tableDataMemo` to return blank when data is undefined" name="Invoices List - Data Expect `tableDataMemo` to return blank when data is undefined" time="0.002">
    </testcase>
    <testcase classname="Invoices List - Data Expect `tableDataMemo` to return all rows with data when from/to are undefined" name="Invoices List - Data Expect `tableDataMemo` to return all rows with data when from/to are undefined" time="0">
    </testcase>
    <testcase classname="Invoices List - Data Expect `tableDataMemo` to return X rows of data" name="Invoices List - Data Expect `tableDataMemo` to return X rows of data" time="0.001">
    </testcase>
    <testcase classname="Invoices List - Data Expect `tableDataMemo` to return all rows of data when from is undefined" name="Invoices List - Data Expect `tableDataMemo` to return all rows of data when from is undefined" time="0">
    </testcase>
    <testcase classname="Invoices List - Data Expect `tableDataMemo` to return all rows of data when to is undefined" name="Invoices List - Data Expect `tableDataMemo` to return all rows of data when to is undefined" time="0">
    </testcase>
    <testcase classname="Invoices List - Data Expect `tableDataMemo` to return 1 row of data when bucket is set as &quot;Future&quot;" name="Invoices List - Data Expect `tableDataMemo` to return 1 row of data when bucket is set as &quot;Future&quot;" time="0.001">
    </testcase>
    <testcase classname="Invoices List - Data Expect `openInvoiceUrl` to open" name="Invoices List - Data Expect `openInvoiceUrl` to open" time="0.015">
    </testcase>
    <testcase classname="Invoices List - Data Expect `openInvoiceUrl` to NOT open when undefined is passed over" name="Invoices List - Data Expect `openInvoiceUrl` to NOT open when undefined is passed over" time="0">
    </testcase>
    <testcase classname="Invoices List - Data Expect `onInvoiceDataError` to call once" name="Invoices List - Data Expect `onInvoiceDataError` to call once" time="0.002">
    </testcase>
  </testsuite>
  <testsuite name="ForgetPassword - util/useForgetPasswordData" errors="0" failures="0" skipped="0" timestamp="2023-03-02T19:50:15" time="7.243" tests="5">
    <testcase classname="ForgetPassword - util/useForgetPasswordData expect to match snapshot for the hook" name="ForgetPassword - util/useForgetPasswordData expect to match snapshot for the hook" time="0.093">
    </testcase>
    <testcase classname="ForgetPassword - util/useForgetPasswordData expect onComplete to to call some functions when response is false" name="ForgetPassword - util/useForgetPasswordData expect onComplete to to call some functions when response is false" time="0.005">
    </testcase>
    <testcase classname="ForgetPassword - util/useForgetPasswordData expect onComplete to to call some functions when response is true" name="ForgetPassword - util/useForgetPasswordData expect onComplete to to call some functions when response is true" time="0.003">
    </testcase>
    <testcase classname="ForgetPassword - util/useForgetPasswordData expect onError to to call some functions when no failure" name="ForgetPassword - util/useForgetPasswordData expect onError to to call some functions when no failure" time="0.005">
    </testcase>
    <testcase classname="ForgetPassword - util/useForgetPasswordData expect onError to to call some functions with failure" name="ForgetPassword - util/useForgetPasswordData expect onError to to call some functions with failure" time="0.007">
    </testcase>
  </testsuite>
  <testsuite name="Orders - utils" errors="0" failures="0" skipped="0" timestamp="2023-03-02T19:50:22" time="1.822" tests="8">
    <testcase classname="Orders - utils expect summaryValuesLogic to return the correct keys" name="Orders - utils expect summaryValuesLogic to return the correct keys" time="0.004">
    </testcase>
    <testcase classname="Orders - utils expect summaryValuesLogic to return the correct address" name="Orders - utils expect summaryValuesLogic to return the correct address" time="0.002">
    </testcase>
    <testcase classname="Orders - utils expect summaryValuesLogic to return &quot;-&quot; when order data is empty" name="Orders - utils expect summaryValuesLogic to return &quot;-&quot; when order data is empty" time="0.001">
    </testcase>
    <testcase classname="Orders - utils expect summaryValuesLogic to return &quot;common.delivery&quot; when order data is empty" name="Orders - utils expect summaryValuesLogic to return &quot;common.delivery&quot; when order data is empty" time="0">
    </testcase>
    <testcase classname="Orders - utils expect functions NOT to be called with addItemsToCartCb when orders is undefined" name="Orders - utils expect functions NOT to be called with addItemsToCartCb when orders is undefined" time="0.001">
    </testcase>
    <testcase classname="Orders - utils expect addItemsToCart to be called with addItemsToCartCb with order with no bad item" name="Orders - utils expect addItemsToCart to be called with addItemsToCartCb with order with no bad item" time="0.002">
    </testcase>
    <testcase classname="Orders - utils expect functions to be called with addItemsToCartCb with order with bad item" name="Orders - utils expect functions to be called with addItemsToCartCb with order with bad item" time="0.001">
    </testcase>
    <testcase classname="Orders - utils expect getUom to return correct uom value" name="Orders - utils expect getUom to return correct uom value" time="0.001">
    </testcase>
  </testsuite>
  <testsuite name="Cart - DeliveryMethod" errors="0" failures="0" skipped="0" timestamp="2023-03-02T19:50:16" time="8.468" tests="3">
    <testcase classname="Cart - DeliveryMethod Should test branch info under willcall (no contract)" name="Cart - DeliveryMethod Should test branch info under willcall (no contract)" time="0.154">
    </testcase>
    <testcase classname="Cart - DeliveryMethod Should test the radio buttons under willcall (no contract)" name="Cart - DeliveryMethod Should test the radio buttons under willcall (no contract)" time="0.053">
    </testcase>
    <testcase classname="Cart - DeliveryMethod Should expect `setBranchSelectOpen` to be called" name="Cart - DeliveryMethod Should expect `setBranchSelectOpen` to be called" time="0.04">
    </testcase>
  </testsuite>
  <testsuite name="Summary Cards Tests" errors="0" failures="0" skipped="0" timestamp="2023-03-02T19:50:21" time="8.444" tests="5">
    <testcase classname="Summary Cards Tests should not have subTotal value when loading is true" name="Summary Cards Tests should not have subTotal value when loading is true" time="0.142">
    </testcase>
    <testcase classname="Summary Cards Tests should test the approve quote button" name="Summary Cards Tests should test the approve quote button" time="0.038">
    </testcase>
    <testcase classname="Summary Cards Tests should test the approve button without quote prop" name="Summary Cards Tests should test the approve button without quote prop" time="0.033">
    </testcase>
    <testcase classname="Summary Cards Tests should test the approve quote button without mandatory props" name="Summary Cards Tests should test the approve quote button without mandatory props" time="0.045">
    </testcase>
    <testcase classname="Summary Cards Tests should test the decline quote button" name="Summary Cards Tests should test the decline quote button" time="0.044">
    </testcase>
  </testsuite>
  <testsuite name="common - Header - util - DesktopSubheaderMenu" errors="0" failures="0" skipped="0" timestamp="2023-03-02T19:50:24" time="7.555" tests="4">
    <testcase classname="common - Header - util - DesktopSubheaderMenu should match snapshot for max under Eclipse as logged out user" name="common - Header - util - DesktopSubheaderMenu should match snapshot for max under Eclipse as logged out user" time="0.113">
    </testcase>
    <testcase classname="common - Header - util - DesktopSubheaderMenu should match snapshot for max under Eclipse as logged in user" name="common - Header - util - DesktopSubheaderMenu should match snapshot for max under Eclipse as logged in user" time="0.054">
    </testcase>
    <testcase classname="common - Header - util - DesktopSubheaderMenu should match snapshot for max under Mincron as logged in user" name="common - Header - util - DesktopSubheaderMenu should match snapshot for max under Mincron as logged in user" time="0.15">
    </testcase>
    <testcase classname="common - Header - util - DesktopSubheaderMenu should match snapshot for resources to click on an item" name="common - Header - util - DesktopSubheaderMenu should match snapshot for resources to click on an item" time="1.05">
    </testcase>
  </testsuite>
  <testsuite name="PurchaseApproverDialog" errors="0" failures="0" skipped="0" timestamp="2023-03-02T19:50:24" time="8.373" tests="5">
    <testcase classname="PurchaseApproverDialog Should have close icon when loading is false" name="PurchaseApproverDialog Should have close icon when loading is false" time="0.449">
    </testcase>
    <testcase classname="PurchaseApproverDialog Should not have close button when loading is true" name="PurchaseApproverDialog Should not have close button when loading is true" time="0.035">
    </testcase>
    <testcase classname="PurchaseApproverDialog Should not show dialog when dialog is not in open state" name="PurchaseApproverDialog Should not show dialog when dialog is not in open state" time="0.032">
    </testcase>
    <testcase classname="PurchaseApproverDialog Should have purchase approver users assigned to the user" name="PurchaseApproverDialog Should have purchase approver users assigned to the user" time="0.101">
    </testcase>
    <testcase classname="PurchaseApproverDialog Should have purchase approver users assigned to the user in mobile view" name="PurchaseApproverDialog Should have purchase approver users assigned to the user in mobile view" time="0.047">
    </testcase>
  </testsuite>
  <testsuite name="Account Tests" errors="0" failures="0" skipped="0" timestamp="2023-03-02T19:50:21" time="13.265" tests="3">
    <testcase classname="Account Tests should render the Account information page" name="Account Tests should render the Account information page" time="0.128">
    </testcase>
    <testcase classname="Account Tests should render the Account information page with correct company info for Mincron User" name="Account Tests should render the Account information page with correct company info for Mincron User" time="0.332">
    </testcase>
    <testcase classname="Account Tests should render the Account information page with correct company info for Eclipse User" name="Account Tests should render the Account information page with correct company info for Eclipse User" time="0.286">
    </testcase>
  </testsuite>
  <testsuite name="common - PermissionRequired" errors="0" failures="0" skipped="0" timestamp="2023-03-02T19:50:29" time="8.13" tests="7">
    <testcase classname="common - PermissionRequired checkUserPermission Expect to return false with no match" name="common - PermissionRequired checkUserPermission Expect to return false with no match" time="0.002">
    </testcase>
    <testcase classname="common - PermissionRequired checkUserPermission Expect to return false with no permission values" name="common - PermissionRequired checkUserPermission Expect to return false with no permission values" time="0.001">
    </testcase>
    <testcase classname="common - PermissionRequired checkUserPermission Expect to return false with match" name="common - PermissionRequired checkUserPermission Expect to return false with match" time="0.001">
    </testcase>
    <testcase classname="common - PermissionRequired PermissionRequired should match snapshot when there is no match" name="common - PermissionRequired PermissionRequired should match snapshot when there is no match" time="0.036">
    </testcase>
    <testcase classname="common - PermissionRequired PermissionRequired should match snapshot when there is no userId" name="common - PermissionRequired PermissionRequired should match snapshot when there is no userId" time="0.061">
    </testcase>
    <testcase classname="common - PermissionRequired PermissionRequired should match snapshot when there is a match" name="common - PermissionRequired PermissionRequired should match snapshot when there is a match" time="0.016">
    </testcase>
    <testcase classname="common - PermissionRequired PermissionRequired should match snapshot of mocked redirect" name="common - PermissionRequired PermissionRequired should match snapshot of mocked redirect" time="0.017">
    </testcase>
  </testsuite>
  <testsuite name="Apollo Client tests" errors="0" failures="0" skipped="0" timestamp="2023-03-02T19:50:32" time="7.805" tests="8">
    <testcase classname="Apollo Client tests Expect `overwriteIfNotNull` to return previous data" name="Apollo Client tests Expect `overwriteIfNotNull` to return previous data" time="0.003">
    </testcase>
    <testcase classname="Apollo Client tests Expect `overwriteIfNotNull` to return incoming data" name="Apollo Client tests Expect `overwriteIfNotNull` to return incoming data" time="0.001">
    </testcase>
    <testcase classname="Apollo Client tests Expect `applyIncomingIfValid` to return incoming data" name="Apollo Client tests Expect `applyIncomingIfValid` to return incoming data" time="0">
    </testcase>
    <testcase classname="Apollo Client tests Expect `onlyTakeIncoming` to return incoming data" name="Apollo Client tests Expect `onlyTakeIncoming` to return incoming data" time="0">
    </testcase>
    <testcase classname="Apollo Client tests Expect `readSelectedAccountsVar` to return incoming data" name="Apollo Client tests Expect `readSelectedAccountsVar` to return incoming data" time="0.001">
    </testcase>
    <testcase classname="Apollo Client tests Should set the Authorization header to the correct value - Logged Out" name="Apollo Client tests Should set the Authorization header to the correct value - Logged Out" time="0.004">
    </testcase>
    <testcase classname="Apollo Client tests Should set the Authorization header to the correct value - Logged In" name="Apollo Client tests Should set the Authorization header to the correct value - Logged In" time="0.001">
    </testcase>
    <testcase classname="Apollo Client tests Invalidate List cache test" name="Apollo Client tests Invalidate List cache test" time="0.001">
    </testcase>
  </testsuite>
  <testsuite name="common - TablePageLayout" errors="0" failures="0" skipped="0" timestamp="2023-03-02T19:50:33" time="8.592" tests="7">
    <testcase classname="common - TablePageLayout expect to match snapshot on basic props on desktop" name="common - TablePageLayout expect to match snapshot on basic props on desktop" time="0.121">
    </testcase>
    <testcase classname="common - TablePageLayout expect to match snapshot on basic props on mobile" name="common - TablePageLayout expect to match snapshot on basic props on mobile" time="0.117">
    </testcase>
    <testcase classname="common - TablePageLayout expect to match snapshot while loading on desktop" name="common - TablePageLayout expect to match snapshot while loading on desktop" time="0.076">
    </testcase>
    <testcase classname="common - TablePageLayout expect to match snapshot while loading on mobile" name="common - TablePageLayout expect to match snapshot while loading on mobile" time="0.052">
    </testcase>
    <testcase classname="common - TablePageLayout expect to match snapshot on filled props on desktop" name="common - TablePageLayout expect to match snapshot on filled props on desktop" time="0.296">
    </testcase>
    <testcase classname="common - TablePageLayout expect to match snapshot on filled props on mobile" name="common - TablePageLayout expect to match snapshot on filled props on mobile" time="0.086">
    </testcase>
    <testcase classname="common - TablePageLayout expect to match snapshot on basic props on mobile with flatCard" name="common - TablePageLayout expect to match snapshot on basic props on mobile with flatCard" time="0.059">
    </testcase>
  </testsuite>
  <testsuite name="Product Page" errors="0" failures="0" skipped="0" timestamp="2023-03-02T19:50:35" time="13.291" tests="3">
    <testcase classname="Product Page renders the product page correctly" name="Product Page renders the product page correctly" time="1.009">
    </testcase>
    <testcase classname="Product Page renders the product page correctly in mobile" name="Product Page renders the product page correctly in mobile" time="0.999">
    </testcase>
    <testcase classname="Product Page renders product page with added to list button for selected product" name="Product Page renders product page with added to list button for selected product" time="0.548">
    </testcase>
  </testsuite>
  <testsuite name="Orders - util/columns" errors="0" failures="0" skipped="0" timestamp="2023-03-02T19:50:42" time="6.855" tests="8">
    <testcase classname="Orders - util/columns expect `formatOrderTotal` to format undefined as $0.00" name="Orders - util/columns expect `formatOrderTotal` to format undefined as $0.00" time="0.003">
    </testcase>
    <testcase classname="Orders - util/columns expect `formatOrderTotal` to format 10 as $10.00" name="Orders - util/columns expect `formatOrderTotal` to format 10 as $10.00" time="0">
    </testcase>
    <testcase classname="Orders - util/columns expect `formatOrderTotal` to format 12345.67 as $12,345.67" name="Orders - util/columns expect `formatOrderTotal` to format 12345.67 as $12,345.67" time="0.001">
    </testcase>
    <testcase classname="Orders - util/columns expect `sortOrderDate` to return 1 when A values is blank" name="Orders - util/columns expect `sortOrderDate` to return 1 when A values is blank" time="0.001">
    </testcase>
    <testcase classname="Orders - util/columns expect `sortOrderDate` to return -1 when B values is blank" name="Orders - util/columns expect `sortOrderDate` to return -1 when B values is blank" time="0">
    </testcase>
    <testcase classname="Orders - util/columns expect `sortOrderDate` to return -1 when both values is blank" name="Orders - util/columns expect `sortOrderDate` to return -1 when both values is blank" time="0">
    </testcase>
    <testcase classname="Orders - util/columns expect `sortOrderCurrency` to return -1 when A is bigger than B" name="Orders - util/columns expect `sortOrderCurrency` to return -1 when A is bigger than B" time="0.001">
    </testcase>
    <testcase classname="Orders - util/columns expect `sortOrderCurrency` to return 1 when A is smaller than B" name="Orders - util/columns expect `sortOrderCurrency` to return 1 when A is smaller than B" time="0">
    </testcase>
  </testsuite>
  <testsuite name="Branches - BranchButton" errors="0" failures="0" skipped="0" timestamp="2023-03-02T19:50:38" time="10.889" tests="6">
    <testcase classname="Branches - BranchButton should be disabled while loading" name="Branches - BranchButton should be disabled while loading" time="0.213">
    </testcase>
    <testcase classname="Branches - BranchButton should be matching snapshot on desktop" name="Branches - BranchButton should be matching snapshot on desktop" time="0.215">
    </testcase>
    <testcase classname="Branches - BranchButton should be matching snapshot on mobile" name="Branches - BranchButton should be matching snapshot on mobile" time="0.2">
    </testcase>
    <testcase classname="Branches - BranchButton should be matching snapshot with detailed branch data" name="Branches - BranchButton should be matching snapshot with detailed branch data" time="0.168">
    </testcase>
    <testcase classname="Branches - BranchButton should be matching snapshot when homeBranchError is true" name="Branches - BranchButton should be matching snapshot when homeBranchError is true" time="0.03">
    </testcase>
    <testcase classname="Branches - BranchButton should be matching snapshot on with shippingBranchState" name="Branches - BranchButton should be matching snapshot on with shippingBranchState" time="0.028">
    </testcase>
  </testsuite>
  <testsuite name="Utils - formatDate" errors="0" failures="0" skipped="0" timestamp="2023-03-02T19:50:48" time="0.548" tests="6">
    <testcase classname="Utils - formatDate returns an empty string when no dateString is provided" name="Utils - formatDate returns an empty string when no dateString is provided" time="0.003">
    </testcase>
    <testcase classname="Utils - formatDate formats a string to a date string" name="Utils - formatDate formats a string to a date string" time="0.001">
    </testcase>
    <testcase classname="Utils - formatDate formats a Date to a date string" name="Utils - formatDate formats a Date to a date string" time="0.001">
    </testcase>
    <testcase classname="Utils - compareDates compares two Row objects" name="Utils - compareDates compares two Row objects" time="0.002">
    </testcase>
    <testcase classname="Utils - compareDates compares two Date objects" name="Utils - compareDates compares two Date objects" time="0.002">
    </testcase>
    <testcase classname="Utils - compareDates compares two Date strings" name="Utils - compareDates compares two Date strings" time="0.001">
    </testcase>
  </testsuite>
  <testsuite name="Cart - LineNotesModal" errors="0" failures="0" skipped="0" timestamp="2023-03-02T19:50:40" time="9.915" tests="6">
    <testcase classname="Cart - LineNotesModal should match snapshot as desktop" name="Cart - LineNotesModal should match snapshot as desktop" time="0.269">
    </testcase>
    <testcase classname="Cart - LineNotesModal should match snapshot as mobile" name="Cart - LineNotesModal should match snapshot as mobile" time="0.13">
    </testcase>
    <testcase classname="Cart - LineNotesModal expect the input value to update as user inputs value to the textfield" name="Cart - LineNotesModal expect the input value to update as user inputs value to the textfield" time="0.16">
    </testcase>
    <testcase classname="Cart - LineNotesModal expect the clear button to erase all values in the textfield" name="Cart - LineNotesModal expect the clear button to erase all values in the textfield" time="0.144">
    </testcase>
    <testcase classname="Cart - LineNotesModal expect the save button to call setLineNotes and onClose" name="Cart - LineNotesModal expect the save button to call setLineNotes and onClose" time="0.071">
    </testcase>
    <testcase classname="Cart - LineNotesModal expect the text to reset when closing" name="Cart - LineNotesModal expect the text to reset when closing" time="0.182">
    </testcase>
  </testsuite>
  <testsuite name="Migration Setup Message" errors="0" failures="0" skipped="0" timestamp="2023-03-02T19:50:49" time="6.004" tests="5">
    <testcase classname="Migration Setup Message should match snapshot in desktop" name="Migration Setup Message should match snapshot in desktop" time="0.102">
    </testcase>
    <testcase classname="Migration Setup Message should match snapshot in desktop when location state is undefined" name="Migration Setup Message should match snapshot in desktop when location state is undefined" time="0.019">
    </testcase>
    <testcase classname="Migration Setup Message should match snapshot in mobile" name="Migration Setup Message should match snapshot in mobile" time="0.04">
    </testcase>
    <testcase classname="Migration Setup Message failed to send invite email" name="Migration Setup Message failed to send invite email" time="0.131">
    </testcase>
    <testcase classname="Migration Setup Message successfully to send invite email" name="Migration Setup Message successfully to send invite email" time="0.083">
    </testcase>
  </testsuite>
  <testsuite name="Contract Details - Line Item" errors="0" failures="0" skipped="0" timestamp="2023-03-02T19:50:49" time="7.741" tests="4">
    <testcase classname="Contract Details - Line Item Normal LineItem Snapshot match" name="Contract Details - Line Item Normal LineItem Snapshot match" time="0.291">
    </testcase>
    <testcase classname="Contract Details - Line Item Loading LineItem Snapshot match" name="Contract Details - Line Item Loading LineItem Snapshot match" time="0.058">
    </testcase>
    <testcase classname="Contract Details - Line Item LineItem Snapshot match when data is empty" name="Contract Details - Line Item LineItem Snapshot match when data is empty" time="0.063">
    </testcase>
    <testcase classname="Contract Details - Line Item Line item details modal open/close" name="Contract Details - Line Item Line item details modal open/close" time="0.678">
    </testcase>
  </testsuite>
  <testsuite name="Support - Home Branch Card" errors="0" failures="0" skipped="0" timestamp="2023-03-02T19:50:50" time="6.51" tests="6">
    <testcase classname="Support - Home Branch Card should match snapshot on desktop" name="Support - Home Branch Card should match snapshot on desktop" time="0.163">
    </testcase>
    <testcase classname="Support - Home Branch Card should match snapshot on mobile" name="Support - Home Branch Card should match snapshot on mobile" time="0.106">
    </testcase>
    <testcase classname="Support - Home Branch Card should match snapshot on desktop with no Home Branch" name="Support - Home Branch Card should match snapshot on desktop with no Home Branch" time="0.145">
    </testcase>
    <testcase classname="Support - Home Branch Card should match snapshot on mobile with no Home Branch" name="Support - Home Branch Card should match snapshot on mobile with no Home Branch" time="0.145">
    </testcase>
    <testcase classname="Support - Home Branch Card should match snapshot on desktop with empty data" name="Support - Home Branch Card should match snapshot on desktop with empty data" time="0.135">
    </testcase>
    <testcase classname="Support - Home Branch Card should match snapshot on mobile with empty data" name="Support - Home Branch Card should match snapshot on mobile with empty data" time="0.207">
    </testcase>
  </testsuite>
  <testsuite name="CustomerApproval" errors="0" failures="0" skipped="0" timestamp="2023-03-02T19:50:49" time="9.345" tests="4">
    <testcase classname="CustomerApproval Expect to match snapshot on desktop" name="CustomerApproval Expect to match snapshot on desktop" time="0.707">
    </testcase>
    <testcase classname="CustomerApproval Expect to match snapshot on mobile" name="CustomerApproval Expect to match snapshot on mobile" time="0.706">
    </testcase>
    <testcase classname="CustomerApproval Should navigate to the View User page for approval or rejection" name="CustomerApproval Should navigate to the View User page for approval or rejection" time="1.472">
    </testcase>
    <testcase classname="CustomerApproval Should navigate to the View User page for approval or rejection with broken data" name="CustomerApproval Should navigate to the View User page for approval or rejection with broken data" time="0.278">
    </testcase>
  </testsuite>
  <testsuite name="DeleteDialog" errors="0" failures="0" skipped="0" timestamp="2023-03-02T19:50:55" time="6.708" tests="4">
    <testcase classname="DeleteDialog Should have &quot;delete&quot; button when loading is false" name="DeleteDialog Should have &quot;delete&quot; button when loading is false" time="0.298">
    </testcase>
    <testcase classname="DeleteDialog Should not have &quot;delete&quot; button when loading is true" name="DeleteDialog Should not have &quot;delete&quot; button when loading is true" time="0.081">
    </testcase>
    <testcase classname="DeleteDialog Should match snapshot when firstname is empty string" name="DeleteDialog Should match snapshot when firstname is empty string" time="0.081">
    </testcase>
    <testcase classname="DeleteDialog Should check if handleEmployeeLeftChange function called" name="DeleteDialog Should check if handleEmployeeLeftChange function called" time="0.35">
    </testcase>
  </testsuite>
  <testsuite name="JobFormSuccessModal" errors="0" failures="0" skipped="0" timestamp="2023-03-02T19:50:56" time="7.556" tests="3">
    <testcase classname="JobFormSuccessModal should render component with necessary data" name="JobFormSuccessModal should render component with necessary data" time="0.127">
    </testcase>
    <testcase classname="JobFormSuccessModal should render modal message if employee" name="JobFormSuccessModal should render modal message if employee" time="0.027">
    </testcase>
    <testcase classname="JobFormSuccessModal should call history.push when return to home is clicked" name="JobFormSuccessModal should call history.push when return to home is clicked" time="0.037">
    </testcase>
  </testsuite>
  <testsuite name="Invoice tests" errors="0" failures="0" skipped="0" timestamp="2023-03-02T19:50:57" time="7.772" tests="3">
    <testcase classname="Invoice tests Should show loading and display correctly for Mincron accounts" name="Invoice tests Should show loading and display correctly for Mincron accounts" time="0.444">
    </testcase>
    <testcase classname="Invoice tests Should show info card for the invoice" name="Invoice tests Should show info card for the invoice" time="0.203">
    </testcase>
    <testcase classname="Invoice tests Should summary card info for the invoice" name="Invoice tests Should summary card info for the invoice" time="0.327">
    </testcase>
  </testsuite>
  <testsuite name="Home - UserPanel" errors="0" failures="0" skipped="0" timestamp="2023-03-02T19:50:58" time="8.214" tests="9">
    <testcase classname="Home - UserPanel Match snapshot with no permissions" name="Home - UserPanel Match snapshot with no permissions" time="0.107">
    </testcase>
    <testcase classname="Home - UserPanel Match snapshot with unauthorized eclipse account" name="Home - UserPanel Match snapshot with unauthorized eclipse account" time="0.025">
    </testcase>
    <testcase classname="Home - UserPanel Match snapshot with unauthorized mincron account" name="Home - UserPanel Match snapshot with unauthorized mincron account" time="0.026">
    </testcase>
    <testcase classname="Home - UserPanel Match snapshot with authorized eclipse account" name="Home - UserPanel Match snapshot with authorized eclipse account" time="0.043">
    </testcase>
    <testcase classname="Home - UserPanel Match snapshot with authorized mincron account" name="Home - UserPanel Match snapshot with authorized mincron account" time="0.025">
    </testcase>
    <testcase classname="Home - UserPanel Match snapshot with admin eclipse account" name="Home - UserPanel Match snapshot with admin eclipse account" time="0.037">
    </testcase>
    <testcase classname="Home - UserPanel Match snapshot with admin mincron account" name="Home - UserPanel Match snapshot with admin mincron account" time="0.039">
    </testcase>
    <testcase classname="Home - Welcome message Match welcome message snapshot with authorized eclipse account" name="Home - Welcome message Match welcome message snapshot with authorized eclipse account" time="0.029">
    </testcase>
    <testcase classname="Home - Welcome message Match welcome message snapshot with authorized mincron account" name="Home - Welcome message Match welcome message snapshot with authorized mincron account" time="0.031">
    </testcase>
  </testsuite>
  <testsuite name="CartProvider" errors="0" failures="0" skipped="1" timestamp="2023-03-02T19:51:04" time="5.866" tests="1">
    <testcase classname="CartProvider Should render values" name="CartProvider Should render values" time="0">
      <skipped/>
    </testcase>
  </testsuite>
  <testsuite name="FeatureToggle" errors="0" failures="0" skipped="0" timestamp="2023-03-02T19:51:02" time="8.444" tests="3">
    <testcase classname="FeatureToggle should match snapshot" name="FeatureToggle should match snapshot" time="0.071">
    </testcase>
    <testcase classname="FeatureToggle should match snapshot with features" name="FeatureToggle should match snapshot with features" time="0.02">
    </testcase>
    <testcase classname="FeatureToggle expect to call functions from `useToggleFeatures`" name="FeatureToggle expect to call functions from `useToggleFeatures`" time="0.011">
    </testcase>
  </testsuite>
  <testsuite name="Contract - Review Release Item" errors="0" failures="0" skipped="0" timestamp="2023-03-02T19:51:06" time="5.906" tests="4">
    <testcase classname="Contract - Review Release Item Should match the snapshot on desktop" name="Contract - Review Release Item Should match the snapshot on desktop" time="0.18">
    </testcase>
    <testcase classname="Contract - Review Release Item Should match the snapshot on null thumb" name="Contract - Review Release Item Should match the snapshot on null thumb" time="0.045">
    </testcase>
    <testcase classname="Contract - Review Release Item Should match the snapshot on mobile" name="Contract - Review Release Item Should match the snapshot on mobile" time="0.07">
    </testcase>
    <testcase classname="Contract - Review Release Item Should expect `handleQtyUpdate` to be called" name="Contract - Review Release Item Should expect `handleQtyUpdate` to be called" time="0.09">
    </testcase>
  </testsuite>
  <testsuite name="Cart - CartComponent" errors="0" failures="0" skipped="0" timestamp="2023-03-02T19:51:05" time="7.267" tests="4">
    <testcase classname="Cart - CartComponent Should match snapshot when there&apos;s nothing in the cart on desktop" name="Cart - CartComponent Should match snapshot when there&apos;s nothing in the cart on desktop" time="0.081">
    </testcase>
    <testcase classname="Cart - CartComponent Should match snapshot when there&apos;s nothing in the cart on mobile" name="Cart - CartComponent Should match snapshot when there&apos;s nothing in the cart on mobile" time="0.031">
    </testcase>
    <testcase classname="Cart - CartComponent Should match snapshot when there&apos;s nothing in the cart while loading" name="Cart - CartComponent Should match snapshot when there&apos;s nothing in the cart while loading" time="0.049">
    </testcase>
    <testcase classname="Cart - CartComponent Should match snapshot when there&apos;s contract and tempcartitem on mobile" name="Cart - CartComponent Should match snapshot when there&apos;s contract and tempcartitem on mobile" time="0.027">
    </testcase>
  </testsuite>
  <testsuite name="Order - SummaryCard" errors="0" failures="0" skipped="0" timestamp="2023-03-02T19:51:10" time="6.142" tests="5">
    <testcase classname="Order - SummaryCard Should match snapshot when loading" name="Order - SummaryCard Should match snapshot when loading" time="0.126">
    </testcase>
    <testcase classname="Order - SummaryCard Should match snapshot with undefined order data" name="Order - SummaryCard Should match snapshot with undefined order data" time="0.024">
    </testcase>
    <testcase classname="Order - SummaryCard Should match snapshot with an order" name="Order - SummaryCard Should match snapshot with an order" time="0.032">
    </testcase>
    <testcase classname="Order - SummaryCard Should expect addToCart is not called with empty pricing data" name="Order - SummaryCard Should expect addToCart is not called with empty pricing data" time="0.032">
    </testcase>
    <testcase classname="Order - SummaryCard Should expect addToCart is called" name="Order - SummaryCard Should expect addToCart is called" time="0.021">
    </testcase>
  </testsuite>
  <testsuite name="Common - Alerts - Navigation Alert" errors="0" failures="0" skipped="0" timestamp="2023-03-02T19:51:10" time="7.123" tests="4">
    <testcase classname="Common - Alerts - Navigation Alert Expect NavigationAlert to match snapshot of rendering nothing" name="Common - Alerts - Navigation Alert Expect NavigationAlert to match snapshot of rendering nothing" time="0.099">
    </testcase>
    <testcase classname="Common - Alerts - Navigation Alert Expect subNavigationAlert to match snapshot of rendering nothing" name="Common - Alerts - Navigation Alert Expect subNavigationAlert to match snapshot of rendering nothing" time="0.719">
    </testcase>
    <testcase classname="Common - Alerts - Navigation Alert Expect NavigationAlert to matche Snapshot of rendering the Alert" name="Common - Alerts - Navigation Alert Expect NavigationAlert to matche Snapshot of rendering the Alert" time="0.154">
    </testcase>
    <testcase classname="Common - Alerts - Navigation Alert Expect NavigationAlert to call prop functions by clicking buttons" name="Common - Alerts - Navigation Alert Expect NavigationAlert to call prop functions by clicking buttons" time="0.144">
    </testcase>
  </testsuite>
  <testsuite name="ForgetPassword - util" errors="0" failures="0" skipped="0" timestamp="2023-03-02T19:51:13" time="4.881" tests="3">
    <testcase classname="ForgetPassword - util Expect `useOnCreatePassword` to call historyPush" name="ForgetPassword - util Expect `useOnCreatePassword` to call historyPush" time="0.006">
    </testcase>
    <testcase classname="ForgetPassword - util Expect `useOnCreatePassword` to call pushAlert" name="ForgetPassword - util Expect `useOnCreatePassword` to call pushAlert" time="0.002">
    </testcase>
    <testcase classname="ForgetPassword - util Exoect `onForgetPasswordFormSubmit` to call its prop functions" name="ForgetPassword - util Exoect `onForgetPasswordFormSubmit` to call its prop functions" time="0.001">
    </testcase>
  </testsuite>
  <testsuite name="CreditCard - util/Provider/useAddCreditCard" errors="0" failures="0" skipped="0" timestamp="2023-03-02T19:51:12" time="5.301" tests="3">
    <testcase classname="CreditCard - util/Provider/useAddCreditCard Expect `useAddCreditCard` to return data" name="CreditCard - util/Provider/useAddCreditCard Expect `useAddCreditCard` to return data" time="0.032">
    </testcase>
    <testcase classname="CreditCard - util/Provider/useAddCreditCard Expect `addComplete` to execute methods with blank data" name="CreditCard - util/Provider/useAddCreditCard Expect `addComplete` to execute methods with blank data" time="0.002">
    </testcase>
    <testcase classname="CreditCard - util/Provider/useAddCreditCard Expect `addComplete` to execute methods with data" name="CreditCard - util/Provider/useAddCreditCard Expect `addComplete` to execute methods with data" time="0.001">
    </testcase>
  </testsuite>
  <testsuite name="Cart - Shipments" errors="0" failures="0" skipped="0" timestamp="2023-03-02T19:51:16" time="7.344" tests="3">
    <testcase classname="Cart - Shipments Should match snapshot when it is closed" name="Cart - Shipments Should match snapshot when it is closed" time="0.099">
    </testcase>
    <testcase classname="Cart - Shipments Should match snapshot with normal data" name="Cart - Shipments Should match snapshot with normal data" time="0.033">
    </testcase>
    <testcase classname="Cart - Shipments Expect X to be called when clicking on the close button" name="Cart - Shipments Expect X to be called when clicking on the close button" time="0.032">
    </testcase>
  </testsuite>
  <testsuite name="common - DateRange - DateFilterDialog" errors="0" failures="0" skipped="0" timestamp="2023-03-02T19:51:17" time="6.895" tests="4">
    <testcase classname="common - DateRange - DateFilterDialog Should match snapshot on desktop" name="common - DateRange - DateFilterDialog Should match snapshot on desktop" time="0.657">
    </testcase>
    <testcase classname="common - DateRange - DateFilterDialog Should match snapshot on mobile" name="common - DateRange - DateFilterDialog Should match snapshot on mobile" time="0.224">
    </testcase>
    <testcase classname="common - DateRange - DateFilterDialog Should match snapshot with valid onClear" name="common - DateRange - DateFilterDialog Should match snapshot with valid onClear" time="0.239">
    </testcase>
    <testcase classname="common - DateRange - DateFilterDialog Should expect prop function to be called when clicking &quot;View Results&quot; button" name="common - DateRange - DateFilterDialog Should expect prop function to be called when clicking &quot;View Results&quot; button" time="0.171">
    </testcase>
  </testsuite>
  <testsuite name="User tests" errors="0" failures="0" skipped="0" timestamp="2023-03-02T19:51:17" time="7.239" tests="2">
    <testcase classname="User tests View User render with button for approval" name="User tests View User render with button for approval" time="0.227">
    </testcase>
    <testcase classname="User tests Edit User render matches the snapshot" name="User tests Edit User render matches the snapshot" time="0.444">
    </testcase>
  </testsuite>
  <testsuite name="Home - PendingUser" errors="0" failures="0" skipped="0" timestamp="2023-03-02T19:51:18" time="9.739" tests="4">
    <testcase classname="Home - PendingUser should match snapshot when contact info is loading" name="Home - PendingUser should match snapshot when contact info is loading" time="0.099">
    </testcase>
    <testcase classname="Home - PendingUser should match snapshot when contact info is empty" name="Home - PendingUser should match snapshot when contact info is empty" time="0.1">
    </testcase>
    <testcase classname="Home - PendingUser should match snapshot with data while branchInfo is true" name="Home - PendingUser should match snapshot with data while branchInfo is true" time="0.056">
    </testcase>
    <testcase classname="Home - PendingUser should match snapshot with data while branchInfo is false" name="Home - PendingUser should match snapshot with data while branchInfo is false" time="0.067">
    </testcase>
  </testsuite>
  <testsuite name="ListsLineItem" errors="0" failures="0" skipped="1" timestamp="2023-03-02T19:51:24" time="10.519" tests="4">
    <testcase classname="ListsLineItem Should match snapshot when loading" name="ListsLineItem Should match snapshot when loading" time="0.28">
    </testcase>
    <testcase classname="ListsLineItem Should display find at other branches" name="ListsLineItem Should display find at other branches" time="0">
      <skipped/>
    </testcase>
    <testcase classname="ListsLineItem Should display the availability of an item in the list" name="ListsLineItem Should display the availability of an item in the list" time="0.227">
    </testcase>
    <testcase classname="ListsLineItem Should match snapshot for mobile view" name="ListsLineItem Should match snapshot for mobile view" time="0.162">
    </testcase>
  </testsuite>
  <testsuite name="Account | Edit Account Tests" errors="0" failures="0" skipped="0" timestamp="2023-03-02T19:51:24" time="11.357" tests="3">
    <testcase classname="Account | Edit Account Tests should render the component with the User&apos;s information" name="Account | Edit Account Tests should render the component with the User&apos;s information" time="0.521">
    </testcase>
    <testcase classname="Account | Edit Account Tests should show error messages if fields are blank" name="Account | Edit Account Tests should show error messages if fields are blank" time="0.486">
    </testcase>
    <testcase classname="Account | Edit Account Tests should show error messages for invalid phoneNumber and email data" name="Account | Edit Account Tests should show error messages for invalid phoneNumber and email data" time="0.835">
    </testcase>
  </testsuite>
  <testsuite name="Checkout - CartComponent" errors="0" failures="0" skipped="0" timestamp="2023-03-02T19:51:28" time="11.031" tests="4">
    <testcase classname="Checkout - CartComponent should match snapshot on desktop" name="Checkout - CartComponent should match snapshot on desktop" time="0.18">
    </testcase>
    <testcase classname="Checkout - CartComponent should match snapshot on mobile" name="Checkout - CartComponent should match snapshot on mobile" time="0.051">
    </testcase>
    <testcase classname="Checkout - CartComponent should match snapshot on desktop with line items" name="Checkout - CartComponent should match snapshot on desktop with line items" time="0.372">
    </testcase>
    <testcase classname="Checkout - CartComponent should match snapshot on mobile with line items" name="Checkout - CartComponent should match snapshot on mobile with line items" time="0.38">
    </testcase>
  </testsuite>
  <testsuite name="Invoices List - Misc" errors="0" failures="0" skipped="0" timestamp="2023-03-02T19:51:25" time="17.514" tests="1">
    <testcase classname="Invoices List - Misc Download PDF should appear when one row is selected" name="Invoices List - Misc Download PDF should appear when one row is selected" time="4.147">
    </testcase>
  </testsuite>
  <testsuite name="CreditCard - util/CreditCardTypeIcon" errors="0" failures="0" skipped="0" timestamp="2023-03-02T19:51:35" time="10.073" tests="6">
    <testcase classname="CreditCard - util/CreditCardTypeIcon Expect to render Amex card" name="CreditCard - util/CreditCardTypeIcon Expect to render Amex card" time="0.047">
    </testcase>
    <testcase classname="CreditCard - util/CreditCardTypeIcon Expect to render Discover card" name="CreditCard - util/CreditCardTypeIcon Expect to render Discover card" time="0.019">
    </testcase>
    <testcase classname="CreditCard - util/CreditCardTypeIcon Expect to render Mastercard card" name="CreditCard - util/CreditCardTypeIcon Expect to render Mastercard card" time="0.01">
    </testcase>
    <testcase classname="CreditCard - util/CreditCardTypeIcon Expect to render Visa card" name="CreditCard - util/CreditCardTypeIcon Expect to render Visa card" time="0.011">
    </testcase>
    <testcase classname="CreditCard - util/CreditCardTypeIcon Expect to render Generic card" name="CreditCard - util/CreditCardTypeIcon Expect to render Generic card" time="0.014">
    </testcase>
    <testcase classname="CreditCard - util/CreditCardTypeIcon Expect to render expired card" name="CreditCard - util/CreditCardTypeIcon Expect to render expired card" time="0.012">
    </testcase>
  </testsuite>
  <testsuite name="Utils - useSubdomainErpSystem" errors="0" failures="0" skipped="0" timestamp="2023-03-02T19:51:35" time="11.387" tests="3">
    <testcase classname="Utils - useSubdomainErpSystem Expect Eclipse when isAuthenticated is true" name="Utils - useSubdomainErpSystem Expect Eclipse when isAuthenticated is true" time="0.038">
    </testcase>
    <testcase classname="Utils - useSubdomainErpSystem Expect Eclipse when isAuthenticated is false an subdomain is not &quot;fortiline&quot;" name="Utils - useSubdomainErpSystem Expect Eclipse when isAuthenticated is false an subdomain is not &quot;fortiline&quot;" time="0.018">
    </testcase>
    <testcase classname="Utils - useSubdomainErpSystem Expect Mincron when isAuthenticated is false an subdomain is &quot;fortiline&quot;" name="Utils - useSubdomainErpSystem Expect Mincron when isAuthenticated is false an subdomain is &quot;fortiline&quot;" time="0.013">
    </testcase>
  </testsuite>
  <testsuite name="common - Header - util - etc" errors="0" failures="0" skipped="0" timestamp="2023-03-02T19:51:39" time="8.508" tests="7">
    <testcase classname="common - Header - util - etc expect `useResizeObserverRoundFn` to return full number" name="common - Header - util - etc expect `useResizeObserverRoundFn` to return full number" time="0.002">
    </testcase>
    <testcase classname="common - Header - util - etc expect `useResizeObserverRoundFn` to return rounded number" name="common - Header - util - etc expect `useResizeObserverRoundFn` to return rounded number" time="0">
    </testcase>
    <testcase classname="common - Header - util - etc expect `mobileOption` to call push to path" name="common - Header - util - etc expect `mobileOption` to call push to path" time="0.003">
    </testcase>
    <testcase classname="common - Header - util - etc expect `mobileOption` to call push to &quot;/login&quot; without auth" name="common - Header - util - etc expect `mobileOption` to call push to &quot;/login&quot; without auth" time="0.001">
    </testcase>
    <testcase classname="common - Header - util - etc expect `mobileOption` to call push to path with auth" name="common - Header - util - etc expect `mobileOption` to call push to path with auth" time="0.001">
    </testcase>
    <testcase classname="common - Header - util - etc expect `handleCategoriesClose` to not call setOpen when closeDrawer is false" name="common - Header - util - etc expect `handleCategoriesClose` to not call setOpen when closeDrawer is false" time="0.001">
    </testcase>
    <testcase classname="common - Header - util - etc expect `handleCategoriesClose` to not call setOpen when closeDrawer is true" name="common - Header - util - etc expect `handleCategoriesClose` to not call setOpen when closeDrawer is true" time="0">
    </testcase>
  </testsuite>
  <testsuite name="Checkout - Location" errors="0" failures="0" skipped="0" timestamp="2023-03-02T19:51:43" time="5.725" tests="6">
    <testcase classname="Checkout - Location should match snapshot with undefined props" name="Checkout - Location should match snapshot with undefined props" time="0.049">
    </testcase>
    <testcase classname="Checkout - Location should match snapshot as ContractDetails" name="Checkout - Location should match snapshot as ContractDetails" time="0.015">
    </testcase>
    <testcase classname="Checkout - Location should match snapshot as Branch" name="Checkout - Location should match snapshot as Branch" time="0.011">
    </testcase>
    <testcase classname="Checkout - Location should match snapshot as ErpAccount" name="Checkout - Location should match snapshot as ErpAccount" time="0.015">
    </testcase>
    <testcase classname="Checkout - Location should match snapshot as CustomAddressInput" name="Checkout - Location should match snapshot as CustomAddressInput" time="0.023">
    </testcase>
    <testcase classname="Checkout - Location should match snapshot without boldnam,e" name="Checkout - Location should match snapshot without boldnam,e" time="0.015">
    </testcase>
  </testsuite>
  <testsuite name="common - Header - UserButton" errors="0" failures="0" skipped="0" timestamp="2023-03-02T19:51:46" time="5.609" tests="4">
    <testcase classname="common - Header - UserButton should match snapshot with no account" name="common - Header - UserButton should match snapshot with no account" time="0.094">
    </testcase>
    <testcase classname="common - Header - UserButton should match snapshot with account" name="common - Header - UserButton should match snapshot with account" time="0.084">
    </testcase>
    <testcase classname="common - Header - UserButton should match snapshot with payment management" name="common - Header - UserButton should match snapshot with payment management" time="0.109">
    </testcase>
    <testcase classname="common - Header - UserButton expect to call history.push when login button is clicked" name="common - Header - UserButton expect to call history.push when login button is clicked" time="0.118">
    </testcase>
  </testsuite>
  <testsuite name="CreditCard - CreditCardForm" errors="0" failures="0" skipped="0" timestamp="2023-03-02T19:51:45" time="7.801" tests="5">
    <testcase classname="CreditCard - CreditCardForm expect to match snapshot on desktop" name="CreditCard - CreditCardForm expect to match snapshot on desktop" time="0.275">
    </testcase>
    <testcase classname="CreditCard - CreditCardForm expect to match snapshot on mobile" name="CreditCard - CreditCardForm expect to match snapshot on mobile" time="0.181">
    </testcase>
    <testcase classname="CreditCard - CreditCardForm expect to match snapshot with hideSaveCard" name="CreditCard - CreditCardForm expect to match snapshot with hideSaveCard" time="0.09">
    </testcase>
    <testcase classname="CreditCard - CreditCardForm expect to match snapshot with valid onCancel" name="CreditCard - CreditCardForm expect to match snapshot with valid onCancel" time="0.12">
    </testcase>
    <testcase classname="CreditCard - CreditCardForm expect to match snapshot after clicking submit on a blank data" name="CreditCard - CreditCardForm expect to match snapshot after clicking submit on a blank data" time="0.228">
    </testcase>
  </testsuite>
  <testsuite name="common - FeedbackButton" errors="0" failures="0" skipped="0" timestamp="2023-03-02T19:51:48" time="6.92" tests="4">
    <testcase classname="common - FeedbackButton Expect to match snapshot" name="common - FeedbackButton Expect to match snapshot" time="0.112">
    </testcase>
    <testcase classname="common - FeedbackButton Expect to match snapshot with arrayed sx" name="common - FeedbackButton Expect to match snapshot with arrayed sx" time="0.048">
    </testcase>
    <testcase classname="common - FeedbackButton Expect to update the button correctly upon clicking and waiting" name="common - FeedbackButton Expect to update the button correctly upon clicking and waiting" time="0.075">
    </testcase>
    <testcase classname="common - FeedbackButton Expect nothing happens if onClick is undefined" name="common - FeedbackButton Expect nothing happens if onClick is undefined" time="0.037">
    </testcase>
  </testsuite>
  <testsuite name="common - Sidebar" errors="0" failures="0" skipped="0" timestamp="2023-03-02T19:51:49" time="9.633" tests="5">
    <testcase classname="common - Sidebar expect to match snapshot with basic props" name="common - Sidebar expect to match snapshot with basic props" time="0.165">
    </testcase>
    <testcase classname="common - Sidebar expect to match snapshot with error" name="common - Sidebar expect to match snapshot with error" time="0.078">
    </testcase>
    <testcase classname="common - Sidebar expect to match snapshot on desktop" name="common - Sidebar expect to match snapshot on desktop" time="0.1">
    </testcase>
    <testcase classname="common - Sidebar expect to match snapshot on mobile" name="common - Sidebar expect to match snapshot on mobile" time="0.539">
    </testcase>
    <testcase classname="common - Sidebar expect to match snapshot for Backdrop" name="common - Sidebar expect to match snapshot for Backdrop" time="0.086">
    </testcase>
  </testsuite>
  <testsuite name="CreditForms" errors="0" failures="0" skipped="0" timestamp="2023-03-02T19:51:53" time="6.264" tests="4">
    <testcase classname="CreditForms CreditForms should be matching the snapshot" name="CreditForms CreditForms should be matching the snapshot" time="0.256">
    </testcase>
    <testcase classname="CreditForms CreditForms for fortiline should be matching the snapshot" name="CreditForms CreditForms for fortiline should be matching the snapshot" time="0.035">
    </testcase>
    <testcase classname="CreditForms CreditForms should be matching the snapshot on mobile" name="CreditForms CreditForms should be matching the snapshot on mobile" time="0.1">
    </testcase>
    <testcase classname="CreditForms CreditForms for fortiline should be matching the snapshot on mobile" name="CreditForms CreditForms for fortiline should be matching the snapshot on mobile" time="0.058">
    </testcase>
  </testsuite>
  <testsuite name="Utils - useLocalstorage" errors="0" failures="0" skipped="0" timestamp="2023-03-02T19:51:53" time="5.905" tests="2">
    <testcase classname="Utils - useLocalstorage expect to useLocalstorage to update the data" name="Utils - useLocalstorage expect to useLocalstorage to update the data" time="0.087">
    </testcase>
    <testcase classname="Utils - useLocalstorage expect to useLocalstorage to update the data that has function as value" name="Utils - useLocalstorage expect to useLocalstorage to update the data that has function as value" time="0.209">
    </testcase>
  </testsuite>
  <testsuite name="Legal Compliance" errors="0" failures="0" skipped="0" timestamp="2023-03-02T19:51:55" time="7.266" tests="6">
    <testcase classname="Legal Compliance Snapshot match for &quot;Legal&quot;" name="Legal Compliance Snapshot match for &quot;Legal&quot;" time="0.109">
    </testcase>
    <testcase classname="Legal Compliance Snapshot match for &quot;Privacy Policy&quot;" name="Legal Compliance Snapshot match for &quot;Privacy Policy&quot;" time="0.038">
    </testcase>
    <testcase classname="Legal Compliance Snapshot match for &quot;Terms of Access&quot;" name="Legal Compliance Snapshot match for &quot;Terms of Access&quot;" time="0.045">
    </testcase>
    <testcase classname="Legal Compliance Snapshot match for &quot;Terms of Sale&quot;" name="Legal Compliance Snapshot match for &quot;Terms of Sale&quot;" time="0.037">
    </testcase>
    <testcase classname="Legal Compliance Snapshot match for &quot;Do Not Sell My Info&quot;" name="Legal Compliance Snapshot match for &quot;Do Not Sell My Info&quot;" time="0.469">
    </testcase>
    <testcase classname="Legal Compliance Snapshot match for &quot;Do Not Sell My Info&quot; on mobile display" name="Legal Compliance Snapshot match for &quot;Do Not Sell My Info&quot; on mobile display" time="0.291">
    </testcase>
  </testsuite>
  <testsuite name="CustomerApproval - util/branchFilterUtil" errors="0" failures="0" skipped="0" timestamp="2023-03-02T19:51:59" time="5.49" tests="5">
    <testcase classname="CustomerApproval - util/branchFilterUtil expect `useBranchFilterAutocomplete` to return nothing" name="CustomerApproval - util/branchFilterUtil expect `useBranchFilterAutocomplete` to return nothing" time="0.044">
    </testcase>
    <testcase classname="CustomerApproval - util/branchFilterUtil expect `useBranchFilterAutocomplete` to return 3" name="CustomerApproval - util/branchFilterUtil expect `useBranchFilterAutocomplete` to return 3" time="0.014">
    </testcase>
    <testcase classname="CustomerApproval - util/branchFilterUtil expect `useBranchFilterAutocomplete` to return 4 with alternative mock" name="CustomerApproval - util/branchFilterUtil expect `useBranchFilterAutocomplete` to return 4 with alternative mock" time="0.009">
    </testcase>
    <testcase classname="CustomerApproval - util/branchFilterUtil expect `autocompleteOnChange` to call the mocked function with &quot;-&quot;" name="CustomerApproval - util/branchFilterUtil expect `autocompleteOnChange` to call the mocked function with &quot;-&quot;" time="0.001">
    </testcase>
    <testcase classname="CustomerApproval - util/branchFilterUtil expect `autocompleteOnChange` to call the mocked function with &quot;test&quot;" name="CustomerApproval - util/branchFilterUtil expect `autocompleteOnChange` to call the mocked function with &quot;test&quot;" time="0.001">
    </testcase>
  </testsuite>
  <testsuite name="useDebouncedCallback utils" errors="0" failures="0" skipped="0" timestamp="2023-03-02T19:51:59" time="7.419" tests="2">
    <testcase classname="useDebouncedCallback utils Expect the debounce hook is setting values" name="useDebouncedCallback utils Expect the debounce hook is setting values" time="0.055">
    </testcase>
    <testcase classname="useDebouncedCallback utils Expect the debounce hook is setting values with undefined dep" name="useDebouncedCallback utils Expect the debounce hook is setting values with undefined dep" time="0.025">
    </testcase>
  </testsuite>
  <testsuite name="Search tests" errors="0" failures="0" skipped="0" timestamp="2023-03-02T19:51:59" time="7.529" tests="1">
    <testcase classname="Search tests Should make separate calls for the product and the pricing &amp; availability" name="Search tests Should make separate calls for the product and the pricing &amp; availability" time="0.216">
    </testcase>
  </testsuite>
  <testsuite name="Invoice - InvoiceItem" errors="0" failures="0" skipped="0" timestamp="2023-03-02T19:52:02" time="7.317" tests="6">
    <testcase classname="Invoice - InvoiceItem Should match snapshot when loading on desktop" name="Invoice - InvoiceItem Should match snapshot when loading on desktop" time="0.097">
    </testcase>
    <testcase classname="Invoice - InvoiceItem Should match snapshot when loading on mobile" name="Invoice - InvoiceItem Should match snapshot when loading on mobile" time="0.057">
    </testcase>
    <testcase classname="Invoice - InvoiceItem Should match snapshot with undefined product on desktop" name="Invoice - InvoiceItem Should match snapshot with undefined product on desktop" time="0.068">
    </testcase>
    <testcase classname="Invoice - InvoiceItem Should match snapshot with undefined product on mobile" name="Invoice - InvoiceItem Should match snapshot with undefined product on mobile" time="0.063">
    </testcase>
    <testcase classname="Invoice - InvoiceItem Should match snapshot with an invoice" name="Invoice - InvoiceItem Should match snapshot with an invoice" time="0.049">
    </testcase>
    <testcase classname="Invoice - InvoiceItem Should match snapshot with an invoice as Mincron" name="Invoice - InvoiceItem Should match snapshot with an invoice as Mincron" time="0.044">
    </testcase>
  </testsuite>
  <testsuite name="useDebounce utils" errors="0" failures="0" skipped="0" timestamp="2023-03-02T19:52:06" time="5.45" tests="2">
    <testcase classname="useDebounce utils Expect the debounce hook is loading" name="useDebounce utils Expect the debounce hook is loading" time="0.107">
    </testcase>
    <testcase classname="useDebounce utils Expect the debounce hook is setting values" name="useDebounce utils Expect the debounce hook is setting values" time="0.108">
    </testcase>
  </testsuite>
  <testsuite name="Quote test" errors="0" failures="0" skipped="0" timestamp="2023-03-02T19:52:04" time="8.634" tests="5">
    <testcase classname="Quote test should match snapshot on desktop" name="Quote test should match snapshot on desktop" time="0.916">
    </testcase>
    <testcase classname="Quote test should match snapshot on mobile" name="Quote test should match snapshot on mobile" time="1.507">
    </testcase>
    <testcase classname="Quote test Delivery summary render" name="Quote test Delivery summary render" time="0.06">
    </testcase>
    <testcase classname="Quote test Info render" name="Quote test Info render" time="0.052">
    </testcase>
    <testcase classname="Quote test Products render" name="Quote test Products render" time="0.07">
    </testcase>
  </testsuite>
  <testsuite name="LocationSearch Popover tests" errors="0" failures="0" skipped="0" timestamp="2023-03-02T19:52:07" time="7.329" tests="1">
    <testcase classname="LocationSearch Popover tests should render correctly" name="LocationSearch Popover tests should render correctly" time="0.075">
    </testcase>
  </testsuite>
  <testsuite name="CustomerApproval - util/useCustomerApprovalTable" errors="0" failures="0" skipped="0" timestamp="2023-03-02T19:52:10" time="6.164" tests="2">
    <testcase classname="CustomerApproval - util/useCustomerApprovalTable Expect to not call `setQueryParams`" name="CustomerApproval - util/useCustomerApprovalTable Expect to not call `setQueryParams`" time="0.091">
    </testcase>
    <testcase classname="CustomerApproval - util/useCustomerApprovalTable Expect to call `setQueryParams`" name="CustomerApproval - util/useCustomerApprovalTable Expect to call `setQueryParams`" time="0.037">
    </testcase>
  </testsuite>
  <testsuite name="Previously Purchased Products" errors="0" failures="0" skipped="0" timestamp="2023-03-02T19:52:13" time="11.505" tests="2">
    <testcase classname="Previously Purchased Products Renders PPP" name="Previously Purchased Products Renders PPP" time="0.78">
    </testcase>
    <testcase classname="Previously Purchased Products Render PPP Line Item" name="Previously Purchased Products Render PPP Line Item" time="0.313">
    </testcase>
  </testsuite>
  <testsuite name="common - Header - SearchInput" errors="0" failures="0" skipped="0" timestamp="2023-03-02T19:52:14" time="10.239" tests="1">
    <testcase classname="common - Header - SearchInput Should register onChange event and clear input" name="common - Header - SearchInput Should register onChange event and clear input" time="0.604">
    </testcase>
  </testsuite>
  <testsuite name="common - Footer" errors="0" failures="0" skipped="0" timestamp="2023-03-02T19:52:13" time="12.823" tests="3">
    <testcase classname="common - Footer expect to match snapshot in desktop" name="common - Footer expect to match snapshot in desktop" time="0.361">
    </testcase>
    <testcase classname="common - Footer expect to match snapshot in mobile" name="common - Footer expect to match snapshot in mobile" time="0.137">
    </testcase>
    <testcase classname="common - Footer Should remove footer links in select-accounts" name="common - Footer Should remove footer links in select-accounts" time="0.041">
    </testcase>
  </testsuite>
  <testsuite name="Branch - BranchProvider" errors="0" failures="0" skipped="0" timestamp="2023-03-02T19:52:16" time="10.852" tests="1">
    <testcase classname="Branch - BranchProvider Should render provider successfully" name="Branch - BranchProvider Should render provider successfully" time="0.055">
    </testcase>
  </testsuite>
  <testsuite name="Account - View Company Info" errors="0" failures="0" skipped="0" timestamp="2023-03-02T19:52:26" time="6.184" tests="4">
    <testcase classname="Account - View Company Info should match snapshot on desktop" name="Account - View Company Info should match snapshot on desktop" time="0.112">
    </testcase>
    <testcase classname="Account - View Company Info should match snapshot on mobile" name="Account - View Company Info should match snapshot on mobile" time="0.052">
    </testcase>
    <testcase classname="Account - View Company Info should match snapshot on desktop with no company" name="Account - View Company Info should match snapshot on desktop with no company" time="0.025">
    </testcase>
    <testcase classname="Account - View Company Info should match snapshot on mobile with no company" name="Account - View Company Info should match snapshot on mobile with no company" time="0.03">
    </testcase>
  </testsuite>
  <testsuite name="Logout" errors="0" failures="0" skipped="0" timestamp="2023-03-02T19:52:26" time="6.677" tests="3">
    <testcase classname="Logout Expect to match snapshot when it is not isAuthenticated nor isLoggingOut" name="Logout Expect to match snapshot when it is not isAuthenticated nor isLoggingOut" time="0.041">
    </testcase>
    <testcase classname="Logout Expect to match snapshot when it is isLoggingOut" name="Logout Expect to match snapshot when it is isLoggingOut" time="0.035">
    </testcase>
    <testcase classname="Logout Expect to match snapshot when it is isAuthenticated" name="Logout Expect to match snapshot when it is isAuthenticated" time="0.015">
    </testcase>
  </testsuite>
  <testsuite name="Utils - strings" errors="0" failures="0" skipped="0" timestamp="2023-03-02T19:52:32" time="0.307" tests="6">
    <testcase classname="Utils - strings converts a string from camel case to capital case" name="Utils - strings converts a string from camel case to capital case" time="0.003">
    </testcase>
    <testcase classname="Utils - strings dasherizes a string" name="Utils - strings dasherizes a string" time="0.001">
    </testcase>
    <testcase classname="Utils - strings truncates a long string to 30 characters" name="Utils - strings truncates a long string to 30 characters" time="0.013">
    </testcase>
    <testcase classname="Utils - strings does not truncate a short string" name="Utils - strings does not truncate a short string" time="0.001">
    </testcase>
    <testcase classname="Utils - strings should replace special characters for filename" name="Utils - strings should replace special characters for filename" time="0.001">
    </testcase>
    <testcase classname="Utils - strings should escape special characters from csv fileds" name="Utils - strings should escape special characters from csv fileds" time="0.002">
    </testcase>
  </testsuite>
  <testsuite name="Checkout - Item" errors="0" failures="0" skipped="0" timestamp="2023-03-02T19:52:24" time="8.323" tests="5">
    <testcase classname="Checkout - Item Item.desktop should match snapshot with mostly undefined parameters" name="Checkout - Item Item.desktop should match snapshot with mostly undefined parameters" time="0.135">
    </testcase>
    <testcase classname="Checkout - Item Item.desktop should match snapshot with valid lineItem" name="Checkout - Item Item.desktop should match snapshot with valid lineItem" time="0.028">
    </testcase>
    <testcase classname="Checkout - Item Item.desktop should match snapshot when disabled" name="Checkout - Item Item.desktop should match snapshot when disabled" time="0.03">
    </testcase>
    <testcase classname="Checkout - Item Item.mobile should match snapshot with mostly undefined parameters" name="Checkout - Item Item.mobile should match snapshot with mostly undefined parameters" time="0.05">
    </testcase>
    <testcase classname="Checkout - Item Item.mobile should match snapshot with valid lineItem" name="Checkout - Item Item.mobile should match snapshot with valid lineItem" time="0.023">
    </testcase>
  </testsuite>
  <testsuite name="Contract Details - Product Detail Modal" errors="0" failures="0" skipped="0" timestamp="2023-03-02T19:52:27" time="8.332" tests="3">
    <testcase classname="Contract Details - Product Detail Modal Snapshot match with data" name="Contract Details - Product Detail Modal Snapshot match with data" time="0.573">
    </testcase>
    <testcase classname="Contract Details - Product Detail Modal Snapshot match without data" name="Contract Details - Product Detail Modal Snapshot match without data" time="0.029">
    </testcase>
    <testcase classname="Contract Details - Product Detail Modal Close Button click test" name="Contract Details - Product Detail Modal Close Button click test" time="0.205">
    </testcase>
  </testsuite>
  <testsuite name="Register - StepOne" errors="0" failures="0" skipped="0" timestamp="2023-03-02T19:52:33" time="9.462" tests="2">
    <testcase classname="Register - StepOne Should render the page" name="Register - StepOne Should render the page" time="0.131">
    </testcase>
    <testcase classname="Register - StepOne Should show error is email is taken" name="Register - StepOne Should show error is email is taken" time="0.138">
    </testcase>
  </testsuite>
  <testsuite name="common - ErrorBoundary" errors="0" failures="0" skipped="0" timestamp="2023-03-02T19:52:32" time="10.692" tests="3">
    <testcase classname="common - ErrorBoundary Expect to render MockElement as children with no options" name="common - ErrorBoundary Expect to render MockElement as children with no options" time="0.041">
    </testcase>
    <testcase classname="common - ErrorBoundary Expect to branch to Redirect with text children" name="common - ErrorBoundary Expect to branch to Redirect with text children" time="0.012">
    </testcase>
    <testcase classname="common - ErrorBoundary Expect to branch to Redirect with error" name="common - ErrorBoundary Expect to branch to Redirect with error" time="0.009">
    </testcase>
  </testsuite>
  <testsuite name="SearchResult tests" errors="0" failures="0" skipped="0" timestamp="2023-03-02T19:52:32" time="11.081" tests="3">
    <testcase classname="SearchResult tests should render correctly on Desktop" name="SearchResult tests should render correctly on Desktop" time="0.525">
    </testcase>
    <testcase classname="SearchResult tests should render correctly on mobile" name="SearchResult tests should render correctly on mobile" time="0.146">
    </testcase>
    <testcase classname="SearchResult tests should display the product image" name="SearchResult tests should display the product image" time="0.155">
    </testcase>
  </testsuite>
  <testsuite name="Contracts - util/useContractsEffects" errors="0" failures="0" skipped="0" timestamp="2023-03-02T19:52:36" time="8.29" tests="2">
    <testcase classname="Contracts - util/useContractsEffects expect `useContractsEffects` to call `setQueryParams`" name="Contracts - util/useContractsEffects expect `useContractsEffects` to call `setQueryParams`" time="0.056">
    </testcase>
    <testcase classname="Contracts - util/useContractsEffects expect `useContractsEffects` to call `setQueryParams` in different condition" name="Contracts - util/useContractsEffects expect `useContractsEffects` to call `setQueryParams` in different condition" time="0.025">
    </testcase>
  </testsuite>
  <testsuite name="Home - SignInForm" errors="0" failures="0" skipped="0" timestamp="2023-03-02T19:52:42" time="7.724" tests="2">
    <testcase classname="Home - SignInForm should match snapshot" name="Home - SignInForm should match snapshot" time="0.224">
    </testcase>
    <testcase classname="Home - SignInForm username/password input and submit test" name="Home - SignInForm username/password input and submit test" time="0.51">
    </testcase>
  </testsuite>
  <testsuite name="Contracts - util/useContractsColumns" errors="0" failures="0" skipped="0" timestamp="2023-03-02T19:52:43" time="6.422" tests="4">
    <testcase classname="Contracts - util/useContractsColumns expect `sortDate` to return 1 with blank data" name="Contracts - util/useContractsColumns expect `sortDate` to return 1 with blank data" time="0.003">
    </testcase>
    <testcase classname="Contracts - util/useContractsColumns expect `sortDate` to return 1 when only B has value" name="Contracts - util/useContractsColumns expect `sortDate` to return 1 when only B has value" time="0.001">
    </testcase>
    <testcase classname="Contracts - util/useContractsColumns expect `sortDate` to return -1 when only A has value" name="Contracts - util/useContractsColumns expect `sortDate` to return -1 when only A has value" time="0.001">
    </testcase>
    <testcase classname="Contracts - util/useContractsColumns expect `sortDate` to return -1 when A and B have no value" name="Contracts - util/useContractsColumns expect `sortDate` to return -1 when A and B have no value" time="0">
    </testcase>
  </testsuite>
  <testsuite name="common - TablePageLayout - util - styles" errors="0" failures="0" skipped="0" timestamp="2023-03-02T19:52:43" time="7.217" tests="5">
    <testcase classname="common - TablePageLayout - util - styles expect `tableHeaderCellGridAlign` to return &quot;flex-start&quot; as &quot;center&quot;" name="common - TablePageLayout - util - styles expect `tableHeaderCellGridAlign` to return &quot;flex-start&quot; as &quot;center&quot;" time="0.004">
    </testcase>
    <testcase classname="common - TablePageLayout - util - styles expect `tableHeaderCellGridAlign` to return &quot;flex-start&quot; as undefined" name="common - TablePageLayout - util - styles expect `tableHeaderCellGridAlign` to return &quot;flex-start&quot; as undefined" time="0.001">
    </testcase>
    <testcase classname="common - TablePageLayout - util - styles expect `tableHeaderCellGridAlign` to return &quot;flex-end&quot; as &quot;right" name="common - TablePageLayout - util - styles expect `tableHeaderCellGridAlign` to return &quot;flex-end&quot; as &quot;right" time="0.001">
    </testcase>
    <testcase classname="common - TablePageLayout - util - styles expect `tableCellSx` to handle sx when all properties are false/undefined" name="common - TablePageLayout - util - styles expect `tableCellSx` to handle sx when all properties are false/undefined" time="0.065">
    </testcase>
    <testcase classname="common - TablePageLayout - util - styles expect `tableCellSx` to handle sx when all properties are true/etc" name="common - TablePageLayout - util - styles expect `tableCellSx` to handle sx when all properties are true/etc" time="0.026">
    </testcase>
  </testsuite>
  <testsuite name="Contracts - ContractCard" errors="0" failures="0" skipped="0" timestamp="2023-03-02T19:52:44" time="8.1" tests="4">
    <testcase classname="Contracts - ContractCard matches the snapshot" name="Contracts - ContractCard matches the snapshot" time="0.181">
    </testcase>
    <testcase classname="Contracts - ContractCard matches the snapshot when isEven is set" name="Contracts - ContractCard matches the snapshot when isEven is set" time="0.037">
    </testcase>
    <testcase classname="Contracts - ContractCard matches the snapshot when contract data is undefined" name="Contracts - ContractCard matches the snapshot when contract data is undefined" time="0.054">
    </testcase>
    <testcase classname="Contracts - ContractCard contract link stores location details" name="Contracts - ContractCard contract link stores location details" time="0.05">
    </testcase>
  </testsuite>
  <testsuite name="Order - InfoCard" errors="0" failures="0" skipped="0" timestamp="2023-03-02T19:52:50" time="9.213" tests="6">
    <testcase classname="Order - InfoCard Should match snapshot when loading" name="Order - InfoCard Should match snapshot when loading" time="0.071">
    </testcase>
    <testcase classname="Order - InfoCard Should match snapshot with no credit card" name="Order - InfoCard Should match snapshot with no credit card" time="0.128">
    </testcase>
    <testcase classname="Order - InfoCard Should match snapshot with credit card" name="Order - InfoCard Should match snapshot with credit card" time="0.057">
    </testcase>
    <testcase classname="Order - InfoCard Should match snapshot with undefined Order data" name="Order - InfoCard Should match snapshot with undefined Order data" time="0.021">
    </testcase>
    <testcase classname="Order - InfoCard Should match snapshot when OrderInfoToolTip is loading" name="Order - InfoCard Should match snapshot when OrderInfoToolTip is loading" time="0.02">
    </testcase>
    <testcase classname="Order - InfoCard Should match snapshot when OrderInfoToolTip is empty" name="Order - InfoCard Should match snapshot when OrderInfoToolTip is empty" time="0.013">
    </testcase>
  </testsuite>
  <testsuite name="CreditCard - CreditCardProvider" errors="0" failures="0" skipped="0" timestamp="2023-03-02T19:52:50" time="9.142" tests="1">
    <testcase classname="CreditCard - CreditCardProvider expect CreditCard context to return default data" name="CreditCard - CreditCardProvider expect CreditCard context to return default data" time="0.07">
    </testcase>
  </testsuite>
  <testsuite name="Utils - Rejected Reasons" errors="0" failures="0" skipped="0" timestamp="2023-03-02T19:52:59" time="0.537" tests="4">
    <testcase classname="Utils - Rejected Reasons Expect `getRejectedReasons` to return correct string for locale string for not a company member" name="Utils - Rejected Reasons Expect `getRejectedReasons` to return correct string for locale string for not a company member" time="0.002">
    </testcase>
    <testcase classname="Utils - Rejected Reasons Expect `getRejectedReasons` to return correct string for locale string for not authorized" name="Utils - Rejected Reasons Expect `getRejectedReasons` to return correct string for locale string for not authorized" time="0">
    </testcase>
    <testcase classname="Utils - Rejected Reasons Expect `getRejectedReasons` to return correct string for locale string for other" name="Utils - Rejected Reasons Expect `getRejectedReasons` to return correct string for locale string for other" time="0.001">
    </testcase>
    <testcase classname="Utils - Rejected Reasons Expect `getRejectedReasons` to return correct string for locale string for undefined" name="Utils - Rejected Reasons Expect `getRejectedReasons` to return correct string for locale string for undefined" time="0">
    </testcase>
  </testsuite>
  <testsuite name="Utils - useUserAgent" errors="0" failures="0" skipped="0" timestamp="2023-03-02T19:53:00" time="0.286" tests="3">
    <testcase classname="Utils - useUserAgent Verify UA parameters as Windows" name="Utils - useUserAgent Verify UA parameters as Windows" time="0.005">
    </testcase>
    <testcase classname="Utils - useUserAgent Verify UA parameters as iOS" name="Utils - useUserAgent Verify UA parameters as iOS" time="0.001">
    </testcase>
    <testcase classname="Utils - useUserAgent Verify UA parameters as iOS but browser is false" name="Utils - useUserAgent Verify UA parameters as iOS but browser is false" time="0">
    </testcase>
  </testsuite>
  <testsuite name="common - Header - util - UserItemButton" errors="0" failures="0" skipped="0" timestamp="2023-03-02T19:52:50" time="9.633" tests="3">
    <testcase classname="common - Header - util - UserItemButton should match snapshot" name="common - Header - util - UserItemButton should match snapshot" time="0.138">
    </testcase>
    <testcase classname="common - Header - util - UserItemButton should match snapshot with isSignOut" name="common - Header - util - UserItemButton should match snapshot with isSignOut" time="0.076">
    </testcase>
    <testcase classname="common - Header - util - UserItemButton expect setOpen and push to be called when clicked" name="common - Header - util - UserItemButton expect setOpen and push to be called when clicked" time="0.045">
    </testcase>
  </testsuite>
  <testsuite name="Contract Details - Line Item Details" errors="0" failures="0" skipped="0" timestamp="2023-03-02T19:52:52" time="9.339" tests="4">
    <testcase classname="Contract Details - Line Item Details Desktop snapshot match" name="Contract Details - Line Item Details Desktop snapshot match" time="0.23">
    </testcase>
    <testcase classname="Contract Details - Line Item Details Desktop snapshot match for empty data" name="Contract Details - Line Item Details Desktop snapshot match for empty data" time="0.018">
    </testcase>
    <testcase classname="Contract Details - Line Item Details Mobile snapshot match" name="Contract Details - Line Item Details Mobile snapshot match" time="0.079">
    </testcase>
    <testcase classname="Contract Details - Line Item Details Mobile snapshot match for empty data" name="Contract Details - Line Item Details Mobile snapshot match for empty data" time="0.014">
    </testcase>
  </testsuite>
  <testsuite name="CreditCard - util/Provider/useExpiredCreditCardMemo" errors="0" failures="0" skipped="0" timestamp="2023-03-02T19:52:59" time="7.275" tests="2">
    <testcase classname="CreditCard - util/Provider/useExpiredCreditCardMemo expect blank data with blank card data" name="CreditCard - util/Provider/useExpiredCreditCardMemo expect blank data with blank card data" time="0.05">
    </testcase>
    <testcase classname="CreditCard - util/Provider/useExpiredCreditCardMemo expect data with card data" name="CreditCard - util/Provider/useExpiredCreditCardMemo expect data with card data" time="0.015">
    </testcase>
  </testsuite>
  <testsuite name="CustomerApproval - BranchFilter" errors="0" failures="0" skipped="0" timestamp="2023-03-02T19:53:00" time="8.202" tests="3">
    <testcase classname="CustomerApproval - BranchFilter Should match snaptshot with no userList on desktop" name="CustomerApproval - BranchFilter Should match snaptshot with no userList on desktop" time="0.227">
    </testcase>
    <testcase classname="CustomerApproval - BranchFilter Should match snaptshot with no userList on mobile" name="CustomerApproval - BranchFilter Should match snaptshot with no userList on mobile" time="0.069">
    </testcase>
    <testcase classname="CustomerApproval - BranchFilter Should match snaptshot with userList" name="CustomerApproval - BranchFilter Should match snaptshot with userList" time="0.073">
    </testcase>
  </testsuite>
  <testsuite name="Verify Your Email" errors="0" failures="0" skipped="0" timestamp="2023-03-02T19:53:00" time="9.112" tests="1">
    <testcase classname="Verify Your Email redirects to &quot;Verify Your Email&quot; for unverified employees" name="Verify Your Email redirects to &quot;Verify Your Email&quot; for unverified employees" time="0.292">
    </testcase>
  </testsuite>
  <testsuite name="Utils - usePrevState" errors="0" failures="0" skipped="0" timestamp="2023-03-02T19:53:02" time="7.273" tests="1">
    <testcase classname="Utils - usePrevState Ensure the prev value is correct" name="Utils - usePrevState Ensure the prev value is correct" time="0.095">
    </testcase>
  </testsuite>
  <testsuite name="Utils - BrandList" errors="0" failures="0" skipped="0" timestamp="2023-03-02T19:53:09" time="0.542" tests="5">
    <testcase classname="Utils - BrandList Expect `generateCompanyUrl` to return localhost" name="Utils - BrandList Expect `generateCompanyUrl` to return localhost" time="0.003">
    </testcase>
    <testcase classname="Utils - BrandList Expect `generateCompanyUrl` to return dev" name="Utils - BrandList Expect `generateCompanyUrl` to return dev" time="0.003">
    </testcase>
    <testcase classname="Utils - BrandList Expect `generateCompanyUrl` to return test" name="Utils - BrandList Expect `generateCompanyUrl` to return test" time="0.001">
    </testcase>
    <testcase classname="Utils - BrandList Expect `generateCompanyUrl` to return uat" name="Utils - BrandList Expect `generateCompanyUrl` to return uat" time="0.001">
    </testcase>
    <testcase classname="Utils - BrandList Expect `generateCompanyUrl` to return prod" name="Utils - BrandList Expect `generateCompanyUrl` to return prod" time="0.001">
    </testcase>
  </testsuite>
  <testsuite name="Check isPricingOnly branches" errors="0" failures="0" skipped="0" timestamp="2023-03-02T19:53:07" time="7.378" tests="2">
    <testcase classname="Check isPricingOnly branches Check branch matches snapshot post load" name="Check isPricingOnly branches Check branch matches snapshot post load" time="0.098">
    </testcase>
    <testcase classname="Check isPricingOnly branches Check in-stock filter to be enabled when branch is not isPricingOnly" name="Check isPricingOnly branches Check in-stock filter to be enabled when branch is not isPricingOnly" time="0.051">
    </testcase>
  </testsuite>
  <testsuite name="Checkout - Shipments" errors="0" failures="0" skipped="0" timestamp="2023-03-02T19:53:09" time="6.796" tests="3">
    <testcase classname="Checkout - Shipments should match snapshot on desktop" name="Checkout - Shipments should match snapshot on desktop" time="0.128">
    </testcase>
    <testcase classname="Checkout - Shipments should match snapshot on mobile" name="Checkout - Shipments should match snapshot on mobile" time="0.061">
    </testcase>
    <testcase classname="Checkout - Shipments should match snapshot with should ship full" name="Checkout - Shipments should match snapshot with should ship full" time="0.033">
    </testcase>
  </testsuite>
  <testsuite name="Maintenance Page" errors="0" failures="0" skipped="0" timestamp="2023-03-02T19:53:10" time="6.515" tests="3">
    <testcase classname="Maintenance Page should render TEST when maintenance is set as false" name="Maintenance Page should render TEST when maintenance is set as false" time="0.055">
    </testcase>
    <testcase classname="Maintenance Page should render correctly on desktop" name="Maintenance Page should render correctly on desktop" time="0.127">
    </testcase>
    <testcase classname="Maintenance Page should render correctly on mobile" name="Maintenance Page should render correctly on mobile" time="0.06">
    </testcase>
  </testsuite>
  <testsuite name="ForgetPassword - Confirm" errors="0" failures="0" skipped="0" timestamp="2023-03-02T19:53:09" time="7.743" tests="2">
    <testcase classname="ForgetPassword - Confirm Expect to match snapshot" name="ForgetPassword - Confirm Expect to match snapshot" time="0.091">
    </testcase>
    <testcase classname="ForgetPassword - Confirm Expect to call mocked function when the resend-link button is clicked" name="ForgetPassword - Confirm Expect to call mocked function when the resend-link button is clicked" time="0.023">
    </testcase>
  </testsuite>
  <testsuite name="Account - View Account" errors="0" failures="0" skipped="0" timestamp="2023-03-02T19:53:17" time="6.138" tests="2">
    <testcase classname="Account - View Account should match snapshot on desktop" name="Account - View Account should match snapshot on desktop" time="0.19">
    </testcase>
    <testcase classname="Account - View Account should match snapshot on mobile" name="Account - View Account should match snapshot on mobile" time="0.116">
    </testcase>
  </testsuite>
  <testsuite name="Product Card tests for invoice items" errors="0" failures="0" skipped="0" timestamp="2023-03-02T19:53:17" time="6.463" tests="2">
    <testcase classname="Product Card tests for invoice items Display invoice items when items are available" name="Product Card tests for invoice items Display invoice items when items are available" time="0.235">
    </testcase>
    <testcase classname="Product Card tests for invoice items Display no items found when there are no invoice items" name="Product Card tests for invoice items Display no items found when there are no invoice items" time="0.087">
    </testcase>
  </testsuite>
  <testsuite name="Product Card tests for invoice items" errors="0" failures="0" skipped="0" timestamp="2023-03-02T19:53:14" time="11.53" tests="2">
    <testcase classname="Product Card tests for invoice items Display invoice items when items are available" name="Product Card tests for invoice items Display invoice items when items are available" time="0.676">
    </testcase>
    <testcase classname="Product Card tests for invoice items Display no items found when there are no invoice items" name="Product Card tests for invoice items Display no items found when there are no invoice items" time="0.05">
    </testcase>
  </testsuite>
  <testsuite name="Checkout - Heading" errors="0" failures="0" skipped="0" timestamp="2023-03-02T19:53:16" time="11.541" tests="3">
    <testcase classname="Checkout - Heading should match snapshot on desktop" name="Checkout - Heading should match snapshot on desktop" time="0.06">
    </testcase>
    <testcase classname="Checkout - Heading should match snapshot on mobile" name="Checkout - Heading should match snapshot on mobile" time="0.023">
    </testcase>
    <testcase classname="Checkout - Heading expect to call actionCb" name="Checkout - Heading expect to call actionCb" time="0.047">
    </testcase>
  </testsuite>
  <testsuite name="getTypedKeys utils" errors="0" failures="0" skipped="0" timestamp="2023-03-02T19:53:27" time="0.484" tests="3">
    <testcase classname="getTypedKeys utils inStockLocation filter at the top of the filter list" name="getTypedKeys utils inStockLocation filter at the top of the filter list" time="0.002">
    </testcase>
    <testcase classname="getTypedKeys utils expect getInitialFilterRefs to return null mapped values" name="getTypedKeys utils expect getInitialFilterRefs to return null mapped values" time="0.001">
    </testcase>
    <testcase classname="getTypedKeys utils expect getKeyFromValue get object key from value" name="getTypedKeys utils expect getKeyFromValue get object key from value" time="0.001">
    </testcase>
  </testsuite>
  <testsuite name="Invoice - SummaryCard" errors="0" failures="0" skipped="0" timestamp="2023-03-02T19:53:24" time="6.266" tests="3">
    <testcase classname="Invoice - SummaryCard Should match snapshot when loading" name="Invoice - SummaryCard Should match snapshot when loading" time="0.098">
    </testcase>
    <testcase classname="Invoice - SummaryCard Should match snapshot with undefined invoice data" name="Invoice - SummaryCard Should match snapshot with undefined invoice data" time="0.028">
    </testcase>
    <testcase classname="Invoice - SummaryCard Should match snapshot with an invoice" name="Invoice - SummaryCard Should match snapshot with an invoice" time="0.027">
    </testcase>
  </testsuite>
  <testsuite name="Utils - trimSpaces" errors="0" failures="0" skipped="0" timestamp="2023-03-02T19:53:30" time="0.264" tests="5">
    <testcase classname="Utils - trimSpaces expect &quot;     string     &quot; to be trimed down to &quot;string&quot;" name="Utils - trimSpaces expect &quot;     string     &quot; to be trimed down to &quot;string&quot;" time="0.002">
    </testcase>
    <testcase classname="Utils - trimSpaces expect &quot;G          A   P&quot; to be trimed down to &quot;G A P&quot;" name="Utils - trimSpaces expect &quot;G          A   P&quot; to be trimed down to &quot;G A P&quot;" time="0">
    </testcase>
    <testcase classname="Utils - trimSpaces expect &quot; multiple spaces   thingy    &quot; to be trimed down to &quot;multiple spaces thingy&quot;" name="Utils - trimSpaces expect &quot; multiple spaces   thingy    &quot; to be trimed down to &quot;multiple spaces thingy&quot;" time="0">
    </testcase>
    <testcase classname="Utils - trimSpaces expect &quot;I am unaffected&quot; to be the same" name="Utils - trimSpaces expect &quot;I am unaffected&quot; to be the same" time="0">
    </testcase>
    <testcase classname="Utils - trimSpaces expect `undefined` to be the &quot;&quot;" name="Utils - trimSpaces expect `undefined` to be the &quot;&quot;" time="0.001">
    </testcase>
  </testsuite>
  <testsuite name="Support" errors="0" failures="0" skipped="0" timestamp="2023-03-02T19:53:23" time="8.351" tests="2">
    <testcase classname="Support should match snapshot on desktop" name="Support should match snapshot on desktop" time="0.695">
    </testcase>
    <testcase classname="Support should match snapshot on mobile" name="Support should match snapshot on mobile" time="0.323">
    </testcase>
  </testsuite>
  <testsuite name="CreditCard - CreditCardListItem" errors="0" failures="0" skipped="0" timestamp="2023-03-02T19:53:26" time="9.031" tests="3">
    <testcase classname="CreditCard - CreditCardListItem expect to match snapshot with minimum props" name="CreditCard - CreditCardListItem expect to match snapshot with minimum props" time="0.069">
    </testcase>
    <testcase classname="CreditCard - CreditCardListItem expect to match snapshot as expired" name="CreditCard - CreditCardListItem expect to match snapshot as expired" time="0.024">
    </testcase>
    <testcase classname="CreditCard - CreditCardListItem expect to match snapshot to hide everything" name="CreditCard - CreditCardListItem expect to match snapshot to hide everything" time="0.014">
    </testcase>
  </testsuite>
  <testsuite name="Invite" errors="0" failures="0" skipped="0" timestamp="2023-03-02T19:53:28" time="10.12" tests="3">
    <testcase classname="Invite Expect to match snapshot on desktop" name="Invite Expect to match snapshot on desktop" time="0.539">
    </testcase>
    <testcase classname="Invite Expect to match snapshot on mobile" name="Invite Expect to match snapshot on mobile" time="0.264">
    </testcase>
    <testcase classname="Invite Expect to match snapshot when loading" name="Invite Expect to match snapshot when loading" time="0.284">
    </testcase>
  </testsuite>
  <testsuite name="CreditCard - util/creditCardhandles" errors="0" failures="0" skipped="0" timestamp="2023-03-02T19:53:38" time="0.34" tests="2">
    <testcase classname="CreditCard - util/creditCardhandles expect `handleSavedCardChange` to call mocked function" name="CreditCard - util/creditCardhandles expect `handleSavedCardChange` to call mocked function" time="0.003">
    </testcase>
    <testcase classname="CreditCard - util/creditCardhandles expect `handleSubmit` to call mocked function" name="CreditCard - util/creditCardhandles expect `handleSubmit` to call mocked function" time="0.001">
    </testcase>
  </testsuite>
  <testsuite name="Home - Login and Support" errors="0" failures="0" skipped="0" timestamp="2023-03-02T19:53:31" time="6.711" tests="2">
    <testcase classname="Home - Login and Support Render CallABranch link" name="Home - Login and Support Render CallABranch link" time="0.109">
    </testcase>
    <testcase classname="Home - Login and Support Redirect to LocationSearch page when CallABranch is clicked" name="Home - Login and Support Redirect to LocationSearch page when CallABranch is clicked" time="0.133">
    </testcase>
  </testsuite>
  <testsuite name="Common - Alerts" errors="0" failures="0" skipped="0" timestamp="2023-03-02T19:53:30" time="7.717" tests="3">
    <testcase classname="Common - Alerts Should match the snapshot that renders nothing" name="Common - Alerts Should match the snapshot that renders nothing" time="0.051">
    </testcase>
    <testcase classname="Common - Alerts Should match the snapshot that renders the alert dialog on desktop" name="Common - Alerts Should match the snapshot that renders the alert dialog on desktop" time="0.131">
    </testcase>
    <testcase classname="Common - Alerts Should match the snapshot that renders the alert dialog on mobile" name="Common - Alerts Should match the snapshot that renders the alert dialog on mobile" time="0.045">
    </testcase>
  </testsuite>
  <testsuite name="common - TablePageLayout - util - TableRendererFooter" errors="0" failures="0" skipped="0" timestamp="2023-03-02T19:53:35" time="5.756" tests="2">
    <testcase classname="common - TablePageLayout - util - TableRendererFooter expect to match snapshot on desktop" name="common - TablePageLayout - util - TableRendererFooter expect to match snapshot on desktop" time="0.057">
    </testcase>
    <testcase classname="common - TablePageLayout - util - TableRendererFooter expect to match snapshot on mobile" name="common - TablePageLayout - util - TableRendererFooter expect to match snapshot on mobile" time="0.03">
    </testcase>
  </testsuite>
  <testsuite name="error Handling" errors="0" failures="0" skipped="0" timestamp="2023-03-02T19:53:41" time="0.33" tests="4">
    <testcase classname="error Handling parses the error properly" name="error Handling parses the error properly" time="0.004">
    </testcase>
    <testcase classname="error Handling returns empty array when message is empty" name="error Handling returns empty array when message is empty" time="0">
    </testcase>
    <testcase classname="error Handling absorbs the error and parse correctly" name="error Handling absorbs the error and parse correctly" time="0.001">
    </testcase>
    <testcase classname="error Handling returns [] when messages type is not array" name="error Handling returns [] when messages type is not array" time="0">
    </testcase>
  </testsuite>
  <testsuite name="Invoice - InfoCard" errors="0" failures="0" skipped="0" timestamp="2023-03-02T19:53:38" time="5.618" tests="4">
    <testcase classname="Invoice - InfoCard Should match snapshot when loading" name="Invoice - InfoCard Should match snapshot when loading" time="0.088">
    </testcase>
    <testcase classname="Invoice - InfoCard Should match snapshot when loading invoice data" name="Invoice - InfoCard Should match snapshot when loading invoice data" time="0.04">
    </testcase>
    <testcase classname="Invoice - InfoCard Should match snapshot after invoice data is loaded" name="Invoice - InfoCard Should match snapshot after invoice data is loaded" time="0.046">
    </testcase>
    <testcase classname="Invoice - InfoCard Should match snapshot with undefined Invoice data" name="Invoice - InfoCard Should match snapshot with undefined Invoice data" time="0.03">
    </testcase>
  </testsuite>
  <testsuite name="common - TablePageLayout - TableRenderer" errors="0" failures="0" skipped="0" timestamp="2023-03-02T19:53:38" time="5.516" tests="2">
    <testcase classname="common - TablePageLayout - TableRenderer Expect to match snapshot with basic props on desktop" name="common - TablePageLayout - TableRenderer Expect to match snapshot with basic props on desktop" time="0.076">
    </testcase>
    <testcase classname="common - TablePageLayout - TableRenderer Expect to match snapshot with basic props on mobile" name="common - TablePageLayout - TableRenderer Expect to match snapshot with basic props on mobile" time="0.038">
    </testcase>
  </testsuite>
  <testsuite name="Checkout - CustomAddress" errors="0" failures="0" skipped="0" timestamp="2023-03-02T19:53:38" time="5.915" tests="2">
    <testcase classname="Checkout - CustomAddress should match snapshot" name="Checkout - CustomAddress should match snapshot" time="0.319">
    </testcase>
    <testcase classname="Checkout - CustomAddress expect error messages to pop up when submitting without inputs" name="Checkout - CustomAddress expect error messages to pop up when submitting without inputs" time="0.277">
    </testcase>
  </testsuite>
  <testsuite name="Remove Cart Items Dialog" errors="0" failures="0" skipped="0" timestamp="2023-03-02T19:53:44" time="5.817" tests="2">
    <testcase classname="Remove Cart Items Dialog Snapshot match with data" name="Remove Cart Items Dialog Snapshot match with data" time="0.175">
    </testcase>
    <testcase classname="Remove Cart Items Dialog Close Button click test" name="Remove Cart Items Dialog Close Button click test" time="0.058">
    </testcase>
  </testsuite>
  <testsuite name="Quotes test" errors="0" failures="0" skipped="0" timestamp="2023-03-02T19:53:41" time="8.322" tests="2">
    <testcase classname="Quotes test should match snapshot on desktop" name="Quotes test should match snapshot on desktop" time="0.781">
    </testcase>
    <testcase classname="Quotes test should match snapshot on mobile" name="Quotes test should match snapshot on mobile" time="1.694">
    </testcase>
  </testsuite>
  <testsuite name="Common - Loader" errors="0" failures="0" skipped="0" timestamp="2023-03-02T19:53:44" time="7.425" tests="4">
    <testcase classname="Common - Loader expect loader to match snapshot" name="Common - Loader expect loader to match snapshot" time="0.055">
    </testcase>
    <testcase classname="Common - Loader expect loader to match snapshot with backdrop" name="Common - Loader expect loader to match snapshot with backdrop" time="0.017">
    </testcase>
    <testcase classname="Common - Loader expect loader to match snapshot with `page` size" name="Common - Loader expect loader to match snapshot with `page` size" time="0.02">
    </testcase>
    <testcase classname="Common - Loader expect loader to match snapshot with `flex` size" name="Common - Loader expect loader to match snapshot with `flex` size" time="0.018">
    </testcase>
  </testsuite>
  <testsuite name="Branch Management" errors="0" failures="0" skipped="0" timestamp="2023-03-02T19:53:44" time="8.128" tests="1">
    <testcase classname="Branch Management Should render page when permissions are set" name="Branch Management Should render page when permissions are set" time="0.478">
    </testcase>
  </testsuite>
  <testsuite name="common - AccordionWrapper" errors="0" failures="0" skipped="0" timestamp="2023-03-02T19:53:50" time="7.623" tests="2">
    <testcase classname="common - AccordionWrapper expect to match snapshot" name="common - AccordionWrapper expect to match snapshot" time="0.162">
    </testcase>
    <testcase classname="common - AccordionWrapper expect to match snapshot as warning variant" name="common - AccordionWrapper expect to match snapshot as warning variant" time="0.072">
    </testcase>
  </testsuite>
  <testsuite name="Purchased Products" errors="0" failures="0" skipped="0" timestamp="2023-03-02T19:53:52" time="6.728" tests="2">
    <testcase classname="Purchased Products Renders Purchased Products in desktop" name="Purchased Products Renders Purchased Products in desktop" time="0.181">
    </testcase>
    <testcase classname="Purchased Products Renders Purchased Products in mobile" name="Purchased Products Renders Purchased Products in mobile" time="0.19">
    </testcase>
  </testsuite>
  <testsuite name="translations" errors="0" failures="0" skipped="0" timestamp="2023-03-02T19:53:59" time="0.313" tests="1">
    <testcase classname="translations should return the translations" name="translations should return the translations" time="0.002">
    </testcase>
  </testsuite>
  <testsuite name="SearchFilters component tests" errors="0" failures="0" skipped="0" timestamp="2023-03-02T19:53:52" time="7.509" tests="1">
    <testcase classname="SearchFilters component tests Should make separate calls for the product and the pricing &amp; availability" name="SearchFilters component tests Should make separate calls for the product and the pricing &amp; availability" time="1.219">
    </testcase>
  </testsuite>
  <testsuite name="Register" errors="0" failures="0" skipped="0" timestamp="2023-03-02T19:53:50" time="10.785" tests="1">
    <testcase classname="Register Should render the register page" name="Register Should render the register page" time="0.126">
    </testcase>
  </testsuite>
  <testsuite name="Utils - localStorage" errors="0" failures="0" skipped="0" timestamp="2023-03-02T19:54:01" time="1.187" tests="2">
    <testcase classname="Utils - localStorage expect setting an item with no userId" name="Utils - localStorage expect setting an item with no userId" time="0.003">
    </testcase>
    <testcase classname="Utils - localStorage expect setting an item with userId" name="Utils - localStorage expect setting an item with userId" time="0.001">
    </testcase>
  </testsuite>
  <testsuite name="Home - Landing" errors="0" failures="0" skipped="0" timestamp="2023-03-02T19:53:58" time="7.606" tests="2">
    <testcase classname="Home - Landing Match snapshot with hero text" name="Home - Landing Match snapshot with hero text" time="0.307">
    </testcase>
    <testcase classname="Home - Landing Match snapshot with hero sub" name="Home - Landing Match snapshot with hero sub" time="0.071">
    </testcase>
  </testsuite>
  <testsuite name="common - Overlay" errors="0" failures="0" skipped="0" timestamp="2023-03-02T19:53:59" time="7.541" tests="2">
    <testcase classname="common - Overlay Should match snapshot with the bare minimum props" name="common - Overlay Should match snapshot with the bare minimum props" time="0.043">
    </testcase>
    <testcase classname="common - Overlay Should match snapshot with the valid props" name="common - Overlay Should match snapshot with the valid props" time="0.03">
    </testcase>
  </testsuite>
  <testsuite name="common - BackToTop" errors="0" failures="0" skipped="0" timestamp="2023-03-02T19:53:59" time="8.087" tests="2">
    <testcase classname="common - BackToTop should match snapshot" name="common - BackToTop should match snapshot" time="0.074">
    </testcase>
    <testcase classname="common - BackToTop should call `window.scrollTo` when the button is clicked" name="common - BackToTop should call `window.scrollTo` when the button is clicked" time="0.025">
    </testcase>
  </testsuite>
  <testsuite name="Brands - BigDog" errors="0" failures="0" skipped="0" timestamp="2023-03-02T19:54:02" time="6.229" tests="2">
    <testcase classname="Brands - BigDog index should match the snapshot on desktop" name="Brands - BigDog index should match the snapshot on desktop" time="0.189">
    </testcase>
    <testcase classname="Brands - BigDog index should match the snapshot on mobile" name="Brands - BigDog index should match the snapshot on mobile" time="0.125">
    </testcase>
  </testsuite>
  <testsuite name="Contracts - util/useContractsData" errors="0" failures="0" skipped="0" timestamp="2023-03-02T19:54:06" time="5.35" tests="3">
    <testcase classname="Contracts - util/useContractsData expect `sortByMemo` to return &quot;lastRelease&quot;" name="Contracts - util/useContractsData expect `sortByMemo` to return &quot;lastRelease&quot;" time="0.002">
    </testcase>
    <testcase classname="Contracts - util/useContractsData expect `sortByMemo` to return &quot;firstRelease&quot;" name="Contracts - util/useContractsData expect `sortByMemo` to return &quot;firstRelease&quot;" time="0.001">
    </testcase>
    <testcase classname="Contracts - util/useContractsData expect `sortByMemo` to return &quot;other&quot;" name="Contracts - util/useContractsData expect `sortByMemo` to return &quot;other&quot;" time="0">
    </testcase>
  </testsuite>
  <testsuite name="Checkout - DeliveryMethod" errors="0" failures="0" skipped="0" timestamp="2023-03-02T19:54:07" time="5.806" tests="2">
    <testcase classname="Checkout - DeliveryMethod should match snapshot on desktop" name="Checkout - DeliveryMethod should match snapshot on desktop" time="0.178">
    </testcase>
    <testcase classname="Checkout - DeliveryMethod should match snapshot on mobile" name="Checkout - DeliveryMethod should match snapshot on mobile" time="0.098">
    </testcase>
  </testsuite>
  <testsuite name="Cart - Warning" errors="0" failures="0" skipped="0" timestamp="2023-03-02T19:54:08" time="5.226" tests="2">
    <testcase classname="Cart - Warning expect to match snapshop on desktop" name="Cart - Warning expect to match snapshop on desktop" time="0.059">
    </testcase>
    <testcase classname="Cart - Warning expect to match snapshop on mobile" name="Cart - Warning expect to match snapshop on mobile" time="0.028">
    </testcase>
  </testsuite>
  <testsuite name="Brands - Posh" errors="0" failures="0" skipped="0" timestamp="2023-03-02T19:54:07" time="6.271" tests="2">
    <testcase classname="Brands - Posh index should match the snapshot on desktop" name="Brands - Posh index should match the snapshot on desktop" time="0.271">
    </testcase>
    <testcase classname="Brands - Posh index should match the snapshot on mobile" name="Brands - Posh index should match the snapshot on mobile" time="0.25">
    </testcase>
  </testsuite>
  <testsuite name="Decode HTML entities" errors="0" failures="0" skipped="0" timestamp="2023-03-02T19:54:14" time="1.185" tests="4">
    <testcase classname="Decode HTML entities returns an empty string when nothing is provided" name="Decode HTML entities returns an empty string when nothing is provided" time="0.006">
    </testcase>
    <testcase classname="Decode HTML entities format &amp;quot; to &quot;" name="Decode HTML entities format &amp;quot; to &quot;" time="0.002">
    </testcase>
    <testcase classname="Decode HTML entities format &amp;#39; to &apos;" name="Decode HTML entities format &amp;#39; to &apos;" time="0.002">
    </testcase>
    <testcase classname="Decode HTML entities format &amp;#x2F; to /" name="Decode HTML entities format &amp;#x2F; to /" time="0.001">
    </testcase>
  </testsuite>
  <testsuite name="Cart - Warning" errors="0" failures="0" skipped="0" timestamp="2023-03-02T19:54:13" time="6.822" tests="2">
    <testcase classname="Cart - Warning expect to match snapshop on desktop" name="Cart - Warning expect to match snapshop on desktop" time="0.066">
    </testcase>
    <testcase classname="Cart - Warning expect to match snapshop on mobile" name="Cart - Warning expect to match snapshop on mobile" time="0.02">
    </testcase>
  </testsuite>
  <testsuite name="Brands" errors="0" failures="0" skipped="0" timestamp="2023-03-02T19:54:14" time="7.876" tests="2">
    <testcase classname="Brands Should match snapshot on desktop" name="Brands Should match snapshot on desktop" time="0.131">
    </testcase>
    <testcase classname="Brands Should match snapshot on mobile" name="Brands Should match snapshot on mobile" time="0.056">
    </testcase>
  </testsuite>
  <testsuite name="statusMapping util" errors="0" failures="0" skipped="0" timestamp="2023-03-02T19:54:22" time="0.259" tests="3">
    <testcase classname="statusMapping util should return &quot;delivery&quot; without an underscore in status" name="statusMapping util should return &quot;delivery&quot; without an underscore in status" time="0.002">
    </testcase>
    <testcase classname="statusMapping util should return &quot;delivery&quot; with an underscore in status" name="statusMapping util should return &quot;delivery&quot; with an underscore in status" time="0">
    </testcase>
    <testcase classname="statusMapping util should return `undefined`with an underscore in status" name="statusMapping util should return `undefined`with an underscore in status" time="0.001">
    </testcase>
  </testsuite>
  <testsuite name="stateCodes util" errors="0" failures="0" skipped="0" timestamp="2023-03-02T19:54:22" time="0.264" tests="3">
    <testcase classname="stateCodes util should return correct state code for the state name" name="stateCodes util should return correct state code for the state name" time="0.003">
    </testcase>
    <testcase classname="stateCodes util should return correct state code for the state name with multiple words" name="stateCodes util should return correct state code for the state name with multiple words" time="0.001">
    </testcase>
    <testcase classname="stateCodes util should return undefined for incorrect state code" name="stateCodes util should return undefined for incorrect state code" time="0.001">
    </testcase>
  </testsuite>
  <testsuite name="Utils - formatOktaErrors" errors="0" failures="0" skipped="0" timestamp="2023-03-02T19:54:22" time="0.257" tests="1">
    <testcase classname="Utils - formatOktaErrors should return only the error message" name="Utils - formatOktaErrors should return only the error message" time="0.002">
    </testcase>
  </testsuite>
  <testsuite name="Company" errors="0" failures="0" skipped="0" timestamp="2023-03-02T19:54:15" time="8.825" tests="2">
    <testcase classname="Company Should match snapshop on desktop" name="Company Should match snapshop on desktop" time="0.105">
    </testcase>
    <testcase classname="Company Should match snapshop on mobile" name="Company Should match snapshop on mobile" time="0.064">
    </testcase>
  </testsuite>
  <testsuite name="CreditCard - util/useCreditCardForm" errors="0" failures="0" skipped="0" timestamp="2023-03-02T19:54:24" time="0.397" tests="1">
    <testcase classname="CreditCard - util/useCreditCardForm Expect `submitCreditCardForm` to call mocked function" name="CreditCard - util/useCreditCardForm Expect `submitCreditCardForm` to call mocked function" time="0.002">
    </testcase>
  </testsuite>
  <testsuite name="formatNonNegativeFields" errors="0" failures="0" skipped="0" timestamp="2023-03-02T19:54:24" time="0.266" tests="3">
    <testcase classname="formatNonNegativeFields With Negative Value" name="formatNonNegativeFields With Negative Value" time="0.002">
    </testcase>
    <testcase classname="formatNonNegativeFields With Positive Value" name="formatNonNegativeFields With Positive Value" time="0">
    </testcase>
    <testcase classname="formatNonNegativeFields With No Value" name="formatNonNegativeFields With No Value" time="0">
    </testcase>
  </testsuite>
  <testsuite name="Works For You" errors="0" failures="0" skipped="0" timestamp="2023-03-02T19:54:11" time="14.131" tests="2">
    <testcase classname="Works For You should match the snapshot on desktop" name="Works For You should match the snapshot on desktop" time="0.095">
    </testcase>
    <testcase classname="Works For You should match the snapshot on mobile" name="Works For You should match the snapshot on mobile" time="0.053">
    </testcase>
  </testsuite>
  <testsuite name="AboutUs" errors="0" failures="0" skipped="0" timestamp="2023-03-02T19:54:20" time="8.599" tests="2">
    <testcase classname="AboutUs Should match snapshop on desktop" name="AboutUs Should match snapshop on desktop" time="0.37">
    </testcase>
    <testcase classname="AboutUs Should match snapshop on mobile" name="AboutUs Should match snapshop on mobile" time="1.13">
    </testcase>
  </testsuite>
  <testsuite name="utils - inputTestId" errors="0" failures="0" skipped="0" timestamp="2023-03-02T19:54:22" time="6.839" tests="2">
    <testcase classname="utils - inputTestId expect to return data-testid" name="utils - inputTestId expect to return data-testid" time="0.01">
    </testcase>
    <testcase classname="utils - inputTestId expect to match snapshot of radio" name="utils - inputTestId expect to match snapshot of radio" time="0.36">
    </testcase>
  </testsuite>
  <testsuite name="Utils - currency" errors="0" failures="0" skipped="0" timestamp="2023-03-02T19:54:31" time="2.117" tests="2">
    <testcase classname="Utils - currency converts number string to dollars" name="Utils - currency converts number string to dollars" time="0.005">
    </testcase>
    <testcase classname="Utils - currency converts whole number string, including cents, to dollars" name="Utils - currency converts whole number string, including cents, to dollars" time="0.001">
    </testcase>
  </testsuite>
  <testsuite name="Utils - useScrollToTop" errors="0" failures="0" skipped="0" timestamp="2023-03-02T19:54:25" time="8.676" tests="1">
    <testcase classname="Utils - useScrollToTop ScrollToTop scrolls to (0,0) when loaded" name="Utils - useScrollToTop ScrollToTop scrolls to (0,0) when loaded" time="0.066">
    </testcase>
  </testsuite>
  <testsuite name="Contract Details - Data" errors="0" failures="0" skipped="0" timestamp="2023-03-02T19:54:29" time="8.329" tests="1">
    <testcase classname="Contract Details - Data Expect the data memo to filter out Mincron accounts" name="Contract Details - Data Expect the data memo to filter out Mincron accounts" time="0.003">
    </testcase>
  </testsuite>
  <testsuite name="Previously Purchased Products" errors="0" failures="0" skipped="0" timestamp="2023-03-02T19:54:26" time="11.598" tests="1">
    <testcase classname="Previously Purchased Products Render CheckNearbyBranches" name="Previously Purchased Products Render CheckNearbyBranches" time="0.089">
    </testcase>
  </testsuite>
  <testsuite name="CreditCard - CreditCardCallback" errors="0" failures="0" skipped="0" timestamp="2023-03-02T19:54:33" time="6.608" tests="1">
    <testcase classname="CreditCard - CreditCardCallback Expect to match snapshot" name="CreditCard - CreditCardCallback Expect to match snapshot" time="0.088">
    </testcase>
  </testsuite>
  <testsuite name="Test link" errors="0" failures="0" skipped="0" timestamp="2023-03-02T19:54:33" time="10.067" tests="1">
    <testcase classname="Test link Render link" name="Test link Render link" time="0.041">
    </testcase>
  </testsuite>
  <testsuite name="Portal" errors="0" failures="0" skipped="0" timestamp="2023-03-02T19:54:37" time="6.776" tests="1">
    <testcase classname="Portal Should match snapshot" name="Portal Should match snapshot" time="0.079">
    </testcase>
  </testsuite>
</testsuites>